running egg_info
creating ../../build/rqt_cfw11_gui/rqt_cfw11_gui.egg-info
writing ../../build/rqt_cfw11_gui/rqt_cfw11_gui.egg-info/PKG-INFO
writing dependency_links to ../../build/rqt_cfw11_gui/rqt_cfw11_gui.egg-info/dependency_links.txt
writing entry points to ../../build/rqt_cfw11_gui/rqt_cfw11_gui.egg-info/entry_points.txt
writing requirements to ../../build/rqt_cfw11_gui/rqt_cfw11_gui.egg-info/requires.txt
writing top-level names to ../../build/rqt_cfw11_gui/rqt_cfw11_gui.egg-info/top_level.txt
writing manifest file '../../build/rqt_cfw11_gui/rqt_cfw11_gui.egg-info/SOURCES.txt'
reading manifest file '../../build/rqt_cfw11_gui/rqt_cfw11_gui.egg-info/SOURCES.txt'
writing manifest file '../../build/rqt_cfw11_gui/rqt_cfw11_gui.egg-info/SOURCES.txt'
running build
running build_py
creating /home/ciscor/CISCOR-projects/build/rqt_cfw11_gui/build
creating /home/ciscor/CISCOR-projects/build/rqt_cfw11_gui/build/lib
creating /home/ciscor/CISCOR-projects/build/rqt_cfw11_gui/build/lib/rqt_cfw11_gui
copying rqt_cfw11_gui/my_plugin.py -> /home/ciscor/CISCOR-projects/build/rqt_cfw11_gui/build/lib/rqt_cfw11_gui
copying rqt_cfw11_gui/__init__.py -> /home/ciscor/CISCOR-projects/build/rqt_cfw11_gui/build/lib/rqt_cfw11_gui
copying rqt_cfw11_gui/gui_widget.py -> /home/ciscor/CISCOR-projects/build/rqt_cfw11_gui/build/lib/rqt_cfw11_gui
running install
running install_lib
creating /home/ciscor/CISCOR-projects/install/rqt_cfw11_gui/lib/python3.12/site-packages/rqt_cfw11_gui
copying /home/ciscor/CISCOR-projects/build/rqt_cfw11_gui/build/lib/rqt_cfw11_gui/my_plugin.py -> /home/ciscor/CISCOR-projects/install/rqt_cfw11_gui/lib/python3.12/site-packages/rqt_cfw11_gui
copying /home/ciscor/CISCOR-projects/build/rqt_cfw11_gui/build/lib/rqt_cfw11_gui/__init__.py -> /home/ciscor/CISCOR-projects/install/rqt_cfw11_gui/lib/python3.12/site-packages/rqt_cfw11_gui
copying /home/ciscor/CISCOR-projects/build/rqt_cfw11_gui/build/lib/rqt_cfw11_gui/gui_widget.py -> /home/ciscor/CISCOR-projects/install/rqt_cfw11_gui/lib/python3.12/site-packages/rqt_cfw11_gui
byte-compiling /home/ciscor/CISCOR-projects/install/rqt_cfw11_gui/lib/python3.12/site-packages/rqt_cfw11_gui/my_plugin.py to my_plugin.cpython-312.pyc
byte-compiling /home/ciscor/CISCOR-projects/install/rqt_cfw11_gui/lib/python3.12/site-packages/rqt_cfw11_gui/__init__.py to __init__.cpython-312.pyc
byte-compiling /home/ciscor/CISCOR-projects/install/rqt_cfw11_gui/lib/python3.12/site-packages/rqt_cfw11_gui/gui_widget.py to gui_widget.cpython-312.pyc
running install_data
copying package.xml -> /home/ciscor/CISCOR-projects/install/rqt_cfw11_gui/share/rqt_cfw11_gui
creating /home/ciscor/CISCOR-projects/install/rqt_cfw11_gui/share/rqt_cfw11_gui/resource
copying resource/plugin.xml -> /home/ciscor/CISCOR-projects/install/rqt_cfw11_gui/share/rqt_cfw11_gui/resource
copying resource/MyPlugin.ui -> /home/ciscor/CISCOR-projects/install/rqt_cfw11_gui/share/rqt_cfw11_gui/resource
creating /home/ciscor/CISCOR-projects/install/rqt_cfw11_gui/share/ament_index
creating /home/ciscor/CISCOR-projects/install/rqt_cfw11_gui/share/ament_index/resource_index
creating /home/ciscor/CISCOR-projects/install/rqt_cfw11_gui/share/ament_index/resource_index/packages
copying resource/rqt_cfw11_gui -> /home/ciscor/CISCOR-projects/install/rqt_cfw11_gui/share/ament_index/resource_index/packages
running install_egg_info
Copying ../../build/rqt_cfw11_gui/rqt_cfw11_gui.egg-info to /home/ciscor/CISCOR-projects/install/rqt_cfw11_gui/lib/python3.12/site-packages/rqt_cfw11_gui-0.0.0-py3.12.egg-info
running install_scripts
writing list of installed files to '/home/ciscor/CISCOR-projects/build/rqt_cfw11_gui/install.log'
