[1.601s] Invoking command in '/home/ciscor/CISCOR-projects/src/cfw11_ros2_control': DEBUGINFOD_URLS=https://debuginfod.ubuntu.com PYTHONPATH=/home/ciscor/CISCOR-projects/build/cfw11_ros2_control/prefix_override:/usr/lib/python3/dist-packages/colcon_core/task/python/colcon_distutils_commands:/home/ciscor/CISCOR-projects/install/cfw11_ros2_control/lib/python3.12/site-packages:${PYTHONPATH} /usr/bin/python3 -W ignore:setup.py install is deprecated -W ignore:easy_install command is deprecated setup.py egg_info --egg-base ../../build/cfw11_ros2_control build --build-base /home/ciscor/CISCOR-projects/build/cfw11_ros2_control/build install --record /home/ciscor/CISCOR-projects/build/cfw11_ros2_control/install.log --single-version-externally-managed install_data
[1.934s] running egg_info
[1.960s] writing ../../build/cfw11_ros2_control/cfw11_ros2_control.egg-info/PKG-INFO
[1.960s] writing dependency_links to ../../build/cfw11_ros2_control/cfw11_ros2_control.egg-info/dependency_links.txt
[1.960s] writing entry points to ../../build/cfw11_ros2_control/cfw11_ros2_control.egg-info/entry_points.txt
[1.960s] writing requirements to ../../build/cfw11_ros2_control/cfw11_ros2_control.egg-info/requires.txt
[1.961s] writing top-level names to ../../build/cfw11_ros2_control/cfw11_ros2_control.egg-info/top_level.txt
[2.012s] reading manifest file '../../build/cfw11_ros2_control/cfw11_ros2_control.egg-info/SOURCES.txt'
[2.013s] writing manifest file '../../build/cfw11_ros2_control/cfw11_ros2_control.egg-info/SOURCES.txt'
[2.013s] running build
[2.014s] running build_py
[2.017s] running install
[2.023s] running install_lib
[2.049s] running install_data
[2.050s] running install_egg_info
[2.078s] removing '/home/ciscor/CISCOR-projects/install/cfw11_ros2_control/lib/python3.12/site-packages/cfw11_ros2_control-0.1.0-py3.12.egg-info' (and everything under it)
[2.078s] Copying ../../build/cfw11_ros2_control/cfw11_ros2_control.egg-info to /home/ciscor/CISCOR-projects/install/cfw11_ros2_control/lib/python3.12/site-packages/cfw11_ros2_control-0.1.0-py3.12.egg-info
[2.079s] running install_scripts
[2.261s] Installing treadmill_node script to /home/ciscor/CISCOR-projects/install/cfw11_ros2_control/lib/cfw11_ros2_control
[2.263s] writing list of installed files to '/home/ciscor/CISCOR-projects/build/cfw11_ros2_control/install.log'
