[0.110s] DEBUG:colcon:Command line arguments: ['/usr/bin/colcon', 'build', '--packages-select', 'my_rqt_cfw11_gui']
[0.110s] DEBUG:colcon:Parsed command line arguments: Namespace(log_base=None, log_level=None, verb_name='build', build_base='build', install_base='install', merge_install=False, symlink_install=False, test_result_base=None, continue_on_error=False, executor='parallel', parallel_workers=4, event_handlers=None, ignore_user_meta=False, metas=['./colcon.meta'], base_paths=['.'], packages_ignore=None, packages_ignore_regex=None, paths=None, packages_up_to=None, packages_up_to_regex=None, packages_above=None, packages_above_and_dependencies=None, packages_above_depth=None, packages_select_by_dep=None, packages_skip_by_dep=None, packages_skip_up_to=None, packages_select_build_failed=False, packages_skip_build_finished=False, packages_select_test_failures=False, packages_skip_test_passed=False, packages_select=['my_rqt_cfw11_gui'], packages_skip=None, packages_select_regex=None, packages_skip_regex=None, packages_start=None, packages_end=None, allow_overriding=[], cmake_args=None, cmake_target=None, cmake_target_skip_unavailable=False, cmake_clean_cache=False, cmake_clean_first=False, cmake_force_configure=False, ament_cmake_args=None, catkin_cmake_args=None, catkin_skip_building_tests=False, mixin_files=None, mixin=None, verb_parser=<colcon_mixin.mixin.mixin_argument.MixinArgumentDecorator object at 0x76c1b2b8c980>, verb_extension=<colcon_core.verb.build.BuildVerb object at 0x76c1b2b8c6e0>, main=<bound method BuildVerb.main of <colcon_core.verb.build.BuildVerb object at 0x76c1b2b8c6e0>>, mixin_verb=('build',))
[0.149s] Level 1:colcon.colcon_core.package_discovery:discover_packages(colcon_meta) check parameters
[0.149s] Level 1:colcon.colcon_core.package_discovery:discover_packages(recursive) check parameters
[0.149s] Level 1:colcon.colcon_core.package_discovery:discover_packages(ignore) check parameters
[0.149s] Level 1:colcon.colcon_core.package_discovery:discover_packages(path) check parameters
[0.149s] Level 1:colcon.colcon_core.package_discovery:discover_packages(colcon_meta) discover
[0.149s] Level 1:colcon.colcon_core.package_discovery:discover_packages(recursive) discover
[0.149s] INFO:colcon.colcon_core.package_discovery:Crawling recursively for packages in '/home/ciscor/CISCOR-projects/src'
[0.149s] Level 1:colcon.colcon_core.package_identification:_identify(.) by extensions ['ignore', 'ignore_ament_install']
[0.149s] Level 1:colcon.colcon_core.package_identification:_identify(.) by extension 'ignore'
[0.149s] Level 1:colcon.colcon_core.package_identification:_identify(.) by extension 'ignore_ament_install'
[0.149s] Level 1:colcon.colcon_core.package_identification:_identify(.) by extensions ['colcon_pkg']
[0.149s] Level 1:colcon.colcon_core.package_identification:_identify(.) by extension 'colcon_pkg'
[0.149s] Level 1:colcon.colcon_core.package_identification:_identify(.) by extensions ['colcon_meta']
[0.149s] Level 1:colcon.colcon_core.package_identification:_identify(.) by extension 'colcon_meta'
[0.149s] Level 1:colcon.colcon_core.package_identification:_identify(.) by extensions ['ros']
[0.149s] Level 1:colcon.colcon_core.package_identification:_identify(.) by extension 'ros'
[0.173s] Level 1:colcon.colcon_core.package_identification:_identify(.) by extensions ['cmake', 'python']
[0.173s] Level 1:colcon.colcon_core.package_identification:_identify(.) by extension 'cmake'
[0.174s] Level 1:colcon.colcon_core.package_identification:_identify(.) by extension 'python'
[0.174s] Level 1:colcon.colcon_core.package_identification:_identify(.) by extensions ['python_setup_py']
[0.174s] Level 1:colcon.colcon_core.package_identification:_identify(.) by extension 'python_setup_py'
[0.174s] Level 1:colcon.colcon_core.package_identification:_identify(build) by extensions ['ignore', 'ignore_ament_install']
[0.174s] Level 1:colcon.colcon_core.package_identification:_identify(build) by extension 'ignore'
[0.174s] Level 1:colcon.colcon_core.package_identification:_identify(build) ignored
[0.174s] Level 1:colcon.colcon_core.package_identification:_identify(cfw11_ros2_control) by extensions ['ignore', 'ignore_ament_install']
[0.174s] Level 1:colcon.colcon_core.package_identification:_identify(cfw11_ros2_control) by extension 'ignore'
[0.174s] Level 1:colcon.colcon_core.package_identification:_identify(cfw11_ros2_control) by extension 'ignore_ament_install'
[0.174s] Level 1:colcon.colcon_core.package_identification:_identify(cfw11_ros2_control) by extensions ['colcon_pkg']
[0.174s] Level 1:colcon.colcon_core.package_identification:_identify(cfw11_ros2_control) by extension 'colcon_pkg'
[0.174s] Level 1:colcon.colcon_core.package_identification:_identify(cfw11_ros2_control) by extensions ['colcon_meta']
[0.174s] Level 1:colcon.colcon_core.package_identification:_identify(cfw11_ros2_control) by extension 'colcon_meta'
[0.174s] Level 1:colcon.colcon_core.package_identification:_identify(cfw11_ros2_control) by extensions ['ros']
[0.174s] Level 1:colcon.colcon_core.package_identification:_identify(cfw11_ros2_control) by extension 'ros'
[0.176s] DEBUG:colcon.colcon_core.package_identification:Package 'cfw11_ros2_control' with type 'ros.ament_python' and name 'cfw11_ros2_control'
[0.177s] Level 1:colcon.colcon_core.package_identification:_identify(install) by extensions ['ignore', 'ignore_ament_install']
[0.177s] Level 1:colcon.colcon_core.package_identification:_identify(install) by extension 'ignore'
[0.177s] Level 1:colcon.colcon_core.package_identification:_identify(install) ignored
[0.177s] Level 1:colcon.colcon_core.package_identification:_identify(log) by extensions ['ignore', 'ignore_ament_install']
[0.177s] Level 1:colcon.colcon_core.package_identification:_identify(log) by extension 'ignore'
[0.177s] Level 1:colcon.colcon_core.package_identification:_identify(log) ignored
[0.177s] Level 1:colcon.colcon_core.package_identification:_identify(my_rqt_cfw11_gui) by extensions ['ignore', 'ignore_ament_install']
[0.177s] Level 1:colcon.colcon_core.package_identification:_identify(my_rqt_cfw11_gui) by extension 'ignore'
[0.177s] Level 1:colcon.colcon_core.package_identification:_identify(my_rqt_cfw11_gui) by extension 'ignore_ament_install'
[0.177s] Level 1:colcon.colcon_core.package_identification:_identify(my_rqt_cfw11_gui) by extensions ['colcon_pkg']
[0.177s] Level 1:colcon.colcon_core.package_identification:_identify(my_rqt_cfw11_gui) by extension 'colcon_pkg'
[0.178s] Level 1:colcon.colcon_core.package_identification:_identify(my_rqt_cfw11_gui) by extensions ['colcon_meta']
[0.178s] Level 1:colcon.colcon_core.package_identification:_identify(my_rqt_cfw11_gui) by extension 'colcon_meta'
[0.178s] Level 1:colcon.colcon_core.package_identification:_identify(my_rqt_cfw11_gui) by extensions ['ros']
[0.178s] Level 1:colcon.colcon_core.package_identification:_identify(my_rqt_cfw11_gui) by extension 'ros'
[0.178s] DEBUG:colcon.colcon_core.package_identification:Package 'my_rqt_cfw11_gui' with type 'ros.catkin' and name 'my_rqt_cfw11_gui'
[0.178s] Level 1:colcon.colcon_core.package_discovery:discover_packages(recursive) using defaults
[0.178s] Level 1:colcon.colcon_core.package_discovery:discover_packages(ignore) discover
[0.178s] Level 1:colcon.colcon_core.package_discovery:discover_packages(ignore) using defaults
[0.178s] Level 1:colcon.colcon_core.package_discovery:discover_packages(path) discover
[0.178s] Level 1:colcon.colcon_core.package_discovery:discover_packages(path) using defaults
[0.195s] INFO:colcon.colcon_core.package_selection:Skipping not selected package 'cfw11_ros2_control' in 'cfw11_ros2_control'
[0.195s] Level 1:colcon.colcon_core.package_discovery:discover_packages(prefix_path) check parameters
[0.195s] Level 1:colcon.colcon_core.package_discovery:discover_packages(prefix_path) discover
[0.196s] WARNING:colcon.colcon_ros.prefix_path.ament:The path '/home/ciscor/CISCOR-projects/install/my_rqt_speed_slider' in the environment variable AMENT_PREFIX_PATH doesn't exist
[0.197s] DEBUG:colcon.colcon_installed_package_information.package_discovery:Found 1 installed packages in /home/ciscor/CISCOR-projects/install
[0.199s] DEBUG:colcon.colcon_installed_package_information.package_discovery:Found 290 installed packages in /opt/ros/jazzy
[0.200s] Level 1:colcon.colcon_core.package_discovery:discover_packages(prefix_path) using defaults
[0.246s] Level 5:colcon.colcon_core.verb:set package 'my_rqt_cfw11_gui' build argument 'cmake_args' from command line to 'None'
[0.246s] Level 5:colcon.colcon_core.verb:set package 'my_rqt_cfw11_gui' build argument 'cmake_target' from command line to 'None'
[0.246s] Level 5:colcon.colcon_core.verb:set package 'my_rqt_cfw11_gui' build argument 'cmake_target_skip_unavailable' from command line to 'False'
[0.246s] Level 5:colcon.colcon_core.verb:set package 'my_rqt_cfw11_gui' build argument 'cmake_clean_cache' from command line to 'False'
[0.246s] Level 5:colcon.colcon_core.verb:set package 'my_rqt_cfw11_gui' build argument 'cmake_clean_first' from command line to 'False'
[0.246s] Level 5:colcon.colcon_core.verb:set package 'my_rqt_cfw11_gui' build argument 'cmake_force_configure' from command line to 'False'
[0.246s] Level 5:colcon.colcon_core.verb:set package 'my_rqt_cfw11_gui' build argument 'ament_cmake_args' from command line to 'None'
[0.246s] Level 5:colcon.colcon_core.verb:set package 'my_rqt_cfw11_gui' build argument 'catkin_cmake_args' from command line to 'None'
[0.246s] Level 5:colcon.colcon_core.verb:set package 'my_rqt_cfw11_gui' build argument 'catkin_skip_building_tests' from command line to 'False'
[0.246s] DEBUG:colcon.colcon_core.verb:Building package 'my_rqt_cfw11_gui' with the following arguments: {'ament_cmake_args': None, 'build_base': '/home/ciscor/CISCOR-projects/src/build/my_rqt_cfw11_gui', 'catkin_cmake_args': None, 'catkin_skip_building_tests': False, 'cmake_args': None, 'cmake_clean_cache': False, 'cmake_clean_first': False, 'cmake_force_configure': False, 'cmake_target': None, 'cmake_target_skip_unavailable': False, 'install_base': '/home/ciscor/CISCOR-projects/src/install/my_rqt_cfw11_gui', 'merge_install': False, 'path': '/home/ciscor/CISCOR-projects/src/my_rqt_cfw11_gui', 'symlink_install': False, 'test_result_base': None}
[0.246s] INFO:colcon.colcon_core.executor:Executing jobs using 'parallel' executor
[0.247s] DEBUG:colcon.colcon_parallel_executor.executor.parallel:run_until_complete
[0.247s] INFO:colcon.colcon_ros.task.catkin.build:Building ROS package in '/home/ciscor/CISCOR-projects/src/my_rqt_cfw11_gui' with build type 'catkin'
[0.248s] INFO:colcon.colcon_cmake.task.cmake.build:Building CMake package in '/home/ciscor/CISCOR-projects/src/my_rqt_cfw11_gui'
[0.250s] INFO:colcon.colcon_core.plugin_system:Skipping extension 'colcon_core.shell.bat': Not used on non-Windows systems
[0.250s] INFO:colcon.colcon_core.shell:Skip shell extension 'powershell' for command environment: Not usable outside of PowerShell
[0.250s] DEBUG:colcon.colcon_core.shell:Skip shell extension 'dsv' for command environment
[0.258s] DEBUG:colcon.colcon_core.event_handler.log_command:Invoking command in '/home/ciscor/CISCOR-projects/src/build/my_rqt_cfw11_gui': DEBUGINFOD_URLS=https://debuginfod.ubuntu.com /usr/bin/cmake /home/ciscor/CISCOR-projects/src/my_rqt_cfw11_gui -DCATKIN_INSTALL_INTO_PREFIX_ROOT=0 -DCMAKE_INSTALL_PREFIX=/home/ciscor/CISCOR-projects/src/install/my_rqt_cfw11_gui
[0.270s] DEBUG:colcon.colcon_core.event_handler.log_command:Invoked command in '/home/ciscor/CISCOR-projects/src/build/my_rqt_cfw11_gui' returned '1': DEBUGINFOD_URLS=https://debuginfod.ubuntu.com /usr/bin/cmake /home/ciscor/CISCOR-projects/src/my_rqt_cfw11_gui -DCATKIN_INSTALL_INTO_PREFIX_ROOT=0 -DCMAKE_INSTALL_PREFIX=/home/ciscor/CISCOR-projects/src/install/my_rqt_cfw11_gui
[0.271s] Level 1:colcon.colcon_core.environment:create_environment_scripts_only(my_rqt_cfw11_gui)
[0.273s] Level 1:colcon.colcon_core.environment:checking '/home/ciscor/CISCOR-projects/src/install/my_rqt_cfw11_gui' for CMake module files
[0.273s] Level 1:colcon.colcon_core.environment:checking '/home/ciscor/CISCOR-projects/src/install/my_rqt_cfw11_gui' for CMake config files
[0.274s] Level 1:colcon.colcon_core.environment:checking '/home/ciscor/CISCOR-projects/src/install/my_rqt_cfw11_gui/lib'
[0.274s] Level 1:colcon.colcon_core.environment:checking '/home/ciscor/CISCOR-projects/src/install/my_rqt_cfw11_gui/bin'
[0.274s] Level 1:colcon.colcon_core.environment:checking '/home/ciscor/CISCOR-projects/src/install/my_rqt_cfw11_gui/lib/pkgconfig/my_rqt_cfw11_gui.pc'
[0.274s] Level 1:colcon.colcon_core.environment:checking '/home/ciscor/CISCOR-projects/src/install/my_rqt_cfw11_gui/lib/python3.12/site-packages'
[0.274s] Level 1:colcon.colcon_core.shell:create_environment_hook('my_rqt_cfw11_gui', 'pythonpath')
[0.275s] INFO:colcon.colcon_core.shell:Creating environment hook '/home/ciscor/CISCOR-projects/src/install/my_rqt_cfw11_gui/share/my_rqt_cfw11_gui/hook/pythonpath.ps1'
[0.275s] INFO:colcon.colcon_core.shell:Creating environment descriptor '/home/ciscor/CISCOR-projects/src/install/my_rqt_cfw11_gui/share/my_rqt_cfw11_gui/hook/pythonpath.dsv'
[0.276s] INFO:colcon.colcon_core.shell:Creating environment hook '/home/ciscor/CISCOR-projects/src/install/my_rqt_cfw11_gui/share/my_rqt_cfw11_gui/hook/pythonpath.sh'
[0.276s] Level 1:colcon.colcon_core.environment:checking '/home/ciscor/CISCOR-projects/src/install/my_rqt_cfw11_gui/bin'
[0.276s] INFO:colcon.colcon_core.shell:Creating package script '/home/ciscor/CISCOR-projects/src/install/my_rqt_cfw11_gui/share/my_rqt_cfw11_gui/package.ps1'
[0.277s] INFO:colcon.colcon_core.shell:Creating package descriptor '/home/ciscor/CISCOR-projects/src/install/my_rqt_cfw11_gui/share/my_rqt_cfw11_gui/package.dsv'
[0.278s] INFO:colcon.colcon_core.shell:Creating package script '/home/ciscor/CISCOR-projects/src/install/my_rqt_cfw11_gui/share/my_rqt_cfw11_gui/package.sh'
[0.279s] INFO:colcon.colcon_core.shell:Creating package script '/home/ciscor/CISCOR-projects/src/install/my_rqt_cfw11_gui/share/my_rqt_cfw11_gui/package.bash'
[0.279s] INFO:colcon.colcon_core.shell:Creating package script '/home/ciscor/CISCOR-projects/src/install/my_rqt_cfw11_gui/share/my_rqt_cfw11_gui/package.zsh'
[0.280s] Level 1:colcon.colcon_core.environment:create_file_with_runtime_dependencies(/home/ciscor/CISCOR-projects/src/install/my_rqt_cfw11_gui/share/colcon-core/packages/my_rqt_cfw11_gui)
[0.291s] DEBUG:colcon.colcon_parallel_executor.executor.parallel:closing loop
[0.291s] DEBUG:colcon.colcon_parallel_executor.executor.parallel:loop closed
[0.291s] DEBUG:colcon.colcon_parallel_executor.executor.parallel:run_until_complete finished with '1'
[0.291s] DEBUG:colcon.colcon_core.event_reactor:joining thread
[0.301s] INFO:colcon.colcon_core.plugin_system:Skipping extension 'colcon_notification.desktop_notification.terminal_notifier': Not used on non-Darwin systems
[0.301s] INFO:colcon.colcon_core.plugin_system:Skipping extension 'colcon_notification.desktop_notification.win32': Not used on non-Windows systems
[0.301s] INFO:colcon.colcon_notification.desktop_notification:Sending desktop notification using 'notify2'
[0.318s] DEBUG:colcon.colcon_core.event_reactor:joined thread
[0.319s] INFO:colcon.colcon_core.shell:Creating prefix script '/home/ciscor/CISCOR-projects/src/install/local_setup.ps1'
[0.320s] INFO:colcon.colcon_core.shell:Creating prefix util module '/home/ciscor/CISCOR-projects/src/install/_local_setup_util_ps1.py'
[0.322s] INFO:colcon.colcon_core.shell:Creating prefix chain script '/home/ciscor/CISCOR-projects/src/install/setup.ps1'
[0.323s] INFO:colcon.colcon_core.shell:Creating prefix script '/home/ciscor/CISCOR-projects/src/install/local_setup.sh'
[0.324s] INFO:colcon.colcon_core.shell:Creating prefix util module '/home/ciscor/CISCOR-projects/src/install/_local_setup_util_sh.py'
[0.325s] INFO:colcon.colcon_core.shell:Creating prefix chain script '/home/ciscor/CISCOR-projects/src/install/setup.sh'
[0.327s] INFO:colcon.colcon_core.shell:Creating prefix script '/home/ciscor/CISCOR-projects/src/install/local_setup.bash'
[0.327s] INFO:colcon.colcon_core.shell:Creating prefix chain script '/home/ciscor/CISCOR-projects/src/install/setup.bash'
[0.329s] INFO:colcon.colcon_core.shell:Creating prefix script '/home/ciscor/CISCOR-projects/src/install/local_setup.zsh'
[0.329s] INFO:colcon.colcon_core.shell:Creating prefix chain script '/home/ciscor/CISCOR-projects/src/install/setup.zsh'
