[0.915s] Invoking command in '/home/ciscor/CISCOR-projects/src/rqt_cfw11_gui': DEBUGINFOD_URLS=https://debuginfod.ubuntu.com PYTHONPATH=/home/ciscor/CISCOR-projects/build/rqt_cfw11_gui/prefix_override:/usr/lib/python3/dist-packages/colcon_core/task/python/colcon_distutils_commands:/home/ciscor/CISCOR-projects/install/rqt_cfw11_gui/lib/python3.12/site-packages:${PYTHONPATH} /usr/bin/python3 -W ignore:setup.py install is deprecated -W ignore:easy_install command is deprecated setup.py egg_info --egg-base ../../build/rqt_cfw11_gui build --build-base /home/ciscor/CISCOR-projects/build/rqt_cfw11_gui/build install --record /home/ciscor/CISCOR-projects/build/rqt_cfw11_gui/install.log --single-version-externally-managed install_data
[1.223s] running egg_info
[1.247s] writing ../../build/rqt_cfw11_gui/rqt_cfw11_gui.egg-info/PKG-INFO
[1.247s] writing dependency_links to ../../build/rqt_cfw11_gui/rqt_cfw11_gui.egg-info/dependency_links.txt
[1.247s] writing entry points to ../../build/rqt_cfw11_gui/rqt_cfw11_gui.egg-info/entry_points.txt
[1.247s] writing requirements to ../../build/rqt_cfw11_gui/rqt_cfw11_gui.egg-info/requires.txt
[1.247s] writing top-level names to ../../build/rqt_cfw11_gui/rqt_cfw11_gui.egg-info/top_level.txt
[1.295s] reading manifest file '../../build/rqt_cfw11_gui/rqt_cfw11_gui.egg-info/SOURCES.txt'
[1.296s] writing manifest file '../../build/rqt_cfw11_gui/rqt_cfw11_gui.egg-info/SOURCES.txt'
[1.296s] running build
[1.296s] running build_py
[1.297s] running install
[1.303s] running install_lib
[1.329s] running install_data
[1.329s] copying resource/MyPlugin.ui -> /home/ciscor/CISCOR-projects/install/rqt_cfw11_gui/share/rqt_cfw11_gui/resource
[1.329s] running install_egg_info
[1.354s] removing '/home/ciscor/CISCOR-projects/install/rqt_cfw11_gui/lib/python3.12/site-packages/rqt_cfw11_gui-0.0.0-py3.12.egg-info' (and everything under it)
[1.355s] Copying ../../build/rqt_cfw11_gui/rqt_cfw11_gui.egg-info to /home/ciscor/CISCOR-projects/install/rqt_cfw11_gui/lib/python3.12/site-packages/rqt_cfw11_gui-0.0.0-py3.12.egg-info
[1.356s] running install_scripts
[1.509s] writing list of installed files to '/home/ciscor/CISCOR-projects/build/rqt_cfw11_gui/install.log'
[1.545s] Invoked command in '/home/ciscor/CISCOR-projects/src/rqt_cfw11_gui' returned '0': DEBUGINFOD_URLS=https://debuginfod.ubuntu.com PYTHONPATH=/home/ciscor/CISCOR-projects/build/rqt_cfw11_gui/prefix_override:/usr/lib/python3/dist-packages/colcon_core/task/python/colcon_distutils_commands:/home/ciscor/CISCOR-projects/install/rqt_cfw11_gui/lib/python3.12/site-packages:${PYTHONPATH} /usr/bin/python3 -W ignore:setup.py install is deprecated -W ignore:easy_install command is deprecated setup.py egg_info --egg-base ../../build/rqt_cfw11_gui build --build-base /home/ciscor/CISCOR-projects/build/rqt_cfw11_gui/build install --record /home/ciscor/CISCOR-projects/build/rqt_cfw11_gui/install.log --single-version-externally-managed install_data
