[0.929s] Invoking command in '/home/ciscor/CISCOR-projects/src/cfw11_ros2_control': DEBUGINFOD_URLS=https://debuginfod.ubuntu.com PYTHONPATH=/home/ciscor/CISCOR-projects/build/cfw11_ros2_control/prefix_override:/usr/lib/python3/dist-packages/colcon_core/task/python/colcon_distutils_commands:/home/ciscor/CISCOR-projects/install/cfw11_ros2_control/lib/python3.12/site-packages:${PYTHONPATH} /usr/bin/python3 -W ignore:setup.py install is deprecated -W ignore:easy_install command is deprecated setup.py egg_info --egg-base ../../build/cfw11_ros2_control build --build-base /home/ciscor/CISCOR-projects/build/cfw11_ros2_control/build install --record /home/ciscor/CISCOR-projects/build/cfw11_ros2_control/install.log --single-version-externally-managed install_data
[1.226s] running egg_info
[1.226s] creating ../../build/cfw11_ros2_control/cfw11_ros2_control.egg-info
[1.248s] writing ../../build/cfw11_ros2_control/cfw11_ros2_control.egg-info/PKG-INFO
[1.249s] writing dependency_links to ../../build/cfw11_ros2_control/cfw11_ros2_control.egg-info/dependency_links.txt
[1.249s] writing entry points to ../../build/cfw11_ros2_control/cfw11_ros2_control.egg-info/entry_points.txt
[1.249s] writing requirements to ../../build/cfw11_ros2_control/cfw11_ros2_control.egg-info/requires.txt
[1.249s] writing top-level names to ../../build/cfw11_ros2_control/cfw11_ros2_control.egg-info/top_level.txt
[1.249s] writing manifest file '../../build/cfw11_ros2_control/cfw11_ros2_control.egg-info/SOURCES.txt'
[1.295s] reading manifest file '../../build/cfw11_ros2_control/cfw11_ros2_control.egg-info/SOURCES.txt'
[1.296s] writing manifest file '../../build/cfw11_ros2_control/cfw11_ros2_control.egg-info/SOURCES.txt'
[1.296s] running build
[1.296s] running build_py
[1.297s] creating /home/ciscor/CISCOR-projects/build/cfw11_ros2_control/build
[1.297s] creating /home/ciscor/CISCOR-projects/build/cfw11_ros2_control/build/lib
[1.297s] creating /home/ciscor/CISCOR-projects/build/cfw11_ros2_control/build/lib/cfw11_ros2_control
[1.297s] copying cfw11_ros2_control/__init__.py -> /home/ciscor/CISCOR-projects/build/cfw11_ros2_control/build/lib/cfw11_ros2_control
[1.297s] copying cfw11_ros2_control/treadmill_node.py -> /home/ciscor/CISCOR-projects/build/cfw11_ros2_control/build/lib/cfw11_ros2_control
[1.297s] running install
[1.304s] running install_lib
[1.329s] creating /home/ciscor/CISCOR-projects/install/cfw11_ros2_control/lib/python3.12/site-packages/cfw11_ros2_control
[1.329s] copying /home/ciscor/CISCOR-projects/build/cfw11_ros2_control/build/lib/cfw11_ros2_control/__init__.py -> /home/ciscor/CISCOR-projects/install/cfw11_ros2_control/lib/python3.12/site-packages/cfw11_ros2_control
[1.329s] copying /home/ciscor/CISCOR-projects/build/cfw11_ros2_control/build/lib/cfw11_ros2_control/treadmill_node.py -> /home/ciscor/CISCOR-projects/install/cfw11_ros2_control/lib/python3.12/site-packages/cfw11_ros2_control
[1.330s] byte-compiling /home/ciscor/CISCOR-projects/install/cfw11_ros2_control/lib/python3.12/site-packages/cfw11_ros2_control/__init__.py to __init__.cpython-312.pyc
[1.330s] byte-compiling /home/ciscor/CISCOR-projects/install/cfw11_ros2_control/lib/python3.12/site-packages/cfw11_ros2_control/treadmill_node.py to treadmill_node.cpython-312.pyc
[1.331s] running install_data
[1.331s] creating /home/ciscor/CISCOR-projects/install/cfw11_ros2_control/share/ament_index
[1.331s] creating /home/ciscor/CISCOR-projects/install/cfw11_ros2_control/share/ament_index/resource_index
[1.332s] creating /home/ciscor/CISCOR-projects/install/cfw11_ros2_control/share/ament_index/resource_index/packages
[1.332s] copying resource/cfw11_ros2_control -> /home/ciscor/CISCOR-projects/install/cfw11_ros2_control/share/ament_index/resource_index/packages
[1.332s] copying package.xml -> /home/ciscor/CISCOR-projects/install/cfw11_ros2_control/share/cfw11_ros2_control
[1.332s] running install_egg_info
[1.355s] Copying ../../build/cfw11_ros2_control/cfw11_ros2_control.egg-info to /home/ciscor/CISCOR-projects/install/cfw11_ros2_control/lib/python3.12/site-packages/cfw11_ros2_control-0.1.0-py3.12.egg-info
[1.356s] running install_scripts
[1.506s] Installing treadmill_node script to /home/ciscor/CISCOR-projects/install/cfw11_ros2_control/lib/cfw11_ros2_control
[1.507s] writing list of installed files to '/home/ciscor/CISCOR-projects/build/cfw11_ros2_control/install.log'
[1.544s] Invoked command in '/home/ciscor/CISCOR-projects/src/cfw11_ros2_control' returned '0': DEBUGINFOD_URLS=https://debuginfod.ubuntu.com PYTHONPATH=/home/ciscor/CISCOR-projects/build/cfw11_ros2_control/prefix_override:/usr/lib/python3/dist-packages/colcon_core/task/python/colcon_distutils_commands:/home/ciscor/CISCOR-projects/install/cfw11_ros2_control/lib/python3.12/site-packages:${PYTHONPATH} /usr/bin/python3 -W ignore:setup.py install is deprecated -W ignore:easy_install command is deprecated setup.py egg_info --egg-base ../../build/cfw11_ros2_control build --build-base /home/ciscor/CISCOR-projects/build/cfw11_ros2_control/build install --record /home/ciscor/CISCOR-projects/build/cfw11_ros2_control/install.log --single-version-externally-managed install_data
