[0.117s] DEBUG:colcon:Command line arguments: ['/usr/bin/colcon', 'build']
[0.118s] DEBUG:colcon:Parsed command line arguments: Namespace(log_base=None, log_level=None, verb_name='build', build_base='build', install_base='install', merge_install=False, symlink_install=False, test_result_base=None, continue_on_error=False, executor='parallel', parallel_workers=4, event_handlers=None, ignore_user_meta=False, metas=['./colcon.meta'], base_paths=['.'], packages_ignore=None, packages_ignore_regex=None, paths=None, packages_up_to=None, packages_up_to_regex=None, packages_above=None, packages_above_and_dependencies=None, packages_above_depth=None, packages_select_by_dep=None, packages_skip_by_dep=None, packages_skip_up_to=None, packages_select_build_failed=False, packages_skip_build_finished=False, packages_select_test_failures=False, packages_skip_test_passed=False, packages_select=None, packages_skip=None, packages_select_regex=None, packages_skip_regex=None, packages_start=None, packages_end=None, allow_overriding=[], cmake_args=None, cmake_target=None, cmake_target_skip_unavailable=False, cmake_clean_cache=False, cmake_clean_first=False, cmake_force_configure=False, ament_cmake_args=None, catkin_cmake_args=None, catkin_skip_building_tests=False, mixin_files=None, mixin=None, verb_parser=<colcon_mixin.mixin.mixin_argument.MixinArgumentDecorator object at 0x7f957a88cc50>, verb_extension=<colcon_core.verb.build.BuildVerb object at 0x7f957a88c950>, main=<bound method BuildVerb.main of <colcon_core.verb.build.BuildVerb object at 0x7f957a88c950>>, mixin_verb=('build',))
[0.162s] Level 1:colcon.colcon_core.package_discovery:discover_packages(colcon_meta) check parameters
[0.163s] INFO:colcon.colcon_metadata.package_discovery.colcon_meta:Empty metadata file '/home/ciscor/CISCOR-projects/colcon.meta'
[0.163s] Level 1:colcon.colcon_core.package_discovery:discover_packages(recursive) check parameters
[0.163s] Level 1:colcon.colcon_core.package_discovery:discover_packages(ignore) check parameters
[0.163s] Level 1:colcon.colcon_core.package_discovery:discover_packages(path) check parameters
[0.163s] Level 1:colcon.colcon_core.package_discovery:discover_packages(colcon_meta) discover
[0.163s] Level 1:colcon.colcon_core.package_discovery:discover_packages(recursive) discover
[0.163s] INFO:colcon.colcon_core.package_discovery:Crawling recursively for packages in '/home/ciscor/CISCOR-projects'
[0.163s] Level 1:colcon.colcon_core.package_identification:_identify(.) by extensions ['ignore', 'ignore_ament_install']
[0.163s] Level 1:colcon.colcon_core.package_identification:_identify(.) by extension 'ignore'
[0.163s] Level 1:colcon.colcon_core.package_identification:_identify(.) by extension 'ignore_ament_install'
[0.163s] Level 1:colcon.colcon_core.package_identification:_identify(.) by extensions ['colcon_pkg']
[0.163s] Level 1:colcon.colcon_core.package_identification:_identify(.) by extension 'colcon_pkg'
[0.163s] Level 1:colcon.colcon_core.package_identification:_identify(.) by extensions ['colcon_meta']
[0.163s] Level 1:colcon.colcon_core.package_identification:_identify(.) by extension 'colcon_meta'
[0.164s] Level 1:colcon.colcon_core.package_identification:_identify(.) by extensions ['ros']
[0.164s] Level 1:colcon.colcon_core.package_identification:_identify(.) by extension 'ros'
[0.191s] Level 1:colcon.colcon_core.package_identification:_identify(.) by extensions ['cmake', 'python']
[0.191s] Level 1:colcon.colcon_core.package_identification:_identify(.) by extension 'cmake'
[0.191s] Level 1:colcon.colcon_core.package_identification:_identify(.) by extension 'python'
[0.191s] Level 1:colcon.colcon_core.package_identification:_identify(.) by extensions ['python_setup_py']
[0.191s] Level 1:colcon.colcon_core.package_identification:_identify(.) by extension 'python_setup_py'
[0.191s] Level 1:colcon.colcon_core.package_identification:_identify(build) by extensions ['ignore', 'ignore_ament_install']
[0.191s] Level 1:colcon.colcon_core.package_identification:_identify(build) by extension 'ignore'
[0.191s] Level 1:colcon.colcon_core.package_identification:_identify(build) ignored
[0.192s] Level 1:colcon.colcon_core.package_identification:_identify(install) by extensions ['ignore', 'ignore_ament_install']
[0.192s] Level 1:colcon.colcon_core.package_identification:_identify(install) by extension 'ignore'
[0.192s] Level 1:colcon.colcon_core.package_identification:_identify(install) ignored
[0.192s] Level 1:colcon.colcon_core.package_identification:_identify(log) by extensions ['ignore', 'ignore_ament_install']
[0.192s] Level 1:colcon.colcon_core.package_identification:_identify(log) by extension 'ignore'
[0.192s] Level 1:colcon.colcon_core.package_identification:_identify(log) ignored
[0.192s] Level 1:colcon.colcon_core.package_identification:_identify(my_rqt_cfw11_gui) by extensions ['ignore', 'ignore_ament_install']
[0.192s] Level 1:colcon.colcon_core.package_identification:_identify(my_rqt_cfw11_gui) by extension 'ignore'
[0.192s] Level 1:colcon.colcon_core.package_identification:_identify(my_rqt_cfw11_gui) by extension 'ignore_ament_install'
[0.192s] Level 1:colcon.colcon_core.package_identification:_identify(my_rqt_cfw11_gui) by extensions ['colcon_pkg']
[0.192s] Level 1:colcon.colcon_core.package_identification:_identify(my_rqt_cfw11_gui) by extension 'colcon_pkg'
[0.192s] Level 1:colcon.colcon_core.package_identification:_identify(my_rqt_cfw11_gui) by extensions ['colcon_meta']
[0.192s] Level 1:colcon.colcon_core.package_identification:_identify(my_rqt_cfw11_gui) by extension 'colcon_meta'
[0.193s] Level 1:colcon.colcon_core.package_identification:_identify(my_rqt_cfw11_gui) by extensions ['ros']
[0.193s] Level 1:colcon.colcon_core.package_identification:_identify(my_rqt_cfw11_gui) by extension 'ros'
[0.196s] DEBUG:colcon.colcon_core.package_identification:Package 'my_rqt_cfw11_gui' with type 'ros.ament_python' and name 'my_rqt_cfw11_gui'
[0.196s] Level 1:colcon.colcon_core.package_identification:_identify(qmodbus) by extensions ['ignore', 'ignore_ament_install']
[0.196s] Level 1:colcon.colcon_core.package_identification:_identify(qmodbus) by extension 'ignore'
[0.196s] Level 1:colcon.colcon_core.package_identification:_identify(qmodbus) by extension 'ignore_ament_install'
[0.196s] Level 1:colcon.colcon_core.package_identification:_identify(qmodbus) by extensions ['colcon_pkg']
[0.196s] Level 1:colcon.colcon_core.package_identification:_identify(qmodbus) by extension 'colcon_pkg'
[0.196s] Level 1:colcon.colcon_core.package_identification:_identify(qmodbus) by extensions ['colcon_meta']
[0.196s] Level 1:colcon.colcon_core.package_identification:_identify(qmodbus) by extension 'colcon_meta'
[0.196s] Level 1:colcon.colcon_core.package_identification:_identify(qmodbus) by extensions ['ros']
[0.196s] Level 1:colcon.colcon_core.package_identification:_identify(qmodbus) by extension 'ros'
[0.196s] Level 1:colcon.colcon_core.package_identification:_identify(qmodbus) by extensions ['cmake', 'python']
[0.196s] Level 1:colcon.colcon_core.package_identification:_identify(qmodbus) by extension 'cmake'
[0.196s] Level 1:colcon.colcon_core.package_identification:_identify(qmodbus) by extension 'python'
[0.196s] Level 1:colcon.colcon_core.package_identification:_identify(qmodbus) by extensions ['python_setup_py']
[0.197s] Level 1:colcon.colcon_core.package_identification:_identify(qmodbus) by extension 'python_setup_py'
[0.197s] Level 1:colcon.colcon_core.package_identification:_identify(qmodbus/3rdparty) by extensions ['ignore', 'ignore_ament_install']
[0.197s] Level 1:colcon.colcon_core.package_identification:_identify(qmodbus/3rdparty) by extension 'ignore'
[0.197s] Level 1:colcon.colcon_core.package_identification:_identify(qmodbus/3rdparty) by extension 'ignore_ament_install'
[0.197s] Level 1:colcon.colcon_core.package_identification:_identify(qmodbus/3rdparty) by extensions ['colcon_pkg']
[0.197s] Level 1:colcon.colcon_core.package_identification:_identify(qmodbus/3rdparty) by extension 'colcon_pkg'
[0.197s] Level 1:colcon.colcon_core.package_identification:_identify(qmodbus/3rdparty) by extensions ['colcon_meta']
[0.197s] Level 1:colcon.colcon_core.package_identification:_identify(qmodbus/3rdparty) by extension 'colcon_meta'
[0.197s] Level 1:colcon.colcon_core.package_identification:_identify(qmodbus/3rdparty) by extensions ['ros']
[0.197s] Level 1:colcon.colcon_core.package_identification:_identify(qmodbus/3rdparty) by extension 'ros'
[0.197s] Level 1:colcon.colcon_core.package_identification:_identify(qmodbus/3rdparty) by extensions ['cmake', 'python']
[0.197s] Level 1:colcon.colcon_core.package_identification:_identify(qmodbus/3rdparty) by extension 'cmake'
[0.197s] Level 1:colcon.colcon_core.package_identification:_identify(qmodbus/3rdparty) by extension 'python'
[0.197s] Level 1:colcon.colcon_core.package_identification:_identify(qmodbus/3rdparty) by extensions ['python_setup_py']
[0.197s] Level 1:colcon.colcon_core.package_identification:_identify(qmodbus/3rdparty) by extension 'python_setup_py'
[0.197s] Level 1:colcon.colcon_core.package_identification:_identify(qmodbus/3rdparty/libmodbus) by extensions ['ignore', 'ignore_ament_install']
[0.198s] Level 1:colcon.colcon_core.package_identification:_identify(qmodbus/3rdparty/libmodbus) by extension 'ignore'
[0.198s] Level 1:colcon.colcon_core.package_identification:_identify(qmodbus/3rdparty/libmodbus) by extension 'ignore_ament_install'
[0.198s] Level 1:colcon.colcon_core.package_identification:_identify(qmodbus/3rdparty/libmodbus) by extensions ['colcon_pkg']
[0.198s] Level 1:colcon.colcon_core.package_identification:_identify(qmodbus/3rdparty/libmodbus) by extension 'colcon_pkg'
[0.198s] Level 1:colcon.colcon_core.package_identification:_identify(qmodbus/3rdparty/libmodbus) by extensions ['colcon_meta']
[0.198s] Level 1:colcon.colcon_core.package_identification:_identify(qmodbus/3rdparty/libmodbus) by extension 'colcon_meta'
[0.198s] Level 1:colcon.colcon_core.package_identification:_identify(qmodbus/3rdparty/libmodbus) by extensions ['ros']
[0.198s] Level 1:colcon.colcon_core.package_identification:_identify(qmodbus/3rdparty/libmodbus) by extension 'ros'
[0.198s] Level 1:colcon.colcon_core.package_identification:_identify(qmodbus/3rdparty/libmodbus) by extensions ['cmake', 'python']
[0.198s] Level 1:colcon.colcon_core.package_identification:_identify(qmodbus/3rdparty/libmodbus) by extension 'cmake'
[0.198s] Level 1:colcon.colcon_core.package_identification:_identify(qmodbus/3rdparty/libmodbus) by extension 'python'
[0.198s] Level 1:colcon.colcon_core.package_identification:_identify(qmodbus/3rdparty/libmodbus) by extensions ['python_setup_py']
[0.198s] Level 1:colcon.colcon_core.package_identification:_identify(qmodbus/3rdparty/libmodbus) by extension 'python_setup_py'
[0.198s] Level 1:colcon.colcon_core.package_identification:_identify(qmodbus/3rdparty/libmodbus/debian) by extensions ['ignore', 'ignore_ament_install']
[0.198s] Level 1:colcon.colcon_core.package_identification:_identify(qmodbus/3rdparty/libmodbus/debian) by extension 'ignore'
[0.198s] Level 1:colcon.colcon_core.package_identification:_identify(qmodbus/3rdparty/libmodbus/debian) by extension 'ignore_ament_install'
[0.199s] Level 1:colcon.colcon_core.package_identification:_identify(qmodbus/3rdparty/libmodbus/debian) by extensions ['colcon_pkg']
[0.199s] Level 1:colcon.colcon_core.package_identification:_identify(qmodbus/3rdparty/libmodbus/debian) by extension 'colcon_pkg'
[0.199s] Level 1:colcon.colcon_core.package_identification:_identify(qmodbus/3rdparty/libmodbus/debian) by extensions ['colcon_meta']
[0.199s] Level 1:colcon.colcon_core.package_identification:_identify(qmodbus/3rdparty/libmodbus/debian) by extension 'colcon_meta'
[0.199s] Level 1:colcon.colcon_core.package_identification:_identify(qmodbus/3rdparty/libmodbus/debian) by extensions ['ros']
[0.199s] Level 1:colcon.colcon_core.package_identification:_identify(qmodbus/3rdparty/libmodbus/debian) by extension 'ros'
[0.199s] Level 1:colcon.colcon_core.package_identification:_identify(qmodbus/3rdparty/libmodbus/debian) by extensions ['cmake', 'python']
[0.199s] Level 1:colcon.colcon_core.package_identification:_identify(qmodbus/3rdparty/libmodbus/debian) by extension 'cmake'
[0.199s] Level 1:colcon.colcon_core.package_identification:_identify(qmodbus/3rdparty/libmodbus/debian) by extension 'python'
[0.199s] Level 1:colcon.colcon_core.package_identification:_identify(qmodbus/3rdparty/libmodbus/debian) by extensions ['python_setup_py']
[0.199s] Level 1:colcon.colcon_core.package_identification:_identify(qmodbus/3rdparty/libmodbus/debian) by extension 'python_setup_py'
[0.199s] Level 1:colcon.colcon_core.package_identification:_identify(qmodbus/3rdparty/libmodbus/debian/source) by extensions ['ignore', 'ignore_ament_install']
[0.199s] Level 1:colcon.colcon_core.package_identification:_identify(qmodbus/3rdparty/libmodbus/debian/source) by extension 'ignore'
[0.199s] Level 1:colcon.colcon_core.package_identification:_identify(qmodbus/3rdparty/libmodbus/debian/source) by extension 'ignore_ament_install'
[0.200s] Level 1:colcon.colcon_core.package_identification:_identify(qmodbus/3rdparty/libmodbus/debian/source) by extensions ['colcon_pkg']
[0.200s] Level 1:colcon.colcon_core.package_identification:_identify(qmodbus/3rdparty/libmodbus/debian/source) by extension 'colcon_pkg'
[0.200s] Level 1:colcon.colcon_core.package_identification:_identify(qmodbus/3rdparty/libmodbus/debian/source) by extensions ['colcon_meta']
[0.200s] Level 1:colcon.colcon_core.package_identification:_identify(qmodbus/3rdparty/libmodbus/debian/source) by extension 'colcon_meta'
[0.200s] Level 1:colcon.colcon_core.package_identification:_identify(qmodbus/3rdparty/libmodbus/debian/source) by extensions ['ros']
[0.200s] Level 1:colcon.colcon_core.package_identification:_identify(qmodbus/3rdparty/libmodbus/debian/source) by extension 'ros'
[0.200s] Level 1:colcon.colcon_core.package_identification:_identify(qmodbus/3rdparty/libmodbus/debian/source) by extensions ['cmake', 'python']
[0.200s] Level 1:colcon.colcon_core.package_identification:_identify(qmodbus/3rdparty/libmodbus/debian/source) by extension 'cmake'
[0.200s] Level 1:colcon.colcon_core.package_identification:_identify(qmodbus/3rdparty/libmodbus/debian/source) by extension 'python'
[0.200s] Level 1:colcon.colcon_core.package_identification:_identify(qmodbus/3rdparty/libmodbus/debian/source) by extensions ['python_setup_py']
[0.200s] Level 1:colcon.colcon_core.package_identification:_identify(qmodbus/3rdparty/libmodbus/debian/source) by extension 'python_setup_py'
[0.200s] Level 1:colcon.colcon_core.package_identification:_identify(qmodbus/3rdparty/libmodbus/doc) by extensions ['ignore', 'ignore_ament_install']
[0.200s] Level 1:colcon.colcon_core.package_identification:_identify(qmodbus/3rdparty/libmodbus/doc) by extension 'ignore'
[0.200s] Level 1:colcon.colcon_core.package_identification:_identify(qmodbus/3rdparty/libmodbus/doc) by extension 'ignore_ament_install'
[0.200s] Level 1:colcon.colcon_core.package_identification:_identify(qmodbus/3rdparty/libmodbus/doc) by extensions ['colcon_pkg']
[0.200s] Level 1:colcon.colcon_core.package_identification:_identify(qmodbus/3rdparty/libmodbus/doc) by extension 'colcon_pkg'
[0.201s] Level 1:colcon.colcon_core.package_identification:_identify(qmodbus/3rdparty/libmodbus/doc) by extensions ['colcon_meta']
[0.201s] Level 1:colcon.colcon_core.package_identification:_identify(qmodbus/3rdparty/libmodbus/doc) by extension 'colcon_meta'
[0.201s] Level 1:colcon.colcon_core.package_identification:_identify(qmodbus/3rdparty/libmodbus/doc) by extensions ['ros']
[0.201s] Level 1:colcon.colcon_core.package_identification:_identify(qmodbus/3rdparty/libmodbus/doc) by extension 'ros'
[0.201s] Level 1:colcon.colcon_core.package_identification:_identify(qmodbus/3rdparty/libmodbus/doc) by extensions ['cmake', 'python']
[0.201s] Level 1:colcon.colcon_core.package_identification:_identify(qmodbus/3rdparty/libmodbus/doc) by extension 'cmake'
[0.201s] Level 1:colcon.colcon_core.package_identification:_identify(qmodbus/3rdparty/libmodbus/doc) by extension 'python'
[0.201s] Level 1:colcon.colcon_core.package_identification:_identify(qmodbus/3rdparty/libmodbus/doc) by extensions ['python_setup_py']
[0.201s] Level 1:colcon.colcon_core.package_identification:_identify(qmodbus/3rdparty/libmodbus/doc) by extension 'python_setup_py'
[0.201s] Level 1:colcon.colcon_core.package_identification:_identify(qmodbus/3rdparty/libmodbus/m4) by extensions ['ignore', 'ignore_ament_install']
[0.201s] Level 1:colcon.colcon_core.package_identification:_identify(qmodbus/3rdparty/libmodbus/m4) by extension 'ignore'
[0.201s] Level 1:colcon.colcon_core.package_identification:_identify(qmodbus/3rdparty/libmodbus/m4) by extension 'ignore_ament_install'
[0.201s] Level 1:colcon.colcon_core.package_identification:_identify(qmodbus/3rdparty/libmodbus/m4) by extensions ['colcon_pkg']
[0.201s] Level 1:colcon.colcon_core.package_identification:_identify(qmodbus/3rdparty/libmodbus/m4) by extension 'colcon_pkg'
[0.201s] Level 1:colcon.colcon_core.package_identification:_identify(qmodbus/3rdparty/libmodbus/m4) by extensions ['colcon_meta']
[0.201s] Level 1:colcon.colcon_core.package_identification:_identify(qmodbus/3rdparty/libmodbus/m4) by extension 'colcon_meta'
[0.201s] Level 1:colcon.colcon_core.package_identification:_identify(qmodbus/3rdparty/libmodbus/m4) by extensions ['ros']
[0.201s] Level 1:colcon.colcon_core.package_identification:_identify(qmodbus/3rdparty/libmodbus/m4) by extension 'ros'
[0.202s] Level 1:colcon.colcon_core.package_identification:_identify(qmodbus/3rdparty/libmodbus/m4) by extensions ['cmake', 'python']
[0.202s] Level 1:colcon.colcon_core.package_identification:_identify(qmodbus/3rdparty/libmodbus/m4) by extension 'cmake'
[0.202s] Level 1:colcon.colcon_core.package_identification:_identify(qmodbus/3rdparty/libmodbus/m4) by extension 'python'
[0.202s] Level 1:colcon.colcon_core.package_identification:_identify(qmodbus/3rdparty/libmodbus/m4) by extensions ['python_setup_py']
[0.202s] Level 1:colcon.colcon_core.package_identification:_identify(qmodbus/3rdparty/libmodbus/m4) by extension 'python_setup_py'
[0.202s] Level 1:colcon.colcon_core.package_identification:_identify(qmodbus/3rdparty/libmodbus/src) by extensions ['ignore', 'ignore_ament_install']
[0.202s] Level 1:colcon.colcon_core.package_identification:_identify(qmodbus/3rdparty/libmodbus/src) by extension 'ignore'
[0.202s] Level 1:colcon.colcon_core.package_identification:_identify(qmodbus/3rdparty/libmodbus/src) by extension 'ignore_ament_install'
[0.202s] Level 1:colcon.colcon_core.package_identification:_identify(qmodbus/3rdparty/libmodbus/src) by extensions ['colcon_pkg']
[0.202s] Level 1:colcon.colcon_core.package_identification:_identify(qmodbus/3rdparty/libmodbus/src) by extension 'colcon_pkg'
[0.202s] Level 1:colcon.colcon_core.package_identification:_identify(qmodbus/3rdparty/libmodbus/src) by extensions ['colcon_meta']
[0.202s] Level 1:colcon.colcon_core.package_identification:_identify(qmodbus/3rdparty/libmodbus/src) by extension 'colcon_meta'
[0.202s] Level 1:colcon.colcon_core.package_identification:_identify(qmodbus/3rdparty/libmodbus/src) by extensions ['ros']
[0.202s] Level 1:colcon.colcon_core.package_identification:_identify(qmodbus/3rdparty/libmodbus/src) by extension 'ros'
[0.202s] Level 1:colcon.colcon_core.package_identification:_identify(qmodbus/3rdparty/libmodbus/src) by extensions ['cmake', 'python']
[0.202s] Level 1:colcon.colcon_core.package_identification:_identify(qmodbus/3rdparty/libmodbus/src) by extension 'cmake'
[0.202s] Level 1:colcon.colcon_core.package_identification:_identify(qmodbus/3rdparty/libmodbus/src) by extension 'python'
[0.203s] Level 1:colcon.colcon_core.package_identification:_identify(qmodbus/3rdparty/libmodbus/src) by extensions ['python_setup_py']
[0.203s] Level 1:colcon.colcon_core.package_identification:_identify(qmodbus/3rdparty/libmodbus/src) by extension 'python_setup_py'
[0.203s] Level 1:colcon.colcon_core.package_identification:_identify(qmodbus/3rdparty/libmodbus/src/win32) by extensions ['ignore', 'ignore_ament_install']
[0.203s] Level 1:colcon.colcon_core.package_identification:_identify(qmodbus/3rdparty/libmodbus/src/win32) by extension 'ignore'
[0.203s] Level 1:colcon.colcon_core.package_identification:_identify(qmodbus/3rdparty/libmodbus/src/win32) by extension 'ignore_ament_install'
[0.203s] Level 1:colcon.colcon_core.package_identification:_identify(qmodbus/3rdparty/libmodbus/src/win32) by extensions ['colcon_pkg']
[0.203s] Level 1:colcon.colcon_core.package_identification:_identify(qmodbus/3rdparty/libmodbus/src/win32) by extension 'colcon_pkg'
[0.203s] Level 1:colcon.colcon_core.package_identification:_identify(qmodbus/3rdparty/libmodbus/src/win32) by extensions ['colcon_meta']
[0.203s] Level 1:colcon.colcon_core.package_identification:_identify(qmodbus/3rdparty/libmodbus/src/win32) by extension 'colcon_meta'
[0.203s] Level 1:colcon.colcon_core.package_identification:_identify(qmodbus/3rdparty/libmodbus/src/win32) by extensions ['ros']
[0.203s] Level 1:colcon.colcon_core.package_identification:_identify(qmodbus/3rdparty/libmodbus/src/win32) by extension 'ros'
[0.203s] Level 1:colcon.colcon_core.package_identification:_identify(qmodbus/3rdparty/libmodbus/src/win32) by extensions ['cmake', 'python']
[0.203s] Level 1:colcon.colcon_core.package_identification:_identify(qmodbus/3rdparty/libmodbus/src/win32) by extension 'cmake'
[0.203s] Level 1:colcon.colcon_core.package_identification:_identify(qmodbus/3rdparty/libmodbus/src/win32) by extension 'python'
[0.203s] Level 1:colcon.colcon_core.package_identification:_identify(qmodbus/3rdparty/libmodbus/src/win32) by extensions ['python_setup_py']
[0.203s] Level 1:colcon.colcon_core.package_identification:_identify(qmodbus/3rdparty/libmodbus/src/win32) by extension 'python_setup_py'
[0.204s] Level 1:colcon.colcon_core.package_identification:_identify(qmodbus/3rdparty/libmodbus/tests) by extensions ['ignore', 'ignore_ament_install']
[0.204s] Level 1:colcon.colcon_core.package_identification:_identify(qmodbus/3rdparty/libmodbus/tests) by extension 'ignore'
[0.204s] Level 1:colcon.colcon_core.package_identification:_identify(qmodbus/3rdparty/libmodbus/tests) by extension 'ignore_ament_install'
[0.204s] Level 1:colcon.colcon_core.package_identification:_identify(qmodbus/3rdparty/libmodbus/tests) by extensions ['colcon_pkg']
[0.204s] Level 1:colcon.colcon_core.package_identification:_identify(qmodbus/3rdparty/libmodbus/tests) by extension 'colcon_pkg'
[0.204s] Level 1:colcon.colcon_core.package_identification:_identify(qmodbus/3rdparty/libmodbus/tests) by extensions ['colcon_meta']
[0.204s] Level 1:colcon.colcon_core.package_identification:_identify(qmodbus/3rdparty/libmodbus/tests) by extension 'colcon_meta'
[0.204s] Level 1:colcon.colcon_core.package_identification:_identify(qmodbus/3rdparty/libmodbus/tests) by extensions ['ros']
[0.204s] Level 1:colcon.colcon_core.package_identification:_identify(qmodbus/3rdparty/libmodbus/tests) by extension 'ros'
[0.204s] Level 1:colcon.colcon_core.package_identification:_identify(qmodbus/3rdparty/libmodbus/tests) by extensions ['cmake', 'python']
[0.204s] Level 1:colcon.colcon_core.package_identification:_identify(qmodbus/3rdparty/libmodbus/tests) by extension 'cmake'
[0.204s] Level 1:colcon.colcon_core.package_identification:_identify(qmodbus/3rdparty/libmodbus/tests) by extension 'python'
[0.204s] Level 1:colcon.colcon_core.package_identification:_identify(qmodbus/3rdparty/libmodbus/tests) by extensions ['python_setup_py']
[0.204s] Level 1:colcon.colcon_core.package_identification:_identify(qmodbus/3rdparty/libmodbus/tests) by extension 'python_setup_py'
[0.204s] Level 1:colcon.colcon_core.package_identification:_identify(qmodbus/3rdparty/qextserialport) by extensions ['ignore', 'ignore_ament_install']
[0.204s] Level 1:colcon.colcon_core.package_identification:_identify(qmodbus/3rdparty/qextserialport) by extension 'ignore'
[0.204s] Level 1:colcon.colcon_core.package_identification:_identify(qmodbus/3rdparty/qextserialport) by extension 'ignore_ament_install'
[0.205s] Level 1:colcon.colcon_core.package_identification:_identify(qmodbus/3rdparty/qextserialport) by extensions ['colcon_pkg']
[0.205s] Level 1:colcon.colcon_core.package_identification:_identify(qmodbus/3rdparty/qextserialport) by extension 'colcon_pkg'
[0.205s] Level 1:colcon.colcon_core.package_identification:_identify(qmodbus/3rdparty/qextserialport) by extensions ['colcon_meta']
[0.205s] Level 1:colcon.colcon_core.package_identification:_identify(qmodbus/3rdparty/qextserialport) by extension 'colcon_meta'
[0.205s] Level 1:colcon.colcon_core.package_identification:_identify(qmodbus/3rdparty/qextserialport) by extensions ['ros']
[0.205s] Level 1:colcon.colcon_core.package_identification:_identify(qmodbus/3rdparty/qextserialport) by extension 'ros'
[0.205s] Level 1:colcon.colcon_core.package_identification:_identify(qmodbus/3rdparty/qextserialport) by extensions ['cmake', 'python']
[0.205s] Level 1:colcon.colcon_core.package_identification:_identify(qmodbus/3rdparty/qextserialport) by extension 'cmake'
[0.205s] Level 1:colcon.colcon_core.package_identification:_identify(qmodbus/3rdparty/qextserialport) by extension 'python'
[0.205s] Level 1:colcon.colcon_core.package_identification:_identify(qmodbus/3rdparty/qextserialport) by extensions ['python_setup_py']
[0.205s] Level 1:colcon.colcon_core.package_identification:_identify(qmodbus/3rdparty/qextserialport) by extension 'python_setup_py'
[0.205s] Level 1:colcon.colcon_core.package_identification:_identify(qmodbus/data) by extensions ['ignore', 'ignore_ament_install']
[0.205s] Level 1:colcon.colcon_core.package_identification:_identify(qmodbus/data) by extension 'ignore'
[0.205s] Level 1:colcon.colcon_core.package_identification:_identify(qmodbus/data) by extension 'ignore_ament_install'
[0.205s] Level 1:colcon.colcon_core.package_identification:_identify(qmodbus/data) by extensions ['colcon_pkg']
[0.205s] Level 1:colcon.colcon_core.package_identification:_identify(qmodbus/data) by extension 'colcon_pkg'
[0.206s] Level 1:colcon.colcon_core.package_identification:_identify(qmodbus/data) by extensions ['colcon_meta']
[0.206s] Level 1:colcon.colcon_core.package_identification:_identify(qmodbus/data) by extension 'colcon_meta'
[0.206s] Level 1:colcon.colcon_core.package_identification:_identify(qmodbus/data) by extensions ['ros']
[0.206s] Level 1:colcon.colcon_core.package_identification:_identify(qmodbus/data) by extension 'ros'
[0.206s] Level 1:colcon.colcon_core.package_identification:_identify(qmodbus/data) by extensions ['cmake', 'python']
[0.206s] Level 1:colcon.colcon_core.package_identification:_identify(qmodbus/data) by extension 'cmake'
[0.206s] Level 1:colcon.colcon_core.package_identification:_identify(qmodbus/data) by extension 'python'
[0.206s] Level 1:colcon.colcon_core.package_identification:_identify(qmodbus/data) by extensions ['python_setup_py']
[0.206s] Level 1:colcon.colcon_core.package_identification:_identify(qmodbus/data) by extension 'python_setup_py'
[0.206s] Level 1:colcon.colcon_core.package_identification:_identify(qmodbus/debian) by extensions ['ignore', 'ignore_ament_install']
[0.206s] Level 1:colcon.colcon_core.package_identification:_identify(qmodbus/debian) by extension 'ignore'
[0.206s] Level 1:colcon.colcon_core.package_identification:_identify(qmodbus/debian) by extension 'ignore_ament_install'
[0.206s] Level 1:colcon.colcon_core.package_identification:_identify(qmodbus/debian) by extensions ['colcon_pkg']
[0.206s] Level 1:colcon.colcon_core.package_identification:_identify(qmodbus/debian) by extension 'colcon_pkg'
[0.206s] Level 1:colcon.colcon_core.package_identification:_identify(qmodbus/debian) by extensions ['colcon_meta']
[0.206s] Level 1:colcon.colcon_core.package_identification:_identify(qmodbus/debian) by extension 'colcon_meta'
[0.206s] Level 1:colcon.colcon_core.package_identification:_identify(qmodbus/debian) by extensions ['ros']
[0.206s] Level 1:colcon.colcon_core.package_identification:_identify(qmodbus/debian) by extension 'ros'
[0.206s] Level 1:colcon.colcon_core.package_identification:_identify(qmodbus/debian) by extensions ['cmake', 'python']
[0.207s] Level 1:colcon.colcon_core.package_identification:_identify(qmodbus/debian) by extension 'cmake'
[0.207s] Level 1:colcon.colcon_core.package_identification:_identify(qmodbus/debian) by extension 'python'
[0.207s] Level 1:colcon.colcon_core.package_identification:_identify(qmodbus/debian) by extensions ['python_setup_py']
[0.207s] Level 1:colcon.colcon_core.package_identification:_identify(qmodbus/debian) by extension 'python_setup_py'
[0.207s] Level 1:colcon.colcon_core.package_identification:_identify(qmodbus/flatpak) by extensions ['ignore', 'ignore_ament_install']
[0.207s] Level 1:colcon.colcon_core.package_identification:_identify(qmodbus/flatpak) by extension 'ignore'
[0.207s] Level 1:colcon.colcon_core.package_identification:_identify(qmodbus/flatpak) by extension 'ignore_ament_install'
[0.207s] Level 1:colcon.colcon_core.package_identification:_identify(qmodbus/flatpak) by extensions ['colcon_pkg']
[0.207s] Level 1:colcon.colcon_core.package_identification:_identify(qmodbus/flatpak) by extension 'colcon_pkg'
[0.207s] Level 1:colcon.colcon_core.package_identification:_identify(qmodbus/flatpak) by extensions ['colcon_meta']
[0.207s] Level 1:colcon.colcon_core.package_identification:_identify(qmodbus/flatpak) by extension 'colcon_meta'
[0.207s] Level 1:colcon.colcon_core.package_identification:_identify(qmodbus/flatpak) by extensions ['ros']
[0.207s] Level 1:colcon.colcon_core.package_identification:_identify(qmodbus/flatpak) by extension 'ros'
[0.207s] Level 1:colcon.colcon_core.package_identification:_identify(qmodbus/flatpak) by extensions ['cmake', 'python']
[0.207s] Level 1:colcon.colcon_core.package_identification:_identify(qmodbus/flatpak) by extension 'cmake'
[0.207s] Level 1:colcon.colcon_core.package_identification:_identify(qmodbus/flatpak) by extension 'python'
[0.207s] Level 1:colcon.colcon_core.package_identification:_identify(qmodbus/flatpak) by extensions ['python_setup_py']
[0.207s] Level 1:colcon.colcon_core.package_identification:_identify(qmodbus/flatpak) by extension 'python_setup_py'
[0.207s] Level 1:colcon.colcon_core.package_identification:_identify(qmodbus/forms) by extensions ['ignore', 'ignore_ament_install']
[0.208s] Level 1:colcon.colcon_core.package_identification:_identify(qmodbus/forms) by extension 'ignore'
[0.208s] Level 1:colcon.colcon_core.package_identification:_identify(qmodbus/forms) by extension 'ignore_ament_install'
[0.208s] Level 1:colcon.colcon_core.package_identification:_identify(qmodbus/forms) by extensions ['colcon_pkg']
[0.208s] Level 1:colcon.colcon_core.package_identification:_identify(qmodbus/forms) by extension 'colcon_pkg'
[0.208s] Level 1:colcon.colcon_core.package_identification:_identify(qmodbus/forms) by extensions ['colcon_meta']
[0.208s] Level 1:colcon.colcon_core.package_identification:_identify(qmodbus/forms) by extension 'colcon_meta'
[0.208s] Level 1:colcon.colcon_core.package_identification:_identify(qmodbus/forms) by extensions ['ros']
[0.208s] Level 1:colcon.colcon_core.package_identification:_identify(qmodbus/forms) by extension 'ros'
[0.208s] Level 1:colcon.colcon_core.package_identification:_identify(qmodbus/forms) by extensions ['cmake', 'python']
[0.208s] Level 1:colcon.colcon_core.package_identification:_identify(qmodbus/forms) by extension 'cmake'
[0.208s] Level 1:colcon.colcon_core.package_identification:_identify(qmodbus/forms) by extension 'python'
[0.208s] Level 1:colcon.colcon_core.package_identification:_identify(qmodbus/forms) by extensions ['python_setup_py']
[0.208s] Level 1:colcon.colcon_core.package_identification:_identify(qmodbus/forms) by extension 'python_setup_py'
[0.208s] Level 1:colcon.colcon_core.package_identification:_identify(qmodbus/src) by extensions ['ignore', 'ignore_ament_install']
[0.208s] Level 1:colcon.colcon_core.package_identification:_identify(qmodbus/src) by extension 'ignore'
[0.208s] Level 1:colcon.colcon_core.package_identification:_identify(qmodbus/src) by extension 'ignore_ament_install'
[0.208s] Level 1:colcon.colcon_core.package_identification:_identify(qmodbus/src) by extensions ['colcon_pkg']
[0.208s] Level 1:colcon.colcon_core.package_identification:_identify(qmodbus/src) by extension 'colcon_pkg'
[0.209s] Level 1:colcon.colcon_core.package_identification:_identify(qmodbus/src) by extensions ['colcon_meta']
[0.209s] Level 1:colcon.colcon_core.package_identification:_identify(qmodbus/src) by extension 'colcon_meta'
[0.209s] Level 1:colcon.colcon_core.package_identification:_identify(qmodbus/src) by extensions ['ros']
[0.209s] Level 1:colcon.colcon_core.package_identification:_identify(qmodbus/src) by extension 'ros'
[0.209s] Level 1:colcon.colcon_core.package_identification:_identify(qmodbus/src) by extensions ['cmake', 'python']
[0.209s] Level 1:colcon.colcon_core.package_identification:_identify(qmodbus/src) by extension 'cmake'
[0.209s] Level 1:colcon.colcon_core.package_identification:_identify(qmodbus/src) by extension 'python'
[0.209s] Level 1:colcon.colcon_core.package_identification:_identify(qmodbus/src) by extensions ['python_setup_py']
[0.209s] Level 1:colcon.colcon_core.package_identification:_identify(qmodbus/src) by extension 'python_setup_py'
[0.209s] Level 1:colcon.colcon_core.package_identification:_identify(src) by extensions ['ignore', 'ignore_ament_install']
[0.209s] Level 1:colcon.colcon_core.package_identification:_identify(src) by extension 'ignore'
[0.209s] Level 1:colcon.colcon_core.package_identification:_identify(src) by extension 'ignore_ament_install'
[0.209s] Level 1:colcon.colcon_core.package_identification:_identify(src) by extensions ['colcon_pkg']
[0.209s] Level 1:colcon.colcon_core.package_identification:_identify(src) by extension 'colcon_pkg'
[0.209s] Level 1:colcon.colcon_core.package_identification:_identify(src) by extensions ['colcon_meta']
[0.209s] Level 1:colcon.colcon_core.package_identification:_identify(src) by extension 'colcon_meta'
[0.209s] Level 1:colcon.colcon_core.package_identification:_identify(src) by extensions ['ros']
[0.209s] Level 1:colcon.colcon_core.package_identification:_identify(src) by extension 'ros'
[0.209s] Level 1:colcon.colcon_core.package_identification:_identify(src) by extensions ['cmake', 'python']
[0.209s] Level 1:colcon.colcon_core.package_identification:_identify(src) by extension 'cmake'
[0.210s] Level 1:colcon.colcon_core.package_identification:_identify(src) by extension 'python'
[0.210s] Level 1:colcon.colcon_core.package_identification:_identify(src) by extensions ['python_setup_py']
[0.210s] Level 1:colcon.colcon_core.package_identification:_identify(src) by extension 'python_setup_py'
[0.210s] Level 1:colcon.colcon_core.package_identification:_identify(src/cfw11_ros2_control) by extensions ['ignore', 'ignore_ament_install']
[0.210s] Level 1:colcon.colcon_core.package_identification:_identify(src/cfw11_ros2_control) by extension 'ignore'
[0.210s] Level 1:colcon.colcon_core.package_identification:_identify(src/cfw11_ros2_control) by extension 'ignore_ament_install'
[0.210s] Level 1:colcon.colcon_core.package_identification:_identify(src/cfw11_ros2_control) by extensions ['colcon_pkg']
[0.210s] Level 1:colcon.colcon_core.package_identification:_identify(src/cfw11_ros2_control) by extension 'colcon_pkg'
[0.210s] Level 1:colcon.colcon_core.package_identification:_identify(src/cfw11_ros2_control) by extensions ['colcon_meta']
[0.210s] Level 1:colcon.colcon_core.package_identification:_identify(src/cfw11_ros2_control) by extension 'colcon_meta'
[0.210s] Level 1:colcon.colcon_core.package_identification:_identify(src/cfw11_ros2_control) by extensions ['ros']
[0.210s] Level 1:colcon.colcon_core.package_identification:_identify(src/cfw11_ros2_control) by extension 'ros'
[0.211s] DEBUG:colcon.colcon_core.package_identification:Package 'src/cfw11_ros2_control' with type 'ros.ament_python' and name 'cfw11_ros2_control'
[0.211s] Level 1:colcon.colcon_core.package_identification:_identify(src/my_rqt_speed_slider) by extensions ['ignore', 'ignore_ament_install']
[0.211s] Level 1:colcon.colcon_core.package_identification:_identify(src/my_rqt_speed_slider) by extension 'ignore'
[0.211s] Level 1:colcon.colcon_core.package_identification:_identify(src/my_rqt_speed_slider) by extension 'ignore_ament_install'
[0.211s] Level 1:colcon.colcon_core.package_identification:_identify(src/my_rqt_speed_slider) by extensions ['colcon_pkg']
[0.211s] Level 1:colcon.colcon_core.package_identification:_identify(src/my_rqt_speed_slider) by extension 'colcon_pkg'
[0.211s] Level 1:colcon.colcon_core.package_identification:_identify(src/my_rqt_speed_slider) by extensions ['colcon_meta']
[0.211s] Level 1:colcon.colcon_core.package_identification:_identify(src/my_rqt_speed_slider) by extension 'colcon_meta'
[0.211s] Level 1:colcon.colcon_core.package_identification:_identify(src/my_rqt_speed_slider) by extensions ['ros']
[0.211s] Level 1:colcon.colcon_core.package_identification:_identify(src/my_rqt_speed_slider) by extension 'ros'
[0.212s] DEBUG:colcon.colcon_core.package_identification:Package 'src/my_rqt_speed_slider' with type 'ros.ament_python' and name 'my_rqt_speed_slider'
[0.212s] Level 1:colcon.colcon_core.package_identification:_identify(testing reciever) by extensions ['ignore', 'ignore_ament_install']
[0.212s] Level 1:colcon.colcon_core.package_identification:_identify(testing reciever) by extension 'ignore'
[0.212s] Level 1:colcon.colcon_core.package_identification:_identify(testing reciever) by extension 'ignore_ament_install'
[0.212s] Level 1:colcon.colcon_core.package_identification:_identify(testing reciever) by extensions ['colcon_pkg']
[0.212s] Level 1:colcon.colcon_core.package_identification:_identify(testing reciever) by extension 'colcon_pkg'
[0.212s] Level 1:colcon.colcon_core.package_identification:_identify(testing reciever) by extensions ['colcon_meta']
[0.212s] Level 1:colcon.colcon_core.package_identification:_identify(testing reciever) by extension 'colcon_meta'
[0.212s] Level 1:colcon.colcon_core.package_identification:_identify(testing reciever) by extensions ['ros']
[0.212s] Level 1:colcon.colcon_core.package_identification:_identify(testing reciever) by extension 'ros'
[0.213s] Level 1:colcon.colcon_core.package_identification:_identify(testing reciever) by extensions ['cmake', 'python']
[0.213s] Level 1:colcon.colcon_core.package_identification:_identify(testing reciever) by extension 'cmake'
[0.213s] Level 1:colcon.colcon_core.package_identification:_identify(testing reciever) by extension 'python'
[0.213s] Level 1:colcon.colcon_core.package_identification:_identify(testing reciever) by extensions ['python_setup_py']
[0.213s] Level 1:colcon.colcon_core.package_identification:_identify(testing reciever) by extension 'python_setup_py'
[0.213s] Level 1:colcon.colcon_core.package_discovery:discover_packages(recursive) using defaults
[0.213s] Level 1:colcon.colcon_core.package_discovery:discover_packages(ignore) discover
[0.213s] Level 1:colcon.colcon_core.package_discovery:discover_packages(ignore) using defaults
[0.213s] Level 1:colcon.colcon_core.package_discovery:discover_packages(path) discover
[0.213s] Level 1:colcon.colcon_core.package_discovery:discover_packages(path) using defaults
[0.231s] Level 1:colcon.colcon_core.package_discovery:discover_packages(prefix_path) check parameters
[0.231s] Level 1:colcon.colcon_core.package_discovery:discover_packages(prefix_path) discover
[0.233s] DEBUG:colcon.colcon_installed_package_information.package_discovery:Found 3 installed packages in /home/ciscor/CISCOR-projects/install
[0.234s] DEBUG:colcon.colcon_installed_package_information.package_discovery:Found 290 installed packages in /opt/ros/jazzy
[0.236s] Level 1:colcon.colcon_core.package_discovery:discover_packages(prefix_path) using defaults
[0.282s] Level 5:colcon.colcon_core.verb:set package 'cfw11_ros2_control' build argument 'cmake_args' from command line to 'None'
[0.282s] Level 5:colcon.colcon_core.verb:set package 'cfw11_ros2_control' build argument 'cmake_target' from command line to 'None'
[0.282s] Level 5:colcon.colcon_core.verb:set package 'cfw11_ros2_control' build argument 'cmake_target_skip_unavailable' from command line to 'False'
[0.282s] Level 5:colcon.colcon_core.verb:set package 'cfw11_ros2_control' build argument 'cmake_clean_cache' from command line to 'False'
[0.282s] Level 5:colcon.colcon_core.verb:set package 'cfw11_ros2_control' build argument 'cmake_clean_first' from command line to 'False'
[0.282s] Level 5:colcon.colcon_core.verb:set package 'cfw11_ros2_control' build argument 'cmake_force_configure' from command line to 'False'
[0.282s] Level 5:colcon.colcon_core.verb:set package 'cfw11_ros2_control' build argument 'ament_cmake_args' from command line to 'None'
[0.282s] Level 5:colcon.colcon_core.verb:set package 'cfw11_ros2_control' build argument 'catkin_cmake_args' from command line to 'None'
[0.282s] Level 5:colcon.colcon_core.verb:set package 'cfw11_ros2_control' build argument 'catkin_skip_building_tests' from command line to 'False'
[0.282s] DEBUG:colcon.colcon_core.verb:Building package 'cfw11_ros2_control' with the following arguments: {'ament_cmake_args': None, 'build_base': '/home/ciscor/CISCOR-projects/build/cfw11_ros2_control', 'catkin_cmake_args': None, 'catkin_skip_building_tests': False, 'cmake_args': None, 'cmake_clean_cache': False, 'cmake_clean_first': False, 'cmake_force_configure': False, 'cmake_target': None, 'cmake_target_skip_unavailable': False, 'install_base': '/home/ciscor/CISCOR-projects/install/cfw11_ros2_control', 'merge_install': False, 'path': '/home/ciscor/CISCOR-projects/src/cfw11_ros2_control', 'symlink_install': False, 'test_result_base': None}
[0.282s] Level 5:colcon.colcon_core.verb:set package 'my_rqt_cfw11_gui' build argument 'cmake_args' from command line to 'None'
[0.282s] Level 5:colcon.colcon_core.verb:set package 'my_rqt_cfw11_gui' build argument 'cmake_target' from command line to 'None'
[0.282s] Level 5:colcon.colcon_core.verb:set package 'my_rqt_cfw11_gui' build argument 'cmake_target_skip_unavailable' from command line to 'False'
[0.282s] Level 5:colcon.colcon_core.verb:set package 'my_rqt_cfw11_gui' build argument 'cmake_clean_cache' from command line to 'False'
[0.282s] Level 5:colcon.colcon_core.verb:set package 'my_rqt_cfw11_gui' build argument 'cmake_clean_first' from command line to 'False'
[0.282s] Level 5:colcon.colcon_core.verb:set package 'my_rqt_cfw11_gui' build argument 'cmake_force_configure' from command line to 'False'
[0.283s] Level 5:colcon.colcon_core.verb:set package 'my_rqt_cfw11_gui' build argument 'ament_cmake_args' from command line to 'None'
[0.283s] Level 5:colcon.colcon_core.verb:set package 'my_rqt_cfw11_gui' build argument 'catkin_cmake_args' from command line to 'None'
[0.283s] Level 5:colcon.colcon_core.verb:set package 'my_rqt_cfw11_gui' build argument 'catkin_skip_building_tests' from command line to 'False'
[0.283s] DEBUG:colcon.colcon_core.verb:Building package 'my_rqt_cfw11_gui' with the following arguments: {'ament_cmake_args': None, 'build_base': '/home/ciscor/CISCOR-projects/build/my_rqt_cfw11_gui', 'catkin_cmake_args': None, 'catkin_skip_building_tests': False, 'cmake_args': None, 'cmake_clean_cache': False, 'cmake_clean_first': False, 'cmake_force_configure': False, 'cmake_target': None, 'cmake_target_skip_unavailable': False, 'install_base': '/home/ciscor/CISCOR-projects/install/my_rqt_cfw11_gui', 'merge_install': False, 'path': '/home/ciscor/CISCOR-projects/my_rqt_cfw11_gui', 'symlink_install': False, 'test_result_base': None}
[0.283s] Level 5:colcon.colcon_core.verb:set package 'my_rqt_speed_slider' build argument 'cmake_args' from command line to 'None'
[0.283s] Level 5:colcon.colcon_core.verb:set package 'my_rqt_speed_slider' build argument 'cmake_target' from command line to 'None'
[0.283s] Level 5:colcon.colcon_core.verb:set package 'my_rqt_speed_slider' build argument 'cmake_target_skip_unavailable' from command line to 'False'
[0.283s] Level 5:colcon.colcon_core.verb:set package 'my_rqt_speed_slider' build argument 'cmake_clean_cache' from command line to 'False'
[0.283s] Level 5:colcon.colcon_core.verb:set package 'my_rqt_speed_slider' build argument 'cmake_clean_first' from command line to 'False'
[0.283s] Level 5:colcon.colcon_core.verb:set package 'my_rqt_speed_slider' build argument 'cmake_force_configure' from command line to 'False'
[0.283s] Level 5:colcon.colcon_core.verb:set package 'my_rqt_speed_slider' build argument 'ament_cmake_args' from command line to 'None'
[0.283s] Level 5:colcon.colcon_core.verb:set package 'my_rqt_speed_slider' build argument 'catkin_cmake_args' from command line to 'None'
[0.283s] Level 5:colcon.colcon_core.verb:set package 'my_rqt_speed_slider' build argument 'catkin_skip_building_tests' from command line to 'False'
[0.283s] DEBUG:colcon.colcon_core.verb:Building package 'my_rqt_speed_slider' with the following arguments: {'ament_cmake_args': None, 'build_base': '/home/ciscor/CISCOR-projects/build/my_rqt_speed_slider', 'catkin_cmake_args': None, 'catkin_skip_building_tests': False, 'cmake_args': None, 'cmake_clean_cache': False, 'cmake_clean_first': False, 'cmake_force_configure': False, 'cmake_target': None, 'cmake_target_skip_unavailable': False, 'install_base': '/home/ciscor/CISCOR-projects/install/my_rqt_speed_slider', 'merge_install': False, 'path': '/home/ciscor/CISCOR-projects/src/my_rqt_speed_slider', 'symlink_install': False, 'test_result_base': None}
[0.283s] INFO:colcon.colcon_core.executor:Executing jobs using 'parallel' executor
[0.284s] DEBUG:colcon.colcon_parallel_executor.executor.parallel:run_until_complete
[0.285s] INFO:colcon.colcon_ros.task.ament_python.build:Building ROS package in '/home/ciscor/CISCOR-projects/src/cfw11_ros2_control' with build type 'ament_python'
[0.285s] Level 1:colcon.colcon_core.shell:create_environment_hook('cfw11_ros2_control', 'ament_prefix_path')
[0.287s] INFO:colcon.colcon_core.plugin_system:Skipping extension 'colcon_core.shell.bat': Not used on non-Windows systems
[0.287s] INFO:colcon.colcon_core.shell:Creating environment hook '/home/ciscor/CISCOR-projects/install/cfw11_ros2_control/share/cfw11_ros2_control/hook/ament_prefix_path.ps1'
[0.288s] INFO:colcon.colcon_core.shell:Creating environment descriptor '/home/ciscor/CISCOR-projects/install/cfw11_ros2_control/share/cfw11_ros2_control/hook/ament_prefix_path.dsv'
[0.288s] INFO:colcon.colcon_core.shell:Creating environment hook '/home/ciscor/CISCOR-projects/install/cfw11_ros2_control/share/cfw11_ros2_control/hook/ament_prefix_path.sh'
[0.289s] INFO:colcon.colcon_core.shell:Skip shell extension 'powershell' for command environment: Not usable outside of PowerShell
[0.289s] DEBUG:colcon.colcon_core.shell:Skip shell extension 'dsv' for command environment
[0.293s] INFO:colcon.colcon_ros.task.ament_python.build:Building ROS package in '/home/ciscor/CISCOR-projects/my_rqt_cfw11_gui' with build type 'ament_python'
[0.293s] Level 1:colcon.colcon_core.shell:create_environment_hook('my_rqt_cfw11_gui', 'ament_prefix_path')
[0.293s] INFO:colcon.colcon_core.shell:Creating environment hook '/home/ciscor/CISCOR-projects/install/my_rqt_cfw11_gui/share/my_rqt_cfw11_gui/hook/ament_prefix_path.ps1'
[0.294s] INFO:colcon.colcon_core.shell:Creating environment descriptor '/home/ciscor/CISCOR-projects/install/my_rqt_cfw11_gui/share/my_rqt_cfw11_gui/hook/ament_prefix_path.dsv'
[0.294s] INFO:colcon.colcon_core.shell:Creating environment hook '/home/ciscor/CISCOR-projects/install/my_rqt_cfw11_gui/share/my_rqt_cfw11_gui/hook/ament_prefix_path.sh'
[0.295s] INFO:colcon.colcon_core.shell:Skip shell extension 'powershell' for command environment: Not usable outside of PowerShell
[0.295s] DEBUG:colcon.colcon_core.shell:Skip shell extension 'dsv' for command environment
[0.299s] INFO:colcon.colcon_ros.task.ament_python.build:Building ROS package in '/home/ciscor/CISCOR-projects/src/my_rqt_speed_slider' with build type 'ament_python'
[0.300s] Level 1:colcon.colcon_core.shell:create_environment_hook('my_rqt_speed_slider', 'ament_prefix_path')
[0.300s] INFO:colcon.colcon_core.shell:Creating environment hook '/home/ciscor/CISCOR-projects/install/my_rqt_speed_slider/share/my_rqt_speed_slider/hook/ament_prefix_path.ps1'
[0.301s] INFO:colcon.colcon_core.shell:Creating environment descriptor '/home/ciscor/CISCOR-projects/install/my_rqt_speed_slider/share/my_rqt_speed_slider/hook/ament_prefix_path.dsv'
[0.301s] INFO:colcon.colcon_core.shell:Creating environment hook '/home/ciscor/CISCOR-projects/install/my_rqt_speed_slider/share/my_rqt_speed_slider/hook/ament_prefix_path.sh'
[0.302s] INFO:colcon.colcon_core.shell:Skip shell extension 'powershell' for command environment: Not usable outside of PowerShell
[0.302s] DEBUG:colcon.colcon_core.shell:Skip shell extension 'dsv' for command environment
[0.562s] INFO:colcon.colcon_core.task.python.build:Building Python package in '/home/ciscor/CISCOR-projects/src/cfw11_ros2_control'
[0.562s] INFO:colcon.colcon_core.shell:Skip shell extension 'powershell' for command environment: Not usable outside of PowerShell
[0.562s] DEBUG:colcon.colcon_core.shell:Skip shell extension 'dsv' for command environment
[0.822s] WARNING:colcon.colcon_ros.task.ament_python.build:Package 'my_rqt_cfw11_gui' doesn't explicitly install a marker in the package index (colcon-ros currently does it implicitly but that fallback will be removed in the future)
[0.823s] WARNING:colcon.colcon_ros.task.ament_python.build:Package 'my_rqt_cfw11_gui' doesn't explicitly install the 'package.xml' file (colcon-ros currently does it implicitly but that fallback will be removed in the future)
[0.824s] INFO:colcon.colcon_core.task.python.build:Building Python package in '/home/ciscor/CISCOR-projects/my_rqt_cfw11_gui'
[0.824s] INFO:colcon.colcon_core.shell:Skip shell extension 'powershell' for command environment: Not usable outside of PowerShell
[0.824s] DEBUG:colcon.colcon_core.shell:Skip shell extension 'dsv' for command environment
[1.074s] INFO:colcon.colcon_core.task.python.build:Building Python package in '/home/ciscor/CISCOR-projects/src/my_rqt_speed_slider'
[1.075s] INFO:colcon.colcon_core.shell:Skip shell extension 'powershell' for command environment: Not usable outside of PowerShell
[1.075s] DEBUG:colcon.colcon_core.shell:Skip shell extension 'dsv' for command environment
[1.835s] DEBUG:colcon.colcon_core.event_handler.log_command:Invoking command in '/home/ciscor/CISCOR-projects/src/my_rqt_speed_slider': DEBUGINFOD_URLS=https://debuginfod.ubuntu.com PYTHONPATH=/home/ciscor/CISCOR-projects/build/my_rqt_speed_slider/prefix_override:/usr/lib/python3/dist-packages/colcon_core/task/python/colcon_distutils_commands:/home/ciscor/CISCOR-projects/install/my_rqt_speed_slider/lib/python3.12/site-packages:${PYTHONPATH} /usr/bin/python3 -W ignore:setup.py install is deprecated -W ignore:easy_install command is deprecated setup.py egg_info --egg-base ../../build/my_rqt_speed_slider build --build-base /home/ciscor/CISCOR-projects/build/my_rqt_speed_slider/build install --record /home/ciscor/CISCOR-projects/build/my_rqt_speed_slider/install.log --single-version-externally-managed install_data
[1.850s] DEBUG:colcon.colcon_core.event_handler.log_command:Invoking command in '/home/ciscor/CISCOR-projects/my_rqt_cfw11_gui': DEBUGINFOD_URLS=https://debuginfod.ubuntu.com PYTHONPATH=/home/ciscor/CISCOR-projects/build/my_rqt_cfw11_gui/prefix_override:/usr/lib/python3/dist-packages/colcon_core/task/python/colcon_distutils_commands:/home/ciscor/CISCOR-projects/install/my_rqt_cfw11_gui/lib/python3.12/site-packages:${PYTHONPATH} /usr/bin/python3 -W ignore:setup.py install is deprecated -W ignore:easy_install command is deprecated setup.py egg_info --egg-base ../build/my_rqt_cfw11_gui build --build-base /home/ciscor/CISCOR-projects/build/my_rqt_cfw11_gui/build install --record /home/ciscor/CISCOR-projects/build/my_rqt_cfw11_gui/install.log --single-version-externally-managed install_data
[1.886s] DEBUG:colcon.colcon_core.event_handler.log_command:Invoking command in '/home/ciscor/CISCOR-projects/src/cfw11_ros2_control': DEBUGINFOD_URLS=https://debuginfod.ubuntu.com PYTHONPATH=/home/ciscor/CISCOR-projects/build/cfw11_ros2_control/prefix_override:/usr/lib/python3/dist-packages/colcon_core/task/python/colcon_distutils_commands:/home/ciscor/CISCOR-projects/install/cfw11_ros2_control/lib/python3.12/site-packages:${PYTHONPATH} /usr/bin/python3 -W ignore:setup.py install is deprecated -W ignore:easy_install command is deprecated setup.py egg_info --egg-base ../../build/cfw11_ros2_control build --build-base /home/ciscor/CISCOR-projects/build/cfw11_ros2_control/build install --record /home/ciscor/CISCOR-projects/build/cfw11_ros2_control/install.log --single-version-externally-managed install_data
[2.339s] DEBUG:colcon.colcon_core.event_handler.log_command:Invoked command in '/home/ciscor/CISCOR-projects/my_rqt_cfw11_gui' returned '1': DEBUGINFOD_URLS=https://debuginfod.ubuntu.com PYTHONPATH=/home/ciscor/CISCOR-projects/build/my_rqt_cfw11_gui/prefix_override:/usr/lib/python3/dist-packages/colcon_core/task/python/colcon_distutils_commands:/home/ciscor/CISCOR-projects/install/my_rqt_cfw11_gui/lib/python3.12/site-packages:${PYTHONPATH} /usr/bin/python3 -W ignore:setup.py install is deprecated -W ignore:easy_install command is deprecated setup.py egg_info --egg-base ../build/my_rqt_cfw11_gui build --build-base /home/ciscor/CISCOR-projects/build/my_rqt_cfw11_gui/build install --record /home/ciscor/CISCOR-projects/build/my_rqt_cfw11_gui/install.log --single-version-externally-managed install_data
[2.610s] DEBUG:colcon.colcon_parallel_executor.executor.parallel:closing loop
[2.611s] DEBUG:colcon.colcon_parallel_executor.executor.parallel:loop closed
[2.611s] DEBUG:colcon.colcon_parallel_executor.executor.parallel:run_until_complete finished with '1'
[2.611s] DEBUG:colcon.colcon_core.event_reactor:joining thread
[2.619s] INFO:colcon.colcon_core.plugin_system:Skipping extension 'colcon_notification.desktop_notification.terminal_notifier': Not used on non-Darwin systems
[2.619s] INFO:colcon.colcon_core.plugin_system:Skipping extension 'colcon_notification.desktop_notification.win32': Not used on non-Windows systems
[2.619s] INFO:colcon.colcon_notification.desktop_notification:Sending desktop notification using 'notify2'
[2.635s] DEBUG:colcon.colcon_core.event_reactor:joined thread
[2.636s] INFO:colcon.colcon_core.shell:Creating prefix script '/home/ciscor/CISCOR-projects/install/local_setup.ps1'
[2.637s] INFO:colcon.colcon_core.shell:Creating prefix util module '/home/ciscor/CISCOR-projects/install/_local_setup_util_ps1.py'
[2.638s] INFO:colcon.colcon_core.shell:Creating prefix chain script '/home/ciscor/CISCOR-projects/install/setup.ps1'
[2.639s] INFO:colcon.colcon_core.shell:Creating prefix script '/home/ciscor/CISCOR-projects/install/local_setup.sh'
[2.640s] INFO:colcon.colcon_core.shell:Creating prefix util module '/home/ciscor/CISCOR-projects/install/_local_setup_util_sh.py'
[2.640s] INFO:colcon.colcon_core.shell:Creating prefix chain script '/home/ciscor/CISCOR-projects/install/setup.sh'
[2.641s] INFO:colcon.colcon_core.shell:Creating prefix script '/home/ciscor/CISCOR-projects/install/local_setup.bash'
[2.642s] INFO:colcon.colcon_core.shell:Creating prefix chain script '/home/ciscor/CISCOR-projects/install/setup.bash'
[2.643s] INFO:colcon.colcon_core.shell:Creating prefix script '/home/ciscor/CISCOR-projects/install/local_setup.zsh'
[2.644s] INFO:colcon.colcon_core.shell:Creating prefix chain script '/home/ciscor/CISCOR-projects/install/setup.zsh'
