[0.109s] DEBUG:colcon:Command line arguments: ['/usr/bin/colcon', 'build']
[0.109s] DEBUG:colcon:Parsed command line arguments: Namespace(log_base=None, log_level=None, verb_name='build', build_base='build', install_base='install', merge_install=False, symlink_install=False, test_result_base=None, continue_on_error=False, executor='parallel', parallel_workers=4, event_handlers=None, ignore_user_meta=False, metas=['./colcon.meta'], base_paths=['.'], packages_ignore=None, packages_ignore_regex=None, paths=None, packages_up_to=None, packages_up_to_regex=None, packages_above=None, packages_above_and_dependencies=None, packages_above_depth=None, packages_select_by_dep=None, packages_skip_by_dep=None, packages_skip_up_to=None, packages_select_build_failed=False, packages_skip_build_finished=False, packages_select_test_failures=False, packages_skip_test_passed=False, packages_select=None, packages_skip=None, packages_select_regex=None, packages_skip_regex=None, packages_start=None, packages_end=None, allow_overriding=[], cmake_args=None, cmake_target=None, cmake_target_skip_unavailable=False, cmake_clean_cache=False, cmake_clean_first=False, cmake_force_configure=False, ament_cmake_args=None, catkin_cmake_args=None, catkin_skip_building_tests=False, mixin_files=None, mixin=None, verb_parser=<colcon_mixin.mixin.mixin_argument.MixinArgumentDecorator object at 0x7b0a2f998920>, verb_extension=<colcon_core.verb.build.BuildVerb object at 0x7b0a2f998620>, main=<bound method BuildVerb.main of <colcon_core.verb.build.BuildVerb object at 0x7b0a2f998620>>, mixin_verb=('build',))
[0.149s] Level 1:colcon.colcon_core.package_discovery:discover_packages(colcon_meta) check parameters
[0.149s] INFO:colcon.colcon_metadata.package_discovery.colcon_meta:Empty metadata file '/home/ciscor/CISCOR-projects/colcon.meta'
[0.149s] Level 1:colcon.colcon_core.package_discovery:discover_packages(recursive) check parameters
[0.149s] Level 1:colcon.colcon_core.package_discovery:discover_packages(ignore) check parameters
[0.149s] Level 1:colcon.colcon_core.package_discovery:discover_packages(path) check parameters
[0.149s] Level 1:colcon.colcon_core.package_discovery:discover_packages(colcon_meta) discover
[0.150s] Level 1:colcon.colcon_core.package_discovery:discover_packages(recursive) discover
[0.150s] INFO:colcon.colcon_core.package_discovery:Crawling recursively for packages in '/home/ciscor/CISCOR-projects'
[0.150s] Level 1:colcon.colcon_core.package_identification:_identify(.) by extensions ['ignore', 'ignore_ament_install']
[0.150s] Level 1:colcon.colcon_core.package_identification:_identify(.) by extension 'ignore'
[0.150s] Level 1:colcon.colcon_core.package_identification:_identify(.) by extension 'ignore_ament_install'
[0.150s] Level 1:colcon.colcon_core.package_identification:_identify(.) by extensions ['colcon_pkg']
[0.150s] Level 1:colcon.colcon_core.package_identification:_identify(.) by extension 'colcon_pkg'
[0.150s] Level 1:colcon.colcon_core.package_identification:_identify(.) by extensions ['colcon_meta']
[0.150s] Level 1:colcon.colcon_core.package_identification:_identify(.) by extension 'colcon_meta'
[0.150s] Level 1:colcon.colcon_core.package_identification:_identify(.) by extensions ['ros']
[0.150s] Level 1:colcon.colcon_core.package_identification:_identify(.) by extension 'ros'
[0.174s] Level 1:colcon.colcon_core.package_identification:_identify(.) by extensions ['cmake', 'python']
[0.174s] Level 1:colcon.colcon_core.package_identification:_identify(.) by extension 'cmake'
[0.174s] Level 1:colcon.colcon_core.package_identification:_identify(.) by extension 'python'
[0.174s] Level 1:colcon.colcon_core.package_identification:_identify(.) by extensions ['python_setup_py']
[0.174s] Level 1:colcon.colcon_core.package_identification:_identify(.) by extension 'python_setup_py'
[0.174s] Level 1:colcon.colcon_core.package_identification:_identify(build) by extensions ['ignore', 'ignore_ament_install']
[0.174s] Level 1:colcon.colcon_core.package_identification:_identify(build) by extension 'ignore'
[0.175s] Level 1:colcon.colcon_core.package_identification:_identify(build) ignored
[0.175s] Level 1:colcon.colcon_core.package_identification:_identify(install) by extensions ['ignore', 'ignore_ament_install']
[0.175s] Level 1:colcon.colcon_core.package_identification:_identify(install) by extension 'ignore'
[0.175s] Level 1:colcon.colcon_core.package_identification:_identify(install) ignored
[0.175s] Level 1:colcon.colcon_core.package_identification:_identify(log) by extensions ['ignore', 'ignore_ament_install']
[0.175s] Level 1:colcon.colcon_core.package_identification:_identify(log) by extension 'ignore'
[0.175s] Level 1:colcon.colcon_core.package_identification:_identify(log) ignored
[0.175s] Level 1:colcon.colcon_core.package_identification:_identify(qmodbus) by extensions ['ignore', 'ignore_ament_install']
[0.175s] Level 1:colcon.colcon_core.package_identification:_identify(qmodbus) by extension 'ignore'
[0.176s] Level 1:colcon.colcon_core.package_identification:_identify(qmodbus) by extension 'ignore_ament_install'
[0.176s] Level 1:colcon.colcon_core.package_identification:_identify(qmodbus) by extensions ['colcon_pkg']
[0.176s] Level 1:colcon.colcon_core.package_identification:_identify(qmodbus) by extension 'colcon_pkg'
[0.176s] Level 1:colcon.colcon_core.package_identification:_identify(qmodbus) by extensions ['colcon_meta']
[0.176s] Level 1:colcon.colcon_core.package_identification:_identify(qmodbus) by extension 'colcon_meta'
[0.176s] Level 1:colcon.colcon_core.package_identification:_identify(qmodbus) by extensions ['ros']
[0.176s] Level 1:colcon.colcon_core.package_identification:_identify(qmodbus) by extension 'ros'
[0.176s] Level 1:colcon.colcon_core.package_identification:_identify(qmodbus) by extensions ['cmake', 'python']
[0.176s] Level 1:colcon.colcon_core.package_identification:_identify(qmodbus) by extension 'cmake'
[0.176s] Level 1:colcon.colcon_core.package_identification:_identify(qmodbus) by extension 'python'
[0.176s] Level 1:colcon.colcon_core.package_identification:_identify(qmodbus) by extensions ['python_setup_py']
[0.176s] Level 1:colcon.colcon_core.package_identification:_identify(qmodbus) by extension 'python_setup_py'
[0.176s] Level 1:colcon.colcon_core.package_identification:_identify(qmodbus/3rdparty) by extensions ['ignore', 'ignore_ament_install']
[0.176s] Level 1:colcon.colcon_core.package_identification:_identify(qmodbus/3rdparty) by extension 'ignore'
[0.176s] Level 1:colcon.colcon_core.package_identification:_identify(qmodbus/3rdparty) by extension 'ignore_ament_install'
[0.176s] Level 1:colcon.colcon_core.package_identification:_identify(qmodbus/3rdparty) by extensions ['colcon_pkg']
[0.176s] Level 1:colcon.colcon_core.package_identification:_identify(qmodbus/3rdparty) by extension 'colcon_pkg'
[0.176s] Level 1:colcon.colcon_core.package_identification:_identify(qmodbus/3rdparty) by extensions ['colcon_meta']
[0.176s] Level 1:colcon.colcon_core.package_identification:_identify(qmodbus/3rdparty) by extension 'colcon_meta'
[0.177s] Level 1:colcon.colcon_core.package_identification:_identify(qmodbus/3rdparty) by extensions ['ros']
[0.177s] Level 1:colcon.colcon_core.package_identification:_identify(qmodbus/3rdparty) by extension 'ros'
[0.177s] Level 1:colcon.colcon_core.package_identification:_identify(qmodbus/3rdparty) by extensions ['cmake', 'python']
[0.177s] Level 1:colcon.colcon_core.package_identification:_identify(qmodbus/3rdparty) by extension 'cmake'
[0.177s] Level 1:colcon.colcon_core.package_identification:_identify(qmodbus/3rdparty) by extension 'python'
[0.177s] Level 1:colcon.colcon_core.package_identification:_identify(qmodbus/3rdparty) by extensions ['python_setup_py']
[0.177s] Level 1:colcon.colcon_core.package_identification:_identify(qmodbus/3rdparty) by extension 'python_setup_py'
[0.177s] Level 1:colcon.colcon_core.package_identification:_identify(qmodbus/3rdparty/libmodbus) by extensions ['ignore', 'ignore_ament_install']
[0.177s] Level 1:colcon.colcon_core.package_identification:_identify(qmodbus/3rdparty/libmodbus) by extension 'ignore'
[0.177s] Level 1:colcon.colcon_core.package_identification:_identify(qmodbus/3rdparty/libmodbus) by extension 'ignore_ament_install'
[0.177s] Level 1:colcon.colcon_core.package_identification:_identify(qmodbus/3rdparty/libmodbus) by extensions ['colcon_pkg']
[0.177s] Level 1:colcon.colcon_core.package_identification:_identify(qmodbus/3rdparty/libmodbus) by extension 'colcon_pkg'
[0.177s] Level 1:colcon.colcon_core.package_identification:_identify(qmodbus/3rdparty/libmodbus) by extensions ['colcon_meta']
[0.177s] Level 1:colcon.colcon_core.package_identification:_identify(qmodbus/3rdparty/libmodbus) by extension 'colcon_meta'
[0.177s] Level 1:colcon.colcon_core.package_identification:_identify(qmodbus/3rdparty/libmodbus) by extensions ['ros']
[0.177s] Level 1:colcon.colcon_core.package_identification:_identify(qmodbus/3rdparty/libmodbus) by extension 'ros'
[0.177s] Level 1:colcon.colcon_core.package_identification:_identify(qmodbus/3rdparty/libmodbus) by extensions ['cmake', 'python']
[0.177s] Level 1:colcon.colcon_core.package_identification:_identify(qmodbus/3rdparty/libmodbus) by extension 'cmake'
[0.177s] Level 1:colcon.colcon_core.package_identification:_identify(qmodbus/3rdparty/libmodbus) by extension 'python'
[0.178s] Level 1:colcon.colcon_core.package_identification:_identify(qmodbus/3rdparty/libmodbus) by extensions ['python_setup_py']
[0.178s] Level 1:colcon.colcon_core.package_identification:_identify(qmodbus/3rdparty/libmodbus) by extension 'python_setup_py'
[0.178s] Level 1:colcon.colcon_core.package_identification:_identify(qmodbus/3rdparty/libmodbus/debian) by extensions ['ignore', 'ignore_ament_install']
[0.178s] Level 1:colcon.colcon_core.package_identification:_identify(qmodbus/3rdparty/libmodbus/debian) by extension 'ignore'
[0.178s] Level 1:colcon.colcon_core.package_identification:_identify(qmodbus/3rdparty/libmodbus/debian) by extension 'ignore_ament_install'
[0.178s] Level 1:colcon.colcon_core.package_identification:_identify(qmodbus/3rdparty/libmodbus/debian) by extensions ['colcon_pkg']
[0.178s] Level 1:colcon.colcon_core.package_identification:_identify(qmodbus/3rdparty/libmodbus/debian) by extension 'colcon_pkg'
[0.178s] Level 1:colcon.colcon_core.package_identification:_identify(qmodbus/3rdparty/libmodbus/debian) by extensions ['colcon_meta']
[0.178s] Level 1:colcon.colcon_core.package_identification:_identify(qmodbus/3rdparty/libmodbus/debian) by extension 'colcon_meta'
[0.178s] Level 1:colcon.colcon_core.package_identification:_identify(qmodbus/3rdparty/libmodbus/debian) by extensions ['ros']
[0.178s] Level 1:colcon.colcon_core.package_identification:_identify(qmodbus/3rdparty/libmodbus/debian) by extension 'ros'
[0.178s] Level 1:colcon.colcon_core.package_identification:_identify(qmodbus/3rdparty/libmodbus/debian) by extensions ['cmake', 'python']
[0.178s] Level 1:colcon.colcon_core.package_identification:_identify(qmodbus/3rdparty/libmodbus/debian) by extension 'cmake'
[0.178s] Level 1:colcon.colcon_core.package_identification:_identify(qmodbus/3rdparty/libmodbus/debian) by extension 'python'
[0.178s] Level 1:colcon.colcon_core.package_identification:_identify(qmodbus/3rdparty/libmodbus/debian) by extensions ['python_setup_py']
[0.178s] Level 1:colcon.colcon_core.package_identification:_identify(qmodbus/3rdparty/libmodbus/debian) by extension 'python_setup_py'
[0.178s] Level 1:colcon.colcon_core.package_identification:_identify(qmodbus/3rdparty/libmodbus/debian/source) by extensions ['ignore', 'ignore_ament_install']
[0.179s] Level 1:colcon.colcon_core.package_identification:_identify(qmodbus/3rdparty/libmodbus/debian/source) by extension 'ignore'
[0.179s] Level 1:colcon.colcon_core.package_identification:_identify(qmodbus/3rdparty/libmodbus/debian/source) by extension 'ignore_ament_install'
[0.179s] Level 1:colcon.colcon_core.package_identification:_identify(qmodbus/3rdparty/libmodbus/debian/source) by extensions ['colcon_pkg']
[0.179s] Level 1:colcon.colcon_core.package_identification:_identify(qmodbus/3rdparty/libmodbus/debian/source) by extension 'colcon_pkg'
[0.179s] Level 1:colcon.colcon_core.package_identification:_identify(qmodbus/3rdparty/libmodbus/debian/source) by extensions ['colcon_meta']
[0.179s] Level 1:colcon.colcon_core.package_identification:_identify(qmodbus/3rdparty/libmodbus/debian/source) by extension 'colcon_meta'
[0.179s] Level 1:colcon.colcon_core.package_identification:_identify(qmodbus/3rdparty/libmodbus/debian/source) by extensions ['ros']
[0.179s] Level 1:colcon.colcon_core.package_identification:_identify(qmodbus/3rdparty/libmodbus/debian/source) by extension 'ros'
[0.179s] Level 1:colcon.colcon_core.package_identification:_identify(qmodbus/3rdparty/libmodbus/debian/source) by extensions ['cmake', 'python']
[0.179s] Level 1:colcon.colcon_core.package_identification:_identify(qmodbus/3rdparty/libmodbus/debian/source) by extension 'cmake'
[0.179s] Level 1:colcon.colcon_core.package_identification:_identify(qmodbus/3rdparty/libmodbus/debian/source) by extension 'python'
[0.179s] Level 1:colcon.colcon_core.package_identification:_identify(qmodbus/3rdparty/libmodbus/debian/source) by extensions ['python_setup_py']
[0.179s] Level 1:colcon.colcon_core.package_identification:_identify(qmodbus/3rdparty/libmodbus/debian/source) by extension 'python_setup_py'
[0.179s] Level 1:colcon.colcon_core.package_identification:_identify(qmodbus/3rdparty/libmodbus/doc) by extensions ['ignore', 'ignore_ament_install']
[0.179s] Level 1:colcon.colcon_core.package_identification:_identify(qmodbus/3rdparty/libmodbus/doc) by extension 'ignore'
[0.179s] Level 1:colcon.colcon_core.package_identification:_identify(qmodbus/3rdparty/libmodbus/doc) by extension 'ignore_ament_install'
[0.180s] Level 1:colcon.colcon_core.package_identification:_identify(qmodbus/3rdparty/libmodbus/doc) by extensions ['colcon_pkg']
[0.180s] Level 1:colcon.colcon_core.package_identification:_identify(qmodbus/3rdparty/libmodbus/doc) by extension 'colcon_pkg'
[0.180s] Level 1:colcon.colcon_core.package_identification:_identify(qmodbus/3rdparty/libmodbus/doc) by extensions ['colcon_meta']
[0.180s] Level 1:colcon.colcon_core.package_identification:_identify(qmodbus/3rdparty/libmodbus/doc) by extension 'colcon_meta'
[0.180s] Level 1:colcon.colcon_core.package_identification:_identify(qmodbus/3rdparty/libmodbus/doc) by extensions ['ros']
[0.180s] Level 1:colcon.colcon_core.package_identification:_identify(qmodbus/3rdparty/libmodbus/doc) by extension 'ros'
[0.180s] Level 1:colcon.colcon_core.package_identification:_identify(qmodbus/3rdparty/libmodbus/doc) by extensions ['cmake', 'python']
[0.180s] Level 1:colcon.colcon_core.package_identification:_identify(qmodbus/3rdparty/libmodbus/doc) by extension 'cmake'
[0.180s] Level 1:colcon.colcon_core.package_identification:_identify(qmodbus/3rdparty/libmodbus/doc) by extension 'python'
[0.180s] Level 1:colcon.colcon_core.package_identification:_identify(qmodbus/3rdparty/libmodbus/doc) by extensions ['python_setup_py']
[0.180s] Level 1:colcon.colcon_core.package_identification:_identify(qmodbus/3rdparty/libmodbus/doc) by extension 'python_setup_py'
[0.180s] Level 1:colcon.colcon_core.package_identification:_identify(qmodbus/3rdparty/libmodbus/m4) by extensions ['ignore', 'ignore_ament_install']
[0.180s] Level 1:colcon.colcon_core.package_identification:_identify(qmodbus/3rdparty/libmodbus/m4) by extension 'ignore'
[0.180s] Level 1:colcon.colcon_core.package_identification:_identify(qmodbus/3rdparty/libmodbus/m4) by extension 'ignore_ament_install'
[0.180s] Level 1:colcon.colcon_core.package_identification:_identify(qmodbus/3rdparty/libmodbus/m4) by extensions ['colcon_pkg']
[0.180s] Level 1:colcon.colcon_core.package_identification:_identify(qmodbus/3rdparty/libmodbus/m4) by extension 'colcon_pkg'
[0.180s] Level 1:colcon.colcon_core.package_identification:_identify(qmodbus/3rdparty/libmodbus/m4) by extensions ['colcon_meta']
[0.181s] Level 1:colcon.colcon_core.package_identification:_identify(qmodbus/3rdparty/libmodbus/m4) by extension 'colcon_meta'
[0.181s] Level 1:colcon.colcon_core.package_identification:_identify(qmodbus/3rdparty/libmodbus/m4) by extensions ['ros']
[0.181s] Level 1:colcon.colcon_core.package_identification:_identify(qmodbus/3rdparty/libmodbus/m4) by extension 'ros'
[0.181s] Level 1:colcon.colcon_core.package_identification:_identify(qmodbus/3rdparty/libmodbus/m4) by extensions ['cmake', 'python']
[0.181s] Level 1:colcon.colcon_core.package_identification:_identify(qmodbus/3rdparty/libmodbus/m4) by extension 'cmake'
[0.181s] Level 1:colcon.colcon_core.package_identification:_identify(qmodbus/3rdparty/libmodbus/m4) by extension 'python'
[0.181s] Level 1:colcon.colcon_core.package_identification:_identify(qmodbus/3rdparty/libmodbus/m4) by extensions ['python_setup_py']
[0.181s] Level 1:colcon.colcon_core.package_identification:_identify(qmodbus/3rdparty/libmodbus/m4) by extension 'python_setup_py'
[0.181s] Level 1:colcon.colcon_core.package_identification:_identify(qmodbus/3rdparty/libmodbus/src) by extensions ['ignore', 'ignore_ament_install']
[0.181s] Level 1:colcon.colcon_core.package_identification:_identify(qmodbus/3rdparty/libmodbus/src) by extension 'ignore'
[0.181s] Level 1:colcon.colcon_core.package_identification:_identify(qmodbus/3rdparty/libmodbus/src) by extension 'ignore_ament_install'
[0.181s] Level 1:colcon.colcon_core.package_identification:_identify(qmodbus/3rdparty/libmodbus/src) by extensions ['colcon_pkg']
[0.181s] Level 1:colcon.colcon_core.package_identification:_identify(qmodbus/3rdparty/libmodbus/src) by extension 'colcon_pkg'
[0.181s] Level 1:colcon.colcon_core.package_identification:_identify(qmodbus/3rdparty/libmodbus/src) by extensions ['colcon_meta']
[0.181s] Level 1:colcon.colcon_core.package_identification:_identify(qmodbus/3rdparty/libmodbus/src) by extension 'colcon_meta'
[0.181s] Level 1:colcon.colcon_core.package_identification:_identify(qmodbus/3rdparty/libmodbus/src) by extensions ['ros']
[0.181s] Level 1:colcon.colcon_core.package_identification:_identify(qmodbus/3rdparty/libmodbus/src) by extension 'ros'
[0.182s] Level 1:colcon.colcon_core.package_identification:_identify(qmodbus/3rdparty/libmodbus/src) by extensions ['cmake', 'python']
[0.182s] Level 1:colcon.colcon_core.package_identification:_identify(qmodbus/3rdparty/libmodbus/src) by extension 'cmake'
[0.182s] Level 1:colcon.colcon_core.package_identification:_identify(qmodbus/3rdparty/libmodbus/src) by extension 'python'
[0.182s] Level 1:colcon.colcon_core.package_identification:_identify(qmodbus/3rdparty/libmodbus/src) by extensions ['python_setup_py']
[0.182s] Level 1:colcon.colcon_core.package_identification:_identify(qmodbus/3rdparty/libmodbus/src) by extension 'python_setup_py'
[0.182s] Level 1:colcon.colcon_core.package_identification:_identify(qmodbus/3rdparty/libmodbus/src/win32) by extensions ['ignore', 'ignore_ament_install']
[0.182s] Level 1:colcon.colcon_core.package_identification:_identify(qmodbus/3rdparty/libmodbus/src/win32) by extension 'ignore'
[0.182s] Level 1:colcon.colcon_core.package_identification:_identify(qmodbus/3rdparty/libmodbus/src/win32) by extension 'ignore_ament_install'
[0.182s] Level 1:colcon.colcon_core.package_identification:_identify(qmodbus/3rdparty/libmodbus/src/win32) by extensions ['colcon_pkg']
[0.182s] Level 1:colcon.colcon_core.package_identification:_identify(qmodbus/3rdparty/libmodbus/src/win32) by extension 'colcon_pkg'
[0.182s] Level 1:colcon.colcon_core.package_identification:_identify(qmodbus/3rdparty/libmodbus/src/win32) by extensions ['colcon_meta']
[0.182s] Level 1:colcon.colcon_core.package_identification:_identify(qmodbus/3rdparty/libmodbus/src/win32) by extension 'colcon_meta'
[0.182s] Level 1:colcon.colcon_core.package_identification:_identify(qmodbus/3rdparty/libmodbus/src/win32) by extensions ['ros']
[0.182s] Level 1:colcon.colcon_core.package_identification:_identify(qmodbus/3rdparty/libmodbus/src/win32) by extension 'ros'
[0.182s] Level 1:colcon.colcon_core.package_identification:_identify(qmodbus/3rdparty/libmodbus/src/win32) by extensions ['cmake', 'python']
[0.182s] Level 1:colcon.colcon_core.package_identification:_identify(qmodbus/3rdparty/libmodbus/src/win32) by extension 'cmake'
[0.182s] Level 1:colcon.colcon_core.package_identification:_identify(qmodbus/3rdparty/libmodbus/src/win32) by extension 'python'
[0.182s] Level 1:colcon.colcon_core.package_identification:_identify(qmodbus/3rdparty/libmodbus/src/win32) by extensions ['python_setup_py']
[0.182s] Level 1:colcon.colcon_core.package_identification:_identify(qmodbus/3rdparty/libmodbus/src/win32) by extension 'python_setup_py'
[0.183s] Level 1:colcon.colcon_core.package_identification:_identify(qmodbus/3rdparty/libmodbus/tests) by extensions ['ignore', 'ignore_ament_install']
[0.183s] Level 1:colcon.colcon_core.package_identification:_identify(qmodbus/3rdparty/libmodbus/tests) by extension 'ignore'
[0.183s] Level 1:colcon.colcon_core.package_identification:_identify(qmodbus/3rdparty/libmodbus/tests) by extension 'ignore_ament_install'
[0.183s] Level 1:colcon.colcon_core.package_identification:_identify(qmodbus/3rdparty/libmodbus/tests) by extensions ['colcon_pkg']
[0.183s] Level 1:colcon.colcon_core.package_identification:_identify(qmodbus/3rdparty/libmodbus/tests) by extension 'colcon_pkg'
[0.183s] Level 1:colcon.colcon_core.package_identification:_identify(qmodbus/3rdparty/libmodbus/tests) by extensions ['colcon_meta']
[0.183s] Level 1:colcon.colcon_core.package_identification:_identify(qmodbus/3rdparty/libmodbus/tests) by extension 'colcon_meta'
[0.183s] Level 1:colcon.colcon_core.package_identification:_identify(qmodbus/3rdparty/libmodbus/tests) by extensions ['ros']
[0.183s] Level 1:colcon.colcon_core.package_identification:_identify(qmodbus/3rdparty/libmodbus/tests) by extension 'ros'
[0.183s] Level 1:colcon.colcon_core.package_identification:_identify(qmodbus/3rdparty/libmodbus/tests) by extensions ['cmake', 'python']
[0.183s] Level 1:colcon.colcon_core.package_identification:_identify(qmodbus/3rdparty/libmodbus/tests) by extension 'cmake'
[0.183s] Level 1:colcon.colcon_core.package_identification:_identify(qmodbus/3rdparty/libmodbus/tests) by extension 'python'
[0.183s] Level 1:colcon.colcon_core.package_identification:_identify(qmodbus/3rdparty/libmodbus/tests) by extensions ['python_setup_py']
[0.183s] Level 1:colcon.colcon_core.package_identification:_identify(qmodbus/3rdparty/libmodbus/tests) by extension 'python_setup_py'
[0.183s] Level 1:colcon.colcon_core.package_identification:_identify(qmodbus/3rdparty/qextserialport) by extensions ['ignore', 'ignore_ament_install']
[0.183s] Level 1:colcon.colcon_core.package_identification:_identify(qmodbus/3rdparty/qextserialport) by extension 'ignore'
[0.184s] Level 1:colcon.colcon_core.package_identification:_identify(qmodbus/3rdparty/qextserialport) by extension 'ignore_ament_install'
[0.184s] Level 1:colcon.colcon_core.package_identification:_identify(qmodbus/3rdparty/qextserialport) by extensions ['colcon_pkg']
[0.184s] Level 1:colcon.colcon_core.package_identification:_identify(qmodbus/3rdparty/qextserialport) by extension 'colcon_pkg'
[0.184s] Level 1:colcon.colcon_core.package_identification:_identify(qmodbus/3rdparty/qextserialport) by extensions ['colcon_meta']
[0.184s] Level 1:colcon.colcon_core.package_identification:_identify(qmodbus/3rdparty/qextserialport) by extension 'colcon_meta'
[0.184s] Level 1:colcon.colcon_core.package_identification:_identify(qmodbus/3rdparty/qextserialport) by extensions ['ros']
[0.184s] Level 1:colcon.colcon_core.package_identification:_identify(qmodbus/3rdparty/qextserialport) by extension 'ros'
[0.184s] Level 1:colcon.colcon_core.package_identification:_identify(qmodbus/3rdparty/qextserialport) by extensions ['cmake', 'python']
[0.184s] Level 1:colcon.colcon_core.package_identification:_identify(qmodbus/3rdparty/qextserialport) by extension 'cmake'
[0.184s] Level 1:colcon.colcon_core.package_identification:_identify(qmodbus/3rdparty/qextserialport) by extension 'python'
[0.184s] Level 1:colcon.colcon_core.package_identification:_identify(qmodbus/3rdparty/qextserialport) by extensions ['python_setup_py']
[0.184s] Level 1:colcon.colcon_core.package_identification:_identify(qmodbus/3rdparty/qextserialport) by extension 'python_setup_py'
[0.184s] Level 1:colcon.colcon_core.package_identification:_identify(qmodbus/data) by extensions ['ignore', 'ignore_ament_install']
[0.184s] Level 1:colcon.colcon_core.package_identification:_identify(qmodbus/data) by extension 'ignore'
[0.184s] Level 1:colcon.colcon_core.package_identification:_identify(qmodbus/data) by extension 'ignore_ament_install'
[0.184s] Level 1:colcon.colcon_core.package_identification:_identify(qmodbus/data) by extensions ['colcon_pkg']
[0.184s] Level 1:colcon.colcon_core.package_identification:_identify(qmodbus/data) by extension 'colcon_pkg'
[0.185s] Level 1:colcon.colcon_core.package_identification:_identify(qmodbus/data) by extensions ['colcon_meta']
[0.185s] Level 1:colcon.colcon_core.package_identification:_identify(qmodbus/data) by extension 'colcon_meta'
[0.185s] Level 1:colcon.colcon_core.package_identification:_identify(qmodbus/data) by extensions ['ros']
[0.185s] Level 1:colcon.colcon_core.package_identification:_identify(qmodbus/data) by extension 'ros'
[0.185s] Level 1:colcon.colcon_core.package_identification:_identify(qmodbus/data) by extensions ['cmake', 'python']
[0.185s] Level 1:colcon.colcon_core.package_identification:_identify(qmodbus/data) by extension 'cmake'
[0.185s] Level 1:colcon.colcon_core.package_identification:_identify(qmodbus/data) by extension 'python'
[0.185s] Level 1:colcon.colcon_core.package_identification:_identify(qmodbus/data) by extensions ['python_setup_py']
[0.185s] Level 1:colcon.colcon_core.package_identification:_identify(qmodbus/data) by extension 'python_setup_py'
[0.185s] Level 1:colcon.colcon_core.package_identification:_identify(qmodbus/debian) by extensions ['ignore', 'ignore_ament_install']
[0.185s] Level 1:colcon.colcon_core.package_identification:_identify(qmodbus/debian) by extension 'ignore'
[0.185s] Level 1:colcon.colcon_core.package_identification:_identify(qmodbus/debian) by extension 'ignore_ament_install'
[0.185s] Level 1:colcon.colcon_core.package_identification:_identify(qmodbus/debian) by extensions ['colcon_pkg']
[0.185s] Level 1:colcon.colcon_core.package_identification:_identify(qmodbus/debian) by extension 'colcon_pkg'
[0.185s] Level 1:colcon.colcon_core.package_identification:_identify(qmodbus/debian) by extensions ['colcon_meta']
[0.185s] Level 1:colcon.colcon_core.package_identification:_identify(qmodbus/debian) by extension 'colcon_meta'
[0.185s] Level 1:colcon.colcon_core.package_identification:_identify(qmodbus/debian) by extensions ['ros']
[0.185s] Level 1:colcon.colcon_core.package_identification:_identify(qmodbus/debian) by extension 'ros'
[0.185s] Level 1:colcon.colcon_core.package_identification:_identify(qmodbus/debian) by extensions ['cmake', 'python']
[0.185s] Level 1:colcon.colcon_core.package_identification:_identify(qmodbus/debian) by extension 'cmake'
[0.186s] Level 1:colcon.colcon_core.package_identification:_identify(qmodbus/debian) by extension 'python'
[0.186s] Level 1:colcon.colcon_core.package_identification:_identify(qmodbus/debian) by extensions ['python_setup_py']
[0.186s] Level 1:colcon.colcon_core.package_identification:_identify(qmodbus/debian) by extension 'python_setup_py'
[0.186s] Level 1:colcon.colcon_core.package_identification:_identify(qmodbus/flatpak) by extensions ['ignore', 'ignore_ament_install']
[0.186s] Level 1:colcon.colcon_core.package_identification:_identify(qmodbus/flatpak) by extension 'ignore'
[0.186s] Level 1:colcon.colcon_core.package_identification:_identify(qmodbus/flatpak) by extension 'ignore_ament_install'
[0.186s] Level 1:colcon.colcon_core.package_identification:_identify(qmodbus/flatpak) by extensions ['colcon_pkg']
[0.186s] Level 1:colcon.colcon_core.package_identification:_identify(qmodbus/flatpak) by extension 'colcon_pkg'
[0.186s] Level 1:colcon.colcon_core.package_identification:_identify(qmodbus/flatpak) by extensions ['colcon_meta']
[0.186s] Level 1:colcon.colcon_core.package_identification:_identify(qmodbus/flatpak) by extension 'colcon_meta'
[0.186s] Level 1:colcon.colcon_core.package_identification:_identify(qmodbus/flatpak) by extensions ['ros']
[0.186s] Level 1:colcon.colcon_core.package_identification:_identify(qmodbus/flatpak) by extension 'ros'
[0.186s] Level 1:colcon.colcon_core.package_identification:_identify(qmodbus/flatpak) by extensions ['cmake', 'python']
[0.186s] Level 1:colcon.colcon_core.package_identification:_identify(qmodbus/flatpak) by extension 'cmake'
[0.186s] Level 1:colcon.colcon_core.package_identification:_identify(qmodbus/flatpak) by extension 'python'
[0.186s] Level 1:colcon.colcon_core.package_identification:_identify(qmodbus/flatpak) by extensions ['python_setup_py']
[0.186s] Level 1:colcon.colcon_core.package_identification:_identify(qmodbus/flatpak) by extension 'python_setup_py'
[0.186s] Level 1:colcon.colcon_core.package_identification:_identify(qmodbus/forms) by extensions ['ignore', 'ignore_ament_install']
[0.187s] Level 1:colcon.colcon_core.package_identification:_identify(qmodbus/forms) by extension 'ignore'
[0.187s] Level 1:colcon.colcon_core.package_identification:_identify(qmodbus/forms) by extension 'ignore_ament_install'
[0.187s] Level 1:colcon.colcon_core.package_identification:_identify(qmodbus/forms) by extensions ['colcon_pkg']
[0.187s] Level 1:colcon.colcon_core.package_identification:_identify(qmodbus/forms) by extension 'colcon_pkg'
[0.187s] Level 1:colcon.colcon_core.package_identification:_identify(qmodbus/forms) by extensions ['colcon_meta']
[0.187s] Level 1:colcon.colcon_core.package_identification:_identify(qmodbus/forms) by extension 'colcon_meta'
[0.187s] Level 1:colcon.colcon_core.package_identification:_identify(qmodbus/forms) by extensions ['ros']
[0.187s] Level 1:colcon.colcon_core.package_identification:_identify(qmodbus/forms) by extension 'ros'
[0.187s] Level 1:colcon.colcon_core.package_identification:_identify(qmodbus/forms) by extensions ['cmake', 'python']
[0.187s] Level 1:colcon.colcon_core.package_identification:_identify(qmodbus/forms) by extension 'cmake'
[0.187s] Level 1:colcon.colcon_core.package_identification:_identify(qmodbus/forms) by extension 'python'
[0.187s] Level 1:colcon.colcon_core.package_identification:_identify(qmodbus/forms) by extensions ['python_setup_py']
[0.187s] Level 1:colcon.colcon_core.package_identification:_identify(qmodbus/forms) by extension 'python_setup_py'
[0.187s] Level 1:colcon.colcon_core.package_identification:_identify(qmodbus/src) by extensions ['ignore', 'ignore_ament_install']
[0.187s] Level 1:colcon.colcon_core.package_identification:_identify(qmodbus/src) by extension 'ignore'
[0.188s] Level 1:colcon.colcon_core.package_identification:_identify(qmodbus/src) by extension 'ignore_ament_install'
[0.188s] Level 1:colcon.colcon_core.package_identification:_identify(qmodbus/src) by extensions ['colcon_pkg']
[0.188s] Level 1:colcon.colcon_core.package_identification:_identify(qmodbus/src) by extension 'colcon_pkg'
[0.188s] Level 1:colcon.colcon_core.package_identification:_identify(qmodbus/src) by extensions ['colcon_meta']
[0.188s] Level 1:colcon.colcon_core.package_identification:_identify(qmodbus/src) by extension 'colcon_meta'
[0.188s] Level 1:colcon.colcon_core.package_identification:_identify(qmodbus/src) by extensions ['ros']
[0.188s] Level 1:colcon.colcon_core.package_identification:_identify(qmodbus/src) by extension 'ros'
[0.188s] Level 1:colcon.colcon_core.package_identification:_identify(qmodbus/src) by extensions ['cmake', 'python']
[0.188s] Level 1:colcon.colcon_core.package_identification:_identify(qmodbus/src) by extension 'cmake'
[0.188s] Level 1:colcon.colcon_core.package_identification:_identify(qmodbus/src) by extension 'python'
[0.188s] Level 1:colcon.colcon_core.package_identification:_identify(qmodbus/src) by extensions ['python_setup_py']
[0.188s] Level 1:colcon.colcon_core.package_identification:_identify(qmodbus/src) by extension 'python_setup_py'
[0.188s] Level 1:colcon.colcon_core.package_identification:_identify(src) by extensions ['ignore', 'ignore_ament_install']
[0.188s] Level 1:colcon.colcon_core.package_identification:_identify(src) by extension 'ignore'
[0.188s] Level 1:colcon.colcon_core.package_identification:_identify(src) by extension 'ignore_ament_install'
[0.188s] Level 1:colcon.colcon_core.package_identification:_identify(src) by extensions ['colcon_pkg']
[0.188s] Level 1:colcon.colcon_core.package_identification:_identify(src) by extension 'colcon_pkg'
[0.188s] Level 1:colcon.colcon_core.package_identification:_identify(src) by extensions ['colcon_meta']
[0.188s] Level 1:colcon.colcon_core.package_identification:_identify(src) by extension 'colcon_meta'
[0.188s] Level 1:colcon.colcon_core.package_identification:_identify(src) by extensions ['ros']
[0.188s] Level 1:colcon.colcon_core.package_identification:_identify(src) by extension 'ros'
[0.189s] Level 1:colcon.colcon_core.package_identification:_identify(src) by extensions ['cmake', 'python']
[0.189s] Level 1:colcon.colcon_core.package_identification:_identify(src) by extension 'cmake'
[0.189s] Level 1:colcon.colcon_core.package_identification:_identify(src) by extension 'python'
[0.189s] Level 1:colcon.colcon_core.package_identification:_identify(src) by extensions ['python_setup_py']
[0.189s] Level 1:colcon.colcon_core.package_identification:_identify(src) by extension 'python_setup_py'
[0.189s] Level 1:colcon.colcon_core.package_identification:_identify(src/cfw11_ros2_control) by extensions ['ignore', 'ignore_ament_install']
[0.189s] Level 1:colcon.colcon_core.package_identification:_identify(src/cfw11_ros2_control) by extension 'ignore'
[0.189s] Level 1:colcon.colcon_core.package_identification:_identify(src/cfw11_ros2_control) by extension 'ignore_ament_install'
[0.189s] Level 1:colcon.colcon_core.package_identification:_identify(src/cfw11_ros2_control) by extensions ['colcon_pkg']
[0.189s] Level 1:colcon.colcon_core.package_identification:_identify(src/cfw11_ros2_control) by extension 'colcon_pkg'
[0.189s] Level 1:colcon.colcon_core.package_identification:_identify(src/cfw11_ros2_control) by extensions ['colcon_meta']
[0.189s] Level 1:colcon.colcon_core.package_identification:_identify(src/cfw11_ros2_control) by extension 'colcon_meta'
[0.189s] Level 1:colcon.colcon_core.package_identification:_identify(src/cfw11_ros2_control) by extensions ['ros']
[0.189s] Level 1:colcon.colcon_core.package_identification:_identify(src/cfw11_ros2_control) by extension 'ros'
[0.191s] DEBUG:colcon.colcon_core.package_identification:Package 'src/cfw11_ros2_control' with type 'ros.ament_python' and name 'cfw11_ros2_control'
[0.192s] Level 1:colcon.colcon_core.package_identification:_identify(testing reciever) by extensions ['ignore', 'ignore_ament_install']
[0.192s] Level 1:colcon.colcon_core.package_identification:_identify(testing reciever) by extension 'ignore'
[0.192s] Level 1:colcon.colcon_core.package_identification:_identify(testing reciever) by extension 'ignore_ament_install'
[0.192s] Level 1:colcon.colcon_core.package_identification:_identify(testing reciever) by extensions ['colcon_pkg']
[0.192s] Level 1:colcon.colcon_core.package_identification:_identify(testing reciever) by extension 'colcon_pkg'
[0.192s] Level 1:colcon.colcon_core.package_identification:_identify(testing reciever) by extensions ['colcon_meta']
[0.192s] Level 1:colcon.colcon_core.package_identification:_identify(testing reciever) by extension 'colcon_meta'
[0.192s] Level 1:colcon.colcon_core.package_identification:_identify(testing reciever) by extensions ['ros']
[0.192s] Level 1:colcon.colcon_core.package_identification:_identify(testing reciever) by extension 'ros'
[0.192s] Level 1:colcon.colcon_core.package_identification:_identify(testing reciever) by extensions ['cmake', 'python']
[0.192s] Level 1:colcon.colcon_core.package_identification:_identify(testing reciever) by extension 'cmake'
[0.192s] Level 1:colcon.colcon_core.package_identification:_identify(testing reciever) by extension 'python'
[0.192s] Level 1:colcon.colcon_core.package_identification:_identify(testing reciever) by extensions ['python_setup_py']
[0.192s] Level 1:colcon.colcon_core.package_identification:_identify(testing reciever) by extension 'python_setup_py'
[0.192s] Level 1:colcon.colcon_core.package_discovery:discover_packages(recursive) using defaults
[0.192s] Level 1:colcon.colcon_core.package_discovery:discover_packages(ignore) discover
[0.192s] Level 1:colcon.colcon_core.package_discovery:discover_packages(ignore) using defaults
[0.192s] Level 1:colcon.colcon_core.package_discovery:discover_packages(path) discover
[0.192s] Level 1:colcon.colcon_core.package_discovery:discover_packages(path) using defaults
[0.208s] Level 1:colcon.colcon_core.package_discovery:discover_packages(prefix_path) check parameters
[0.209s] Level 1:colcon.colcon_core.package_discovery:discover_packages(prefix_path) discover
[0.210s] DEBUG:colcon.colcon_installed_package_information.package_discovery:Found 3 installed packages in /home/ciscor/CISCOR-projects/install
[0.212s] DEBUG:colcon.colcon_installed_package_information.package_discovery:Found 290 installed packages in /opt/ros/jazzy
[0.213s] Level 1:colcon.colcon_core.package_discovery:discover_packages(prefix_path) using defaults
[0.255s] Level 5:colcon.colcon_core.verb:set package 'cfw11_ros2_control' build argument 'cmake_args' from command line to 'None'
[0.255s] Level 5:colcon.colcon_core.verb:set package 'cfw11_ros2_control' build argument 'cmake_target' from command line to 'None'
[0.255s] Level 5:colcon.colcon_core.verb:set package 'cfw11_ros2_control' build argument 'cmake_target_skip_unavailable' from command line to 'False'
[0.255s] Level 5:colcon.colcon_core.verb:set package 'cfw11_ros2_control' build argument 'cmake_clean_cache' from command line to 'False'
[0.255s] Level 5:colcon.colcon_core.verb:set package 'cfw11_ros2_control' build argument 'cmake_clean_first' from command line to 'False'
[0.255s] Level 5:colcon.colcon_core.verb:set package 'cfw11_ros2_control' build argument 'cmake_force_configure' from command line to 'False'
[0.255s] Level 5:colcon.colcon_core.verb:set package 'cfw11_ros2_control' build argument 'ament_cmake_args' from command line to 'None'
[0.255s] Level 5:colcon.colcon_core.verb:set package 'cfw11_ros2_control' build argument 'catkin_cmake_args' from command line to 'None'
[0.255s] Level 5:colcon.colcon_core.verb:set package 'cfw11_ros2_control' build argument 'catkin_skip_building_tests' from command line to 'False'
[0.255s] DEBUG:colcon.colcon_core.verb:Building package 'cfw11_ros2_control' with the following arguments: {'ament_cmake_args': None, 'build_base': '/home/ciscor/CISCOR-projects/build/cfw11_ros2_control', 'catkin_cmake_args': None, 'catkin_skip_building_tests': False, 'cmake_args': None, 'cmake_clean_cache': False, 'cmake_clean_first': False, 'cmake_force_configure': False, 'cmake_target': None, 'cmake_target_skip_unavailable': False, 'install_base': '/home/ciscor/CISCOR-projects/install/cfw11_ros2_control', 'merge_install': False, 'path': '/home/ciscor/CISCOR-projects/src/cfw11_ros2_control', 'symlink_install': False, 'test_result_base': None}
[0.256s] INFO:colcon.colcon_core.executor:Executing jobs using 'parallel' executor
[0.256s] DEBUG:colcon.colcon_parallel_executor.executor.parallel:run_until_complete
[0.257s] INFO:colcon.colcon_ros.task.ament_python.build:Building ROS package in '/home/ciscor/CISCOR-projects/src/cfw11_ros2_control' with build type 'ament_python'
[0.257s] Level 1:colcon.colcon_core.shell:create_environment_hook('cfw11_ros2_control', 'ament_prefix_path')
[0.259s] INFO:colcon.colcon_core.plugin_system:Skipping extension 'colcon_core.shell.bat': Not used on non-Windows systems
[0.259s] INFO:colcon.colcon_core.shell:Creating environment hook '/home/ciscor/CISCOR-projects/install/cfw11_ros2_control/share/cfw11_ros2_control/hook/ament_prefix_path.ps1'
[0.260s] INFO:colcon.colcon_core.shell:Creating environment descriptor '/home/ciscor/CISCOR-projects/install/cfw11_ros2_control/share/cfw11_ros2_control/hook/ament_prefix_path.dsv'
[0.260s] INFO:colcon.colcon_core.shell:Creating environment hook '/home/ciscor/CISCOR-projects/install/cfw11_ros2_control/share/cfw11_ros2_control/hook/ament_prefix_path.sh'
[0.261s] INFO:colcon.colcon_core.shell:Skip shell extension 'powershell' for command environment: Not usable outside of PowerShell
[0.261s] DEBUG:colcon.colcon_core.shell:Skip shell extension 'dsv' for command environment
[0.509s] INFO:colcon.colcon_core.task.python.build:Building Python package in '/home/ciscor/CISCOR-projects/src/cfw11_ros2_control'
[0.510s] INFO:colcon.colcon_core.shell:Skip shell extension 'powershell' for command environment: Not usable outside of PowerShell
[0.510s] DEBUG:colcon.colcon_core.shell:Skip shell extension 'dsv' for command environment
[1.189s] DEBUG:colcon.colcon_core.event_handler.log_command:Invoking command in '/home/ciscor/CISCOR-projects/src/cfw11_ros2_control': DEBUGINFOD_URLS=https://debuginfod.ubuntu.com PYTHONPATH=/home/ciscor/CISCOR-projects/build/cfw11_ros2_control/prefix_override:/usr/lib/python3/dist-packages/colcon_core/task/python/colcon_distutils_commands:/home/ciscor/CISCOR-projects/install/cfw11_ros2_control/lib/python3.12/site-packages:${PYTHONPATH} /usr/bin/python3 -W ignore:setup.py install is deprecated -W ignore:easy_install command is deprecated setup.py egg_info --egg-base ../../build/cfw11_ros2_control build --build-base /home/ciscor/CISCOR-projects/build/cfw11_ros2_control/build install --record /home/ciscor/CISCOR-projects/build/cfw11_ros2_control/install.log --single-version-externally-managed install_data
[1.829s] DEBUG:colcon.colcon_core.event_handler.log_command:Invoked command in '/home/ciscor/CISCOR-projects/src/cfw11_ros2_control' returned '0': DEBUGINFOD_URLS=https://debuginfod.ubuntu.com PYTHONPATH=/home/ciscor/CISCOR-projects/build/cfw11_ros2_control/prefix_override:/usr/lib/python3/dist-packages/colcon_core/task/python/colcon_distutils_commands:/home/ciscor/CISCOR-projects/install/cfw11_ros2_control/lib/python3.12/site-packages:${PYTHONPATH} /usr/bin/python3 -W ignore:setup.py install is deprecated -W ignore:easy_install command is deprecated setup.py egg_info --egg-base ../../build/cfw11_ros2_control build --build-base /home/ciscor/CISCOR-projects/build/cfw11_ros2_control/build install --record /home/ciscor/CISCOR-projects/build/cfw11_ros2_control/install.log --single-version-externally-managed install_data
[1.831s] Level 1:colcon.colcon_core.environment:checking '/home/ciscor/CISCOR-projects/install/cfw11_ros2_control' for CMake module files
[1.831s] Level 1:colcon.colcon_core.environment:checking '/home/ciscor/CISCOR-projects/install/cfw11_ros2_control' for CMake config files
[1.832s] Level 1:colcon.colcon_core.environment:checking '/home/ciscor/CISCOR-projects/install/cfw11_ros2_control/lib'
[1.832s] Level 1:colcon.colcon_core.environment:checking '/home/ciscor/CISCOR-projects/install/cfw11_ros2_control/bin'
[1.832s] Level 1:colcon.colcon_core.environment:checking '/home/ciscor/CISCOR-projects/install/cfw11_ros2_control/lib/pkgconfig/cfw11_ros2_control.pc'
[1.833s] Level 1:colcon.colcon_core.environment:checking '/home/ciscor/CISCOR-projects/install/cfw11_ros2_control/lib/python3.12/site-packages'
[1.833s] Level 1:colcon.colcon_core.shell:create_environment_hook('cfw11_ros2_control', 'pythonpath')
[1.833s] INFO:colcon.colcon_core.shell:Creating environment hook '/home/ciscor/CISCOR-projects/install/cfw11_ros2_control/share/cfw11_ros2_control/hook/pythonpath.ps1'
[1.833s] INFO:colcon.colcon_core.shell:Creating environment descriptor '/home/ciscor/CISCOR-projects/install/cfw11_ros2_control/share/cfw11_ros2_control/hook/pythonpath.dsv'
[1.834s] INFO:colcon.colcon_core.shell:Creating environment hook '/home/ciscor/CISCOR-projects/install/cfw11_ros2_control/share/cfw11_ros2_control/hook/pythonpath.sh'
[1.834s] Level 1:colcon.colcon_core.environment:checking '/home/ciscor/CISCOR-projects/install/cfw11_ros2_control/bin'
[1.834s] Level 1:colcon.colcon_core.environment:create_environment_scripts_only(cfw11_ros2_control)
[1.835s] INFO:colcon.colcon_core.shell:Creating package script '/home/ciscor/CISCOR-projects/install/cfw11_ros2_control/share/cfw11_ros2_control/package.ps1'
[1.835s] INFO:colcon.colcon_core.shell:Creating package descriptor '/home/ciscor/CISCOR-projects/install/cfw11_ros2_control/share/cfw11_ros2_control/package.dsv'
[1.836s] INFO:colcon.colcon_core.shell:Creating package script '/home/ciscor/CISCOR-projects/install/cfw11_ros2_control/share/cfw11_ros2_control/package.sh'
[1.836s] INFO:colcon.colcon_core.shell:Creating package script '/home/ciscor/CISCOR-projects/install/cfw11_ros2_control/share/cfw11_ros2_control/package.bash'
[1.837s] INFO:colcon.colcon_core.shell:Creating package script '/home/ciscor/CISCOR-projects/install/cfw11_ros2_control/share/cfw11_ros2_control/package.zsh'
[1.838s] Level 1:colcon.colcon_core.environment:create_file_with_runtime_dependencies(/home/ciscor/CISCOR-projects/install/cfw11_ros2_control/share/colcon-core/packages/cfw11_ros2_control)
[1.838s] DEBUG:colcon.colcon_parallel_executor.executor.parallel:closing loop
[1.839s] DEBUG:colcon.colcon_parallel_executor.executor.parallel:loop closed
[1.839s] DEBUG:colcon.colcon_parallel_executor.executor.parallel:run_until_complete finished with '0'
[1.839s] DEBUG:colcon.colcon_core.event_reactor:joining thread
[1.844s] INFO:colcon.colcon_core.plugin_system:Skipping extension 'colcon_notification.desktop_notification.terminal_notifier': Not used on non-Darwin systems
[1.844s] INFO:colcon.colcon_core.plugin_system:Skipping extension 'colcon_notification.desktop_notification.win32': Not used on non-Windows systems
[1.844s] INFO:colcon.colcon_notification.desktop_notification:Sending desktop notification using 'notify2'
[1.859s] DEBUG:colcon.colcon_core.event_reactor:joined thread
[1.860s] INFO:colcon.colcon_core.shell:Creating prefix script '/home/ciscor/CISCOR-projects/install/local_setup.ps1'
[1.861s] INFO:colcon.colcon_core.shell:Creating prefix util module '/home/ciscor/CISCOR-projects/install/_local_setup_util_ps1.py'
[1.862s] INFO:colcon.colcon_core.shell:Creating prefix chain script '/home/ciscor/CISCOR-projects/install/setup.ps1'
[1.863s] INFO:colcon.colcon_core.shell:Creating prefix script '/home/ciscor/CISCOR-projects/install/local_setup.sh'
[1.864s] INFO:colcon.colcon_core.shell:Creating prefix util module '/home/ciscor/CISCOR-projects/install/_local_setup_util_sh.py'
[1.864s] INFO:colcon.colcon_core.shell:Creating prefix chain script '/home/ciscor/CISCOR-projects/install/setup.sh'
[1.865s] INFO:colcon.colcon_core.shell:Creating prefix script '/home/ciscor/CISCOR-projects/install/local_setup.bash'
[1.865s] INFO:colcon.colcon_core.shell:Creating prefix chain script '/home/ciscor/CISCOR-projects/install/setup.bash'
[1.866s] INFO:colcon.colcon_core.shell:Creating prefix script '/home/ciscor/CISCOR-projects/install/local_setup.zsh'
[1.867s] INFO:colcon.colcon_core.shell:Creating prefix chain script '/home/ciscor/CISCOR-projects/install/setup.zsh'
