[0.111s] DEBUG:colcon:Command line arguments: ['/usr/bin/colcon', 'build', '--packages-select', 'my_rqt_cfw11_gui', '--symlink-install']
[0.111s] DEBUG:colcon:Parsed command line arguments: Namespace(log_base=None, log_level=None, verb_name='build', build_base='build', install_base='install', merge_install=False, symlink_install=True, test_result_base=None, continue_on_error=False, executor='parallel', parallel_workers=4, event_handlers=None, ignore_user_meta=False, metas=['./colcon.meta'], base_paths=['.'], packages_ignore=None, packages_ignore_regex=None, paths=None, packages_up_to=None, packages_up_to_regex=None, packages_above=None, packages_above_and_dependencies=None, packages_above_depth=None, packages_select_by_dep=None, packages_skip_by_dep=None, packages_skip_up_to=None, packages_select_build_failed=False, packages_skip_build_finished=False, packages_select_test_failures=False, packages_skip_test_passed=False, packages_select=['my_rqt_cfw11_gui'], packages_skip=None, packages_select_regex=None, packages_skip_regex=None, packages_start=None, packages_end=None, allow_overriding=[], cmake_args=None, cmake_target=None, cmake_target_skip_unavailable=False, cmake_clean_cache=False, cmake_clean_first=False, cmake_force_configure=False, ament_cmake_args=None, catkin_cmake_args=None, catkin_skip_building_tests=False, mixin_files=None, mixin=None, verb_parser=<colcon_mixin.mixin.mixin_argument.MixinArgumentDecorator object at 0x7cbe1da90a40>, verb_extension=<colcon_core.verb.build.BuildVerb object at 0x7cbe1da90740>, main=<bound method BuildVerb.main of <colcon_core.verb.build.BuildVerb object at 0x7cbe1da90740>>, mixin_verb=('build',))
[0.150s] Level 1:colcon.colcon_core.package_discovery:discover_packages(colcon_meta) check parameters
[0.150s] INFO:colcon.colcon_metadata.package_discovery.colcon_meta:Empty metadata file '/home/ciscor/CISCOR-projects/colcon.meta'
[0.150s] Level 1:colcon.colcon_core.package_discovery:discover_packages(recursive) check parameters
[0.150s] Level 1:colcon.colcon_core.package_discovery:discover_packages(ignore) check parameters
[0.150s] Level 1:colcon.colcon_core.package_discovery:discover_packages(path) check parameters
[0.150s] Level 1:colcon.colcon_core.package_discovery:discover_packages(colcon_meta) discover
[0.150s] Level 1:colcon.colcon_core.package_discovery:discover_packages(recursive) discover
[0.150s] INFO:colcon.colcon_core.package_discovery:Crawling recursively for packages in '/home/ciscor/CISCOR-projects'
[0.151s] Level 1:colcon.colcon_core.package_identification:_identify(.) by extensions ['ignore', 'ignore_ament_install']
[0.151s] Level 1:colcon.colcon_core.package_identification:_identify(.) by extension 'ignore'
[0.151s] Level 1:colcon.colcon_core.package_identification:_identify(.) by extension 'ignore_ament_install'
[0.151s] Level 1:colcon.colcon_core.package_identification:_identify(.) by extensions ['colcon_pkg']
[0.151s] Level 1:colcon.colcon_core.package_identification:_identify(.) by extension 'colcon_pkg'
[0.151s] Level 1:colcon.colcon_core.package_identification:_identify(.) by extensions ['colcon_meta']
[0.151s] Level 1:colcon.colcon_core.package_identification:_identify(.) by extension 'colcon_meta'
[0.151s] Level 1:colcon.colcon_core.package_identification:_identify(.) by extensions ['ros']
[0.151s] Level 1:colcon.colcon_core.package_identification:_identify(.) by extension 'ros'
[0.176s] Level 1:colcon.colcon_core.package_identification:_identify(.) by extensions ['cmake', 'python']
[0.176s] Level 1:colcon.colcon_core.package_identification:_identify(.) by extension 'cmake'
[0.176s] Level 1:colcon.colcon_core.package_identification:_identify(.) by extension 'python'
[0.176s] Level 1:colcon.colcon_core.package_identification:_identify(.) by extensions ['python_setup_py']
[0.176s] Level 1:colcon.colcon_core.package_identification:_identify(.) by extension 'python_setup_py'
[0.176s] Level 1:colcon.colcon_core.package_identification:_identify(build) by extensions ['ignore', 'ignore_ament_install']
[0.176s] Level 1:colcon.colcon_core.package_identification:_identify(build) by extension 'ignore'
[0.176s] Level 1:colcon.colcon_core.package_identification:_identify(build) ignored
[0.176s] Level 1:colcon.colcon_core.package_identification:_identify(install) by extensions ['ignore', 'ignore_ament_install']
[0.176s] Level 1:colcon.colcon_core.package_identification:_identify(install) by extension 'ignore'
[0.176s] Level 1:colcon.colcon_core.package_identification:_identify(install) ignored
[0.176s] Level 1:colcon.colcon_core.package_identification:_identify(log) by extensions ['ignore', 'ignore_ament_install']
[0.176s] Level 1:colcon.colcon_core.package_identification:_identify(log) by extension 'ignore'
[0.176s] Level 1:colcon.colcon_core.package_identification:_identify(log) ignored
[0.176s] Level 1:colcon.colcon_core.package_identification:_identify(my_rqt_cfw11_gui) by extensions ['ignore', 'ignore_ament_install']
[0.177s] Level 1:colcon.colcon_core.package_identification:_identify(my_rqt_cfw11_gui) by extension 'ignore'
[0.177s] Level 1:colcon.colcon_core.package_identification:_identify(my_rqt_cfw11_gui) by extension 'ignore_ament_install'
[0.177s] Level 1:colcon.colcon_core.package_identification:_identify(my_rqt_cfw11_gui) by extensions ['colcon_pkg']
[0.177s] Level 1:colcon.colcon_core.package_identification:_identify(my_rqt_cfw11_gui) by extension 'colcon_pkg'
[0.177s] Level 1:colcon.colcon_core.package_identification:_identify(my_rqt_cfw11_gui) by extensions ['colcon_meta']
[0.177s] Level 1:colcon.colcon_core.package_identification:_identify(my_rqt_cfw11_gui) by extension 'colcon_meta'
[0.177s] Level 1:colcon.colcon_core.package_identification:_identify(my_rqt_cfw11_gui) by extensions ['ros']
[0.177s] Level 1:colcon.colcon_core.package_identification:_identify(my_rqt_cfw11_gui) by extension 'ros'
[0.179s] DEBUG:colcon.colcon_core.package_identification:Package 'my_rqt_cfw11_gui' with type 'ros.ament_python' and name 'my_rqt_cfw11_gui'
[0.179s] Level 1:colcon.colcon_core.package_identification:_identify(qmodbus) by extensions ['ignore', 'ignore_ament_install']
[0.179s] Level 1:colcon.colcon_core.package_identification:_identify(qmodbus) by extension 'ignore'
[0.180s] Level 1:colcon.colcon_core.package_identification:_identify(qmodbus) by extension 'ignore_ament_install'
[0.180s] Level 1:colcon.colcon_core.package_identification:_identify(qmodbus) by extensions ['colcon_pkg']
[0.180s] Level 1:colcon.colcon_core.package_identification:_identify(qmodbus) by extension 'colcon_pkg'
[0.180s] Level 1:colcon.colcon_core.package_identification:_identify(qmodbus) by extensions ['colcon_meta']
[0.180s] Level 1:colcon.colcon_core.package_identification:_identify(qmodbus) by extension 'colcon_meta'
[0.180s] Level 1:colcon.colcon_core.package_identification:_identify(qmodbus) by extensions ['ros']
[0.180s] Level 1:colcon.colcon_core.package_identification:_identify(qmodbus) by extension 'ros'
[0.180s] Level 1:colcon.colcon_core.package_identification:_identify(qmodbus) by extensions ['cmake', 'python']
[0.180s] Level 1:colcon.colcon_core.package_identification:_identify(qmodbus) by extension 'cmake'
[0.180s] Level 1:colcon.colcon_core.package_identification:_identify(qmodbus) by extension 'python'
[0.180s] Level 1:colcon.colcon_core.package_identification:_identify(qmodbus) by extensions ['python_setup_py']
[0.180s] Level 1:colcon.colcon_core.package_identification:_identify(qmodbus) by extension 'python_setup_py'
[0.180s] Level 1:colcon.colcon_core.package_identification:_identify(qmodbus/3rdparty) by extensions ['ignore', 'ignore_ament_install']
[0.180s] Level 1:colcon.colcon_core.package_identification:_identify(qmodbus/3rdparty) by extension 'ignore'
[0.180s] Level 1:colcon.colcon_core.package_identification:_identify(qmodbus/3rdparty) by extension 'ignore_ament_install'
[0.180s] Level 1:colcon.colcon_core.package_identification:_identify(qmodbus/3rdparty) by extensions ['colcon_pkg']
[0.180s] Level 1:colcon.colcon_core.package_identification:_identify(qmodbus/3rdparty) by extension 'colcon_pkg'
[0.180s] Level 1:colcon.colcon_core.package_identification:_identify(qmodbus/3rdparty) by extensions ['colcon_meta']
[0.180s] Level 1:colcon.colcon_core.package_identification:_identify(qmodbus/3rdparty) by extension 'colcon_meta'
[0.180s] Level 1:colcon.colcon_core.package_identification:_identify(qmodbus/3rdparty) by extensions ['ros']
[0.180s] Level 1:colcon.colcon_core.package_identification:_identify(qmodbus/3rdparty) by extension 'ros'
[0.180s] Level 1:colcon.colcon_core.package_identification:_identify(qmodbus/3rdparty) by extensions ['cmake', 'python']
[0.180s] Level 1:colcon.colcon_core.package_identification:_identify(qmodbus/3rdparty) by extension 'cmake'
[0.181s] Level 1:colcon.colcon_core.package_identification:_identify(qmodbus/3rdparty) by extension 'python'
[0.181s] Level 1:colcon.colcon_core.package_identification:_identify(qmodbus/3rdparty) by extensions ['python_setup_py']
[0.181s] Level 1:colcon.colcon_core.package_identification:_identify(qmodbus/3rdparty) by extension 'python_setup_py'
[0.181s] Level 1:colcon.colcon_core.package_identification:_identify(qmodbus/3rdparty/libmodbus) by extensions ['ignore', 'ignore_ament_install']
[0.181s] Level 1:colcon.colcon_core.package_identification:_identify(qmodbus/3rdparty/libmodbus) by extension 'ignore'
[0.181s] Level 1:colcon.colcon_core.package_identification:_identify(qmodbus/3rdparty/libmodbus) by extension 'ignore_ament_install'
[0.181s] Level 1:colcon.colcon_core.package_identification:_identify(qmodbus/3rdparty/libmodbus) by extensions ['colcon_pkg']
[0.181s] Level 1:colcon.colcon_core.package_identification:_identify(qmodbus/3rdparty/libmodbus) by extension 'colcon_pkg'
[0.181s] Level 1:colcon.colcon_core.package_identification:_identify(qmodbus/3rdparty/libmodbus) by extensions ['colcon_meta']
[0.181s] Level 1:colcon.colcon_core.package_identification:_identify(qmodbus/3rdparty/libmodbus) by extension 'colcon_meta'
[0.181s] Level 1:colcon.colcon_core.package_identification:_identify(qmodbus/3rdparty/libmodbus) by extensions ['ros']
[0.181s] Level 1:colcon.colcon_core.package_identification:_identify(qmodbus/3rdparty/libmodbus) by extension 'ros'
[0.181s] Level 1:colcon.colcon_core.package_identification:_identify(qmodbus/3rdparty/libmodbus) by extensions ['cmake', 'python']
[0.181s] Level 1:colcon.colcon_core.package_identification:_identify(qmodbus/3rdparty/libmodbus) by extension 'cmake'
[0.181s] Level 1:colcon.colcon_core.package_identification:_identify(qmodbus/3rdparty/libmodbus) by extension 'python'
[0.181s] Level 1:colcon.colcon_core.package_identification:_identify(qmodbus/3rdparty/libmodbus) by extensions ['python_setup_py']
[0.181s] Level 1:colcon.colcon_core.package_identification:_identify(qmodbus/3rdparty/libmodbus) by extension 'python_setup_py'
[0.181s] Level 1:colcon.colcon_core.package_identification:_identify(qmodbus/3rdparty/libmodbus/debian) by extensions ['ignore', 'ignore_ament_install']
[0.181s] Level 1:colcon.colcon_core.package_identification:_identify(qmodbus/3rdparty/libmodbus/debian) by extension 'ignore'
[0.181s] Level 1:colcon.colcon_core.package_identification:_identify(qmodbus/3rdparty/libmodbus/debian) by extension 'ignore_ament_install'
[0.182s] Level 1:colcon.colcon_core.package_identification:_identify(qmodbus/3rdparty/libmodbus/debian) by extensions ['colcon_pkg']
[0.182s] Level 1:colcon.colcon_core.package_identification:_identify(qmodbus/3rdparty/libmodbus/debian) by extension 'colcon_pkg'
[0.182s] Level 1:colcon.colcon_core.package_identification:_identify(qmodbus/3rdparty/libmodbus/debian) by extensions ['colcon_meta']
[0.182s] Level 1:colcon.colcon_core.package_identification:_identify(qmodbus/3rdparty/libmodbus/debian) by extension 'colcon_meta'
[0.182s] Level 1:colcon.colcon_core.package_identification:_identify(qmodbus/3rdparty/libmodbus/debian) by extensions ['ros']
[0.182s] Level 1:colcon.colcon_core.package_identification:_identify(qmodbus/3rdparty/libmodbus/debian) by extension 'ros'
[0.182s] Level 1:colcon.colcon_core.package_identification:_identify(qmodbus/3rdparty/libmodbus/debian) by extensions ['cmake', 'python']
[0.182s] Level 1:colcon.colcon_core.package_identification:_identify(qmodbus/3rdparty/libmodbus/debian) by extension 'cmake'
[0.182s] Level 1:colcon.colcon_core.package_identification:_identify(qmodbus/3rdparty/libmodbus/debian) by extension 'python'
[0.182s] Level 1:colcon.colcon_core.package_identification:_identify(qmodbus/3rdparty/libmodbus/debian) by extensions ['python_setup_py']
[0.182s] Level 1:colcon.colcon_core.package_identification:_identify(qmodbus/3rdparty/libmodbus/debian) by extension 'python_setup_py'
[0.182s] Level 1:colcon.colcon_core.package_identification:_identify(qmodbus/3rdparty/libmodbus/debian/source) by extensions ['ignore', 'ignore_ament_install']
[0.182s] Level 1:colcon.colcon_core.package_identification:_identify(qmodbus/3rdparty/libmodbus/debian/source) by extension 'ignore'
[0.182s] Level 1:colcon.colcon_core.package_identification:_identify(qmodbus/3rdparty/libmodbus/debian/source) by extension 'ignore_ament_install'
[0.182s] Level 1:colcon.colcon_core.package_identification:_identify(qmodbus/3rdparty/libmodbus/debian/source) by extensions ['colcon_pkg']
[0.182s] Level 1:colcon.colcon_core.package_identification:_identify(qmodbus/3rdparty/libmodbus/debian/source) by extension 'colcon_pkg'
[0.182s] Level 1:colcon.colcon_core.package_identification:_identify(qmodbus/3rdparty/libmodbus/debian/source) by extensions ['colcon_meta']
[0.182s] Level 1:colcon.colcon_core.package_identification:_identify(qmodbus/3rdparty/libmodbus/debian/source) by extension 'colcon_meta'
[0.182s] Level 1:colcon.colcon_core.package_identification:_identify(qmodbus/3rdparty/libmodbus/debian/source) by extensions ['ros']
[0.182s] Level 1:colcon.colcon_core.package_identification:_identify(qmodbus/3rdparty/libmodbus/debian/source) by extension 'ros'
[0.182s] Level 1:colcon.colcon_core.package_identification:_identify(qmodbus/3rdparty/libmodbus/debian/source) by extensions ['cmake', 'python']
[0.182s] Level 1:colcon.colcon_core.package_identification:_identify(qmodbus/3rdparty/libmodbus/debian/source) by extension 'cmake'
[0.183s] Level 1:colcon.colcon_core.package_identification:_identify(qmodbus/3rdparty/libmodbus/debian/source) by extension 'python'
[0.183s] Level 1:colcon.colcon_core.package_identification:_identify(qmodbus/3rdparty/libmodbus/debian/source) by extensions ['python_setup_py']
[0.183s] Level 1:colcon.colcon_core.package_identification:_identify(qmodbus/3rdparty/libmodbus/debian/source) by extension 'python_setup_py'
[0.183s] Level 1:colcon.colcon_core.package_identification:_identify(qmodbus/3rdparty/libmodbus/doc) by extensions ['ignore', 'ignore_ament_install']
[0.183s] Level 1:colcon.colcon_core.package_identification:_identify(qmodbus/3rdparty/libmodbus/doc) by extension 'ignore'
[0.183s] Level 1:colcon.colcon_core.package_identification:_identify(qmodbus/3rdparty/libmodbus/doc) by extension 'ignore_ament_install'
[0.183s] Level 1:colcon.colcon_core.package_identification:_identify(qmodbus/3rdparty/libmodbus/doc) by extensions ['colcon_pkg']
[0.183s] Level 1:colcon.colcon_core.package_identification:_identify(qmodbus/3rdparty/libmodbus/doc) by extension 'colcon_pkg'
[0.183s] Level 1:colcon.colcon_core.package_identification:_identify(qmodbus/3rdparty/libmodbus/doc) by extensions ['colcon_meta']
[0.183s] Level 1:colcon.colcon_core.package_identification:_identify(qmodbus/3rdparty/libmodbus/doc) by extension 'colcon_meta'
[0.183s] Level 1:colcon.colcon_core.package_identification:_identify(qmodbus/3rdparty/libmodbus/doc) by extensions ['ros']
[0.183s] Level 1:colcon.colcon_core.package_identification:_identify(qmodbus/3rdparty/libmodbus/doc) by extension 'ros'
[0.183s] Level 1:colcon.colcon_core.package_identification:_identify(qmodbus/3rdparty/libmodbus/doc) by extensions ['cmake', 'python']
[0.183s] Level 1:colcon.colcon_core.package_identification:_identify(qmodbus/3rdparty/libmodbus/doc) by extension 'cmake'
[0.183s] Level 1:colcon.colcon_core.package_identification:_identify(qmodbus/3rdparty/libmodbus/doc) by extension 'python'
[0.183s] Level 1:colcon.colcon_core.package_identification:_identify(qmodbus/3rdparty/libmodbus/doc) by extensions ['python_setup_py']
[0.183s] Level 1:colcon.colcon_core.package_identification:_identify(qmodbus/3rdparty/libmodbus/doc) by extension 'python_setup_py'
[0.183s] Level 1:colcon.colcon_core.package_identification:_identify(qmodbus/3rdparty/libmodbus/m4) by extensions ['ignore', 'ignore_ament_install']
[0.183s] Level 1:colcon.colcon_core.package_identification:_identify(qmodbus/3rdparty/libmodbus/m4) by extension 'ignore'
[0.183s] Level 1:colcon.colcon_core.package_identification:_identify(qmodbus/3rdparty/libmodbus/m4) by extension 'ignore_ament_install'
[0.184s] Level 1:colcon.colcon_core.package_identification:_identify(qmodbus/3rdparty/libmodbus/m4) by extensions ['colcon_pkg']
[0.184s] Level 1:colcon.colcon_core.package_identification:_identify(qmodbus/3rdparty/libmodbus/m4) by extension 'colcon_pkg'
[0.184s] Level 1:colcon.colcon_core.package_identification:_identify(qmodbus/3rdparty/libmodbus/m4) by extensions ['colcon_meta']
[0.184s] Level 1:colcon.colcon_core.package_identification:_identify(qmodbus/3rdparty/libmodbus/m4) by extension 'colcon_meta'
[0.184s] Level 1:colcon.colcon_core.package_identification:_identify(qmodbus/3rdparty/libmodbus/m4) by extensions ['ros']
[0.184s] Level 1:colcon.colcon_core.package_identification:_identify(qmodbus/3rdparty/libmodbus/m4) by extension 'ros'
[0.184s] Level 1:colcon.colcon_core.package_identification:_identify(qmodbus/3rdparty/libmodbus/m4) by extensions ['cmake', 'python']
[0.184s] Level 1:colcon.colcon_core.package_identification:_identify(qmodbus/3rdparty/libmodbus/m4) by extension 'cmake'
[0.184s] Level 1:colcon.colcon_core.package_identification:_identify(qmodbus/3rdparty/libmodbus/m4) by extension 'python'
[0.184s] Level 1:colcon.colcon_core.package_identification:_identify(qmodbus/3rdparty/libmodbus/m4) by extensions ['python_setup_py']
[0.184s] Level 1:colcon.colcon_core.package_identification:_identify(qmodbus/3rdparty/libmodbus/m4) by extension 'python_setup_py'
[0.184s] Level 1:colcon.colcon_core.package_identification:_identify(qmodbus/3rdparty/libmodbus/src) by extensions ['ignore', 'ignore_ament_install']
[0.184s] Level 1:colcon.colcon_core.package_identification:_identify(qmodbus/3rdparty/libmodbus/src) by extension 'ignore'
[0.184s] Level 1:colcon.colcon_core.package_identification:_identify(qmodbus/3rdparty/libmodbus/src) by extension 'ignore_ament_install'
[0.184s] Level 1:colcon.colcon_core.package_identification:_identify(qmodbus/3rdparty/libmodbus/src) by extensions ['colcon_pkg']
[0.184s] Level 1:colcon.colcon_core.package_identification:_identify(qmodbus/3rdparty/libmodbus/src) by extension 'colcon_pkg'
[0.184s] Level 1:colcon.colcon_core.package_identification:_identify(qmodbus/3rdparty/libmodbus/src) by extensions ['colcon_meta']
[0.184s] Level 1:colcon.colcon_core.package_identification:_identify(qmodbus/3rdparty/libmodbus/src) by extension 'colcon_meta'
[0.184s] Level 1:colcon.colcon_core.package_identification:_identify(qmodbus/3rdparty/libmodbus/src) by extensions ['ros']
[0.184s] Level 1:colcon.colcon_core.package_identification:_identify(qmodbus/3rdparty/libmodbus/src) by extension 'ros'
[0.184s] Level 1:colcon.colcon_core.package_identification:_identify(qmodbus/3rdparty/libmodbus/src) by extensions ['cmake', 'python']
[0.184s] Level 1:colcon.colcon_core.package_identification:_identify(qmodbus/3rdparty/libmodbus/src) by extension 'cmake'
[0.185s] Level 1:colcon.colcon_core.package_identification:_identify(qmodbus/3rdparty/libmodbus/src) by extension 'python'
[0.185s] Level 1:colcon.colcon_core.package_identification:_identify(qmodbus/3rdparty/libmodbus/src) by extensions ['python_setup_py']
[0.185s] Level 1:colcon.colcon_core.package_identification:_identify(qmodbus/3rdparty/libmodbus/src) by extension 'python_setup_py'
[0.185s] Level 1:colcon.colcon_core.package_identification:_identify(qmodbus/3rdparty/libmodbus/src/win32) by extensions ['ignore', 'ignore_ament_install']
[0.185s] Level 1:colcon.colcon_core.package_identification:_identify(qmodbus/3rdparty/libmodbus/src/win32) by extension 'ignore'
[0.185s] Level 1:colcon.colcon_core.package_identification:_identify(qmodbus/3rdparty/libmodbus/src/win32) by extension 'ignore_ament_install'
[0.185s] Level 1:colcon.colcon_core.package_identification:_identify(qmodbus/3rdparty/libmodbus/src/win32) by extensions ['colcon_pkg']
[0.185s] Level 1:colcon.colcon_core.package_identification:_identify(qmodbus/3rdparty/libmodbus/src/win32) by extension 'colcon_pkg'
[0.185s] Level 1:colcon.colcon_core.package_identification:_identify(qmodbus/3rdparty/libmodbus/src/win32) by extensions ['colcon_meta']
[0.185s] Level 1:colcon.colcon_core.package_identification:_identify(qmodbus/3rdparty/libmodbus/src/win32) by extension 'colcon_meta'
[0.185s] Level 1:colcon.colcon_core.package_identification:_identify(qmodbus/3rdparty/libmodbus/src/win32) by extensions ['ros']
[0.185s] Level 1:colcon.colcon_core.package_identification:_identify(qmodbus/3rdparty/libmodbus/src/win32) by extension 'ros'
[0.185s] Level 1:colcon.colcon_core.package_identification:_identify(qmodbus/3rdparty/libmodbus/src/win32) by extensions ['cmake', 'python']
[0.185s] Level 1:colcon.colcon_core.package_identification:_identify(qmodbus/3rdparty/libmodbus/src/win32) by extension 'cmake'
[0.185s] Level 1:colcon.colcon_core.package_identification:_identify(qmodbus/3rdparty/libmodbus/src/win32) by extension 'python'
[0.185s] Level 1:colcon.colcon_core.package_identification:_identify(qmodbus/3rdparty/libmodbus/src/win32) by extensions ['python_setup_py']
[0.185s] Level 1:colcon.colcon_core.package_identification:_identify(qmodbus/3rdparty/libmodbus/src/win32) by extension 'python_setup_py'
[0.185s] Level 1:colcon.colcon_core.package_identification:_identify(qmodbus/3rdparty/libmodbus/tests) by extensions ['ignore', 'ignore_ament_install']
[0.185s] Level 1:colcon.colcon_core.package_identification:_identify(qmodbus/3rdparty/libmodbus/tests) by extension 'ignore'
[0.185s] Level 1:colcon.colcon_core.package_identification:_identify(qmodbus/3rdparty/libmodbus/tests) by extension 'ignore_ament_install'
[0.186s] Level 1:colcon.colcon_core.package_identification:_identify(qmodbus/3rdparty/libmodbus/tests) by extensions ['colcon_pkg']
[0.186s] Level 1:colcon.colcon_core.package_identification:_identify(qmodbus/3rdparty/libmodbus/tests) by extension 'colcon_pkg'
[0.186s] Level 1:colcon.colcon_core.package_identification:_identify(qmodbus/3rdparty/libmodbus/tests) by extensions ['colcon_meta']
[0.186s] Level 1:colcon.colcon_core.package_identification:_identify(qmodbus/3rdparty/libmodbus/tests) by extension 'colcon_meta'
[0.186s] Level 1:colcon.colcon_core.package_identification:_identify(qmodbus/3rdparty/libmodbus/tests) by extensions ['ros']
[0.186s] Level 1:colcon.colcon_core.package_identification:_identify(qmodbus/3rdparty/libmodbus/tests) by extension 'ros'
[0.186s] Level 1:colcon.colcon_core.package_identification:_identify(qmodbus/3rdparty/libmodbus/tests) by extensions ['cmake', 'python']
[0.186s] Level 1:colcon.colcon_core.package_identification:_identify(qmodbus/3rdparty/libmodbus/tests) by extension 'cmake'
[0.186s] Level 1:colcon.colcon_core.package_identification:_identify(qmodbus/3rdparty/libmodbus/tests) by extension 'python'
[0.186s] Level 1:colcon.colcon_core.package_identification:_identify(qmodbus/3rdparty/libmodbus/tests) by extensions ['python_setup_py']
[0.186s] Level 1:colcon.colcon_core.package_identification:_identify(qmodbus/3rdparty/libmodbus/tests) by extension 'python_setup_py'
[0.186s] Level 1:colcon.colcon_core.package_identification:_identify(qmodbus/3rdparty/qextserialport) by extensions ['ignore', 'ignore_ament_install']
[0.186s] Level 1:colcon.colcon_core.package_identification:_identify(qmodbus/3rdparty/qextserialport) by extension 'ignore'
[0.186s] Level 1:colcon.colcon_core.package_identification:_identify(qmodbus/3rdparty/qextserialport) by extension 'ignore_ament_install'
[0.186s] Level 1:colcon.colcon_core.package_identification:_identify(qmodbus/3rdparty/qextserialport) by extensions ['colcon_pkg']
[0.186s] Level 1:colcon.colcon_core.package_identification:_identify(qmodbus/3rdparty/qextserialport) by extension 'colcon_pkg'
[0.187s] Level 1:colcon.colcon_core.package_identification:_identify(qmodbus/3rdparty/qextserialport) by extensions ['colcon_meta']
[0.187s] Level 1:colcon.colcon_core.package_identification:_identify(qmodbus/3rdparty/qextserialport) by extension 'colcon_meta'
[0.187s] Level 1:colcon.colcon_core.package_identification:_identify(qmodbus/3rdparty/qextserialport) by extensions ['ros']
[0.187s] Level 1:colcon.colcon_core.package_identification:_identify(qmodbus/3rdparty/qextserialport) by extension 'ros'
[0.187s] Level 1:colcon.colcon_core.package_identification:_identify(qmodbus/3rdparty/qextserialport) by extensions ['cmake', 'python']
[0.187s] Level 1:colcon.colcon_core.package_identification:_identify(qmodbus/3rdparty/qextserialport) by extension 'cmake'
[0.187s] Level 1:colcon.colcon_core.package_identification:_identify(qmodbus/3rdparty/qextserialport) by extension 'python'
[0.187s] Level 1:colcon.colcon_core.package_identification:_identify(qmodbus/3rdparty/qextserialport) by extensions ['python_setup_py']
[0.187s] Level 1:colcon.colcon_core.package_identification:_identify(qmodbus/3rdparty/qextserialport) by extension 'python_setup_py'
[0.187s] Level 1:colcon.colcon_core.package_identification:_identify(qmodbus/data) by extensions ['ignore', 'ignore_ament_install']
[0.187s] Level 1:colcon.colcon_core.package_identification:_identify(qmodbus/data) by extension 'ignore'
[0.187s] Level 1:colcon.colcon_core.package_identification:_identify(qmodbus/data) by extension 'ignore_ament_install'
[0.187s] Level 1:colcon.colcon_core.package_identification:_identify(qmodbus/data) by extensions ['colcon_pkg']
[0.187s] Level 1:colcon.colcon_core.package_identification:_identify(qmodbus/data) by extension 'colcon_pkg'
[0.187s] Level 1:colcon.colcon_core.package_identification:_identify(qmodbus/data) by extensions ['colcon_meta']
[0.187s] Level 1:colcon.colcon_core.package_identification:_identify(qmodbus/data) by extension 'colcon_meta'
[0.187s] Level 1:colcon.colcon_core.package_identification:_identify(qmodbus/data) by extensions ['ros']
[0.187s] Level 1:colcon.colcon_core.package_identification:_identify(qmodbus/data) by extension 'ros'
[0.187s] Level 1:colcon.colcon_core.package_identification:_identify(qmodbus/data) by extensions ['cmake', 'python']
[0.188s] Level 1:colcon.colcon_core.package_identification:_identify(qmodbus/data) by extension 'cmake'
[0.188s] Level 1:colcon.colcon_core.package_identification:_identify(qmodbus/data) by extension 'python'
[0.188s] Level 1:colcon.colcon_core.package_identification:_identify(qmodbus/data) by extensions ['python_setup_py']
[0.188s] Level 1:colcon.colcon_core.package_identification:_identify(qmodbus/data) by extension 'python_setup_py'
[0.188s] Level 1:colcon.colcon_core.package_identification:_identify(qmodbus/debian) by extensions ['ignore', 'ignore_ament_install']
[0.188s] Level 1:colcon.colcon_core.package_identification:_identify(qmodbus/debian) by extension 'ignore'
[0.188s] Level 1:colcon.colcon_core.package_identification:_identify(qmodbus/debian) by extension 'ignore_ament_install'
[0.188s] Level 1:colcon.colcon_core.package_identification:_identify(qmodbus/debian) by extensions ['colcon_pkg']
[0.188s] Level 1:colcon.colcon_core.package_identification:_identify(qmodbus/debian) by extension 'colcon_pkg'
[0.188s] Level 1:colcon.colcon_core.package_identification:_identify(qmodbus/debian) by extensions ['colcon_meta']
[0.188s] Level 1:colcon.colcon_core.package_identification:_identify(qmodbus/debian) by extension 'colcon_meta'
[0.188s] Level 1:colcon.colcon_core.package_identification:_identify(qmodbus/debian) by extensions ['ros']
[0.188s] Level 1:colcon.colcon_core.package_identification:_identify(qmodbus/debian) by extension 'ros'
[0.188s] Level 1:colcon.colcon_core.package_identification:_identify(qmodbus/debian) by extensions ['cmake', 'python']
[0.188s] Level 1:colcon.colcon_core.package_identification:_identify(qmodbus/debian) by extension 'cmake'
[0.188s] Level 1:colcon.colcon_core.package_identification:_identify(qmodbus/debian) by extension 'python'
[0.189s] Level 1:colcon.colcon_core.package_identification:_identify(qmodbus/debian) by extensions ['python_setup_py']
[0.189s] Level 1:colcon.colcon_core.package_identification:_identify(qmodbus/debian) by extension 'python_setup_py'
[0.189s] Level 1:colcon.colcon_core.package_identification:_identify(qmodbus/flatpak) by extensions ['ignore', 'ignore_ament_install']
[0.189s] Level 1:colcon.colcon_core.package_identification:_identify(qmodbus/flatpak) by extension 'ignore'
[0.189s] Level 1:colcon.colcon_core.package_identification:_identify(qmodbus/flatpak) by extension 'ignore_ament_install'
[0.189s] Level 1:colcon.colcon_core.package_identification:_identify(qmodbus/flatpak) by extensions ['colcon_pkg']
[0.189s] Level 1:colcon.colcon_core.package_identification:_identify(qmodbus/flatpak) by extension 'colcon_pkg'
[0.189s] Level 1:colcon.colcon_core.package_identification:_identify(qmodbus/flatpak) by extensions ['colcon_meta']
[0.189s] Level 1:colcon.colcon_core.package_identification:_identify(qmodbus/flatpak) by extension 'colcon_meta'
[0.189s] Level 1:colcon.colcon_core.package_identification:_identify(qmodbus/flatpak) by extensions ['ros']
[0.189s] Level 1:colcon.colcon_core.package_identification:_identify(qmodbus/flatpak) by extension 'ros'
[0.189s] Level 1:colcon.colcon_core.package_identification:_identify(qmodbus/flatpak) by extensions ['cmake', 'python']
[0.189s] Level 1:colcon.colcon_core.package_identification:_identify(qmodbus/flatpak) by extension 'cmake'
[0.189s] Level 1:colcon.colcon_core.package_identification:_identify(qmodbus/flatpak) by extension 'python'
[0.189s] Level 1:colcon.colcon_core.package_identification:_identify(qmodbus/flatpak) by extensions ['python_setup_py']
[0.189s] Level 1:colcon.colcon_core.package_identification:_identify(qmodbus/flatpak) by extension 'python_setup_py'
[0.189s] Level 1:colcon.colcon_core.package_identification:_identify(qmodbus/forms) by extensions ['ignore', 'ignore_ament_install']
[0.190s] Level 1:colcon.colcon_core.package_identification:_identify(qmodbus/forms) by extension 'ignore'
[0.190s] Level 1:colcon.colcon_core.package_identification:_identify(qmodbus/forms) by extension 'ignore_ament_install'
[0.190s] Level 1:colcon.colcon_core.package_identification:_identify(qmodbus/forms) by extensions ['colcon_pkg']
[0.190s] Level 1:colcon.colcon_core.package_identification:_identify(qmodbus/forms) by extension 'colcon_pkg'
[0.190s] Level 1:colcon.colcon_core.package_identification:_identify(qmodbus/forms) by extensions ['colcon_meta']
[0.190s] Level 1:colcon.colcon_core.package_identification:_identify(qmodbus/forms) by extension 'colcon_meta'
[0.190s] Level 1:colcon.colcon_core.package_identification:_identify(qmodbus/forms) by extensions ['ros']
[0.190s] Level 1:colcon.colcon_core.package_identification:_identify(qmodbus/forms) by extension 'ros'
[0.190s] Level 1:colcon.colcon_core.package_identification:_identify(qmodbus/forms) by extensions ['cmake', 'python']
[0.190s] Level 1:colcon.colcon_core.package_identification:_identify(qmodbus/forms) by extension 'cmake'
[0.190s] Level 1:colcon.colcon_core.package_identification:_identify(qmodbus/forms) by extension 'python'
[0.190s] Level 1:colcon.colcon_core.package_identification:_identify(qmodbus/forms) by extensions ['python_setup_py']
[0.190s] Level 1:colcon.colcon_core.package_identification:_identify(qmodbus/forms) by extension 'python_setup_py'
[0.190s] Level 1:colcon.colcon_core.package_identification:_identify(qmodbus/src) by extensions ['ignore', 'ignore_ament_install']
[0.190s] Level 1:colcon.colcon_core.package_identification:_identify(qmodbus/src) by extension 'ignore'
[0.190s] Level 1:colcon.colcon_core.package_identification:_identify(qmodbus/src) by extension 'ignore_ament_install'
[0.190s] Level 1:colcon.colcon_core.package_identification:_identify(qmodbus/src) by extensions ['colcon_pkg']
[0.190s] Level 1:colcon.colcon_core.package_identification:_identify(qmodbus/src) by extension 'colcon_pkg'
[0.190s] Level 1:colcon.colcon_core.package_identification:_identify(qmodbus/src) by extensions ['colcon_meta']
[0.191s] Level 1:colcon.colcon_core.package_identification:_identify(qmodbus/src) by extension 'colcon_meta'
[0.191s] Level 1:colcon.colcon_core.package_identification:_identify(qmodbus/src) by extensions ['ros']
[0.191s] Level 1:colcon.colcon_core.package_identification:_identify(qmodbus/src) by extension 'ros'
[0.191s] Level 1:colcon.colcon_core.package_identification:_identify(qmodbus/src) by extensions ['cmake', 'python']
[0.191s] Level 1:colcon.colcon_core.package_identification:_identify(qmodbus/src) by extension 'cmake'
[0.191s] Level 1:colcon.colcon_core.package_identification:_identify(qmodbus/src) by extension 'python'
[0.191s] Level 1:colcon.colcon_core.package_identification:_identify(qmodbus/src) by extensions ['python_setup_py']
[0.191s] Level 1:colcon.colcon_core.package_identification:_identify(qmodbus/src) by extension 'python_setup_py'
[0.191s] Level 1:colcon.colcon_core.package_identification:_identify(src) by extensions ['ignore', 'ignore_ament_install']
[0.191s] Level 1:colcon.colcon_core.package_identification:_identify(src) by extension 'ignore'
[0.191s] Level 1:colcon.colcon_core.package_identification:_identify(src) by extension 'ignore_ament_install'
[0.191s] Level 1:colcon.colcon_core.package_identification:_identify(src) by extensions ['colcon_pkg']
[0.191s] Level 1:colcon.colcon_core.package_identification:_identify(src) by extension 'colcon_pkg'
[0.191s] Level 1:colcon.colcon_core.package_identification:_identify(src) by extensions ['colcon_meta']
[0.191s] Level 1:colcon.colcon_core.package_identification:_identify(src) by extension 'colcon_meta'
[0.191s] Level 1:colcon.colcon_core.package_identification:_identify(src) by extensions ['ros']
[0.191s] Level 1:colcon.colcon_core.package_identification:_identify(src) by extension 'ros'
[0.191s] Level 1:colcon.colcon_core.package_identification:_identify(src) by extensions ['cmake', 'python']
[0.191s] Level 1:colcon.colcon_core.package_identification:_identify(src) by extension 'cmake'
[0.191s] Level 1:colcon.colcon_core.package_identification:_identify(src) by extension 'python'
[0.191s] Level 1:colcon.colcon_core.package_identification:_identify(src) by extensions ['python_setup_py']
[0.191s] Level 1:colcon.colcon_core.package_identification:_identify(src) by extension 'python_setup_py'
[0.192s] Level 1:colcon.colcon_core.package_identification:_identify(src/cfw11_ros2_control) by extensions ['ignore', 'ignore_ament_install']
[0.192s] Level 1:colcon.colcon_core.package_identification:_identify(src/cfw11_ros2_control) by extension 'ignore'
[0.192s] Level 1:colcon.colcon_core.package_identification:_identify(src/cfw11_ros2_control) by extension 'ignore_ament_install'
[0.192s] Level 1:colcon.colcon_core.package_identification:_identify(src/cfw11_ros2_control) by extensions ['colcon_pkg']
[0.192s] Level 1:colcon.colcon_core.package_identification:_identify(src/cfw11_ros2_control) by extension 'colcon_pkg'
[0.192s] Level 1:colcon.colcon_core.package_identification:_identify(src/cfw11_ros2_control) by extensions ['colcon_meta']
[0.192s] Level 1:colcon.colcon_core.package_identification:_identify(src/cfw11_ros2_control) by extension 'colcon_meta'
[0.192s] Level 1:colcon.colcon_core.package_identification:_identify(src/cfw11_ros2_control) by extensions ['ros']
[0.192s] Level 1:colcon.colcon_core.package_identification:_identify(src/cfw11_ros2_control) by extension 'ros'
[0.192s] DEBUG:colcon.colcon_core.package_identification:Package 'src/cfw11_ros2_control' with type 'ros.ament_python' and name 'cfw11_ros2_control'
[0.192s] Level 1:colcon.colcon_core.package_identification:_identify(src/my_rqt_speed_slider) by extensions ['ignore', 'ignore_ament_install']
[0.192s] Level 1:colcon.colcon_core.package_identification:_identify(src/my_rqt_speed_slider) by extension 'ignore'
[0.193s] Level 1:colcon.colcon_core.package_identification:_identify(src/my_rqt_speed_slider) by extension 'ignore_ament_install'
[0.193s] Level 1:colcon.colcon_core.package_identification:_identify(src/my_rqt_speed_slider) by extensions ['colcon_pkg']
[0.193s] Level 1:colcon.colcon_core.package_identification:_identify(src/my_rqt_speed_slider) by extension 'colcon_pkg'
[0.193s] Level 1:colcon.colcon_core.package_identification:_identify(src/my_rqt_speed_slider) by extensions ['colcon_meta']
[0.193s] Level 1:colcon.colcon_core.package_identification:_identify(src/my_rqt_speed_slider) by extension 'colcon_meta'
[0.193s] Level 1:colcon.colcon_core.package_identification:_identify(src/my_rqt_speed_slider) by extensions ['ros']
[0.193s] Level 1:colcon.colcon_core.package_identification:_identify(src/my_rqt_speed_slider) by extension 'ros'
[0.193s] DEBUG:colcon.colcon_core.package_identification:Package 'src/my_rqt_speed_slider' with type 'ros.ament_python' and name 'my_rqt_speed_slider'
[0.193s] Level 1:colcon.colcon_core.package_identification:_identify(testing reciever) by extensions ['ignore', 'ignore_ament_install']
[0.193s] Level 1:colcon.colcon_core.package_identification:_identify(testing reciever) by extension 'ignore'
[0.194s] Level 1:colcon.colcon_core.package_identification:_identify(testing reciever) by extension 'ignore_ament_install'
[0.194s] Level 1:colcon.colcon_core.package_identification:_identify(testing reciever) by extensions ['colcon_pkg']
[0.194s] Level 1:colcon.colcon_core.package_identification:_identify(testing reciever) by extension 'colcon_pkg'
[0.194s] Level 1:colcon.colcon_core.package_identification:_identify(testing reciever) by extensions ['colcon_meta']
[0.194s] Level 1:colcon.colcon_core.package_identification:_identify(testing reciever) by extension 'colcon_meta'
[0.194s] Level 1:colcon.colcon_core.package_identification:_identify(testing reciever) by extensions ['ros']
[0.194s] Level 1:colcon.colcon_core.package_identification:_identify(testing reciever) by extension 'ros'
[0.194s] Level 1:colcon.colcon_core.package_identification:_identify(testing reciever) by extensions ['cmake', 'python']
[0.194s] Level 1:colcon.colcon_core.package_identification:_identify(testing reciever) by extension 'cmake'
[0.194s] Level 1:colcon.colcon_core.package_identification:_identify(testing reciever) by extension 'python'
[0.194s] Level 1:colcon.colcon_core.package_identification:_identify(testing reciever) by extensions ['python_setup_py']
[0.194s] Level 1:colcon.colcon_core.package_identification:_identify(testing reciever) by extension 'python_setup_py'
[0.194s] Level 1:colcon.colcon_core.package_discovery:discover_packages(recursive) using defaults
[0.194s] Level 1:colcon.colcon_core.package_discovery:discover_packages(ignore) discover
[0.194s] Level 1:colcon.colcon_core.package_discovery:discover_packages(ignore) using defaults
[0.194s] Level 1:colcon.colcon_core.package_discovery:discover_packages(path) discover
[0.194s] Level 1:colcon.colcon_core.package_discovery:discover_packages(path) using defaults
[0.210s] INFO:colcon.colcon_core.package_selection:Skipping not selected package 'cfw11_ros2_control' in 'src/cfw11_ros2_control'
[0.210s] INFO:colcon.colcon_core.package_selection:Skipping not selected package 'my_rqt_speed_slider' in 'src/my_rqt_speed_slider'
[0.211s] Level 1:colcon.colcon_core.package_discovery:discover_packages(prefix_path) check parameters
[0.211s] Level 1:colcon.colcon_core.package_discovery:discover_packages(prefix_path) discover
[0.212s] WARNING:colcon.colcon_ros.prefix_path.ament:The path '/home/ciscor/CISCOR-projects/install/my_rqt_cfw11_gui' in the environment variable AMENT_PREFIX_PATH doesn't exist
[0.212s] WARNING:colcon.colcon_ros.prefix_path.ament:The path '/home/ciscor/CISCOR-projects/install/my_rqt_speed_slider' in the environment variable AMENT_PREFIX_PATH doesn't exist
[0.212s] WARNING:colcon.colcon_ros.prefix_path.ament:The path '/home/ciscor/CISCOR-projects/install/cfw11_ros2_control' in the environment variable AMENT_PREFIX_PATH doesn't exist
[0.213s] DEBUG:colcon.colcon_installed_package_information.package_discovery:Found 0 installed packages in /home/ciscor/CISCOR-projects/install
[0.214s] DEBUG:colcon.colcon_installed_package_information.package_discovery:Found 290 installed packages in /opt/ros/jazzy
[0.215s] Level 1:colcon.colcon_core.package_discovery:discover_packages(prefix_path) using defaults
[0.264s] Level 5:colcon.colcon_core.verb:set package 'my_rqt_cfw11_gui' build argument 'cmake_args' from command line to 'None'
[0.264s] Level 5:colcon.colcon_core.verb:set package 'my_rqt_cfw11_gui' build argument 'cmake_target' from command line to 'None'
[0.264s] Level 5:colcon.colcon_core.verb:set package 'my_rqt_cfw11_gui' build argument 'cmake_target_skip_unavailable' from command line to 'False'
[0.264s] Level 5:colcon.colcon_core.verb:set package 'my_rqt_cfw11_gui' build argument 'cmake_clean_cache' from command line to 'False'
[0.264s] Level 5:colcon.colcon_core.verb:set package 'my_rqt_cfw11_gui' build argument 'cmake_clean_first' from command line to 'False'
[0.264s] Level 5:colcon.colcon_core.verb:set package 'my_rqt_cfw11_gui' build argument 'cmake_force_configure' from command line to 'False'
[0.264s] Level 5:colcon.colcon_core.verb:set package 'my_rqt_cfw11_gui' build argument 'ament_cmake_args' from command line to 'None'
[0.264s] Level 5:colcon.colcon_core.verb:set package 'my_rqt_cfw11_gui' build argument 'catkin_cmake_args' from command line to 'None'
[0.264s] Level 5:colcon.colcon_core.verb:set package 'my_rqt_cfw11_gui' build argument 'catkin_skip_building_tests' from command line to 'False'
[0.264s] DEBUG:colcon.colcon_core.verb:Building package 'my_rqt_cfw11_gui' with the following arguments: {'ament_cmake_args': None, 'build_base': '/home/ciscor/CISCOR-projects/build/my_rqt_cfw11_gui', 'catkin_cmake_args': None, 'catkin_skip_building_tests': False, 'cmake_args': None, 'cmake_clean_cache': False, 'cmake_clean_first': False, 'cmake_force_configure': False, 'cmake_target': None, 'cmake_target_skip_unavailable': False, 'install_base': '/home/ciscor/CISCOR-projects/install/my_rqt_cfw11_gui', 'merge_install': False, 'path': '/home/ciscor/CISCOR-projects/my_rqt_cfw11_gui', 'symlink_install': True, 'test_result_base': None}
[0.264s] INFO:colcon.colcon_core.executor:Executing jobs using 'parallel' executor
[0.266s] DEBUG:colcon.colcon_parallel_executor.executor.parallel:run_until_complete
[0.266s] INFO:colcon.colcon_ros.task.ament_python.build:Building ROS package in '/home/ciscor/CISCOR-projects/my_rqt_cfw11_gui' with build type 'ament_python'
[0.266s] Level 1:colcon.colcon_core.shell:create_environment_hook('my_rqt_cfw11_gui', 'ament_prefix_path')
[0.268s] INFO:colcon.colcon_core.plugin_system:Skipping extension 'colcon_core.shell.bat': Not used on non-Windows systems
[0.268s] INFO:colcon.colcon_core.shell:Creating environment hook '/home/ciscor/CISCOR-projects/install/my_rqt_cfw11_gui/share/my_rqt_cfw11_gui/hook/ament_prefix_path.ps1'
[0.269s] INFO:colcon.colcon_core.shell:Creating environment descriptor '/home/ciscor/CISCOR-projects/install/my_rqt_cfw11_gui/share/my_rqt_cfw11_gui/hook/ament_prefix_path.dsv'
[0.269s] INFO:colcon.colcon_core.shell:Creating environment hook '/home/ciscor/CISCOR-projects/install/my_rqt_cfw11_gui/share/my_rqt_cfw11_gui/hook/ament_prefix_path.sh'
[0.270s] INFO:colcon.colcon_core.shell:Skip shell extension 'powershell' for command environment: Not usable outside of PowerShell
[0.270s] DEBUG:colcon.colcon_core.shell:Skip shell extension 'dsv' for command environment
[0.508s] WARNING:colcon.colcon_ros.task.ament_python.build:Package 'my_rqt_cfw11_gui' doesn't explicitly install a marker in the package index (colcon-ros currently does it implicitly but that fallback will be removed in the future)
[0.509s] WARNING:colcon.colcon_ros.task.ament_python.build:Package 'my_rqt_cfw11_gui' doesn't explicitly install the 'package.xml' file (colcon-ros currently does it implicitly but that fallback will be removed in the future)
[0.509s] INFO:colcon.colcon_core.task.python.build:Building Python package in '/home/ciscor/CISCOR-projects/my_rqt_cfw11_gui'
[0.509s] INFO:colcon.colcon_core.shell:Skip shell extension 'powershell' for command environment: Not usable outside of PowerShell
[0.509s] DEBUG:colcon.colcon_core.shell:Skip shell extension 'dsv' for command environment
[1.179s] DEBUG:colcon.colcon_core.event_handler.log_command:Invoking command in '/home/ciscor/CISCOR-projects/build/my_rqt_cfw11_gui': DEBUGINFOD_URLS=https://debuginfod.ubuntu.com PYTHONPATH=/home/ciscor/CISCOR-projects/build/my_rqt_cfw11_gui/prefix_override:/usr/lib/python3/dist-packages/colcon_core/task/python/colcon_distutils_commands:/home/ciscor/CISCOR-projects/install/my_rqt_cfw11_gui/lib/python3.12/site-packages:${PYTHONPATH} /usr/bin/python3 -W ignore:setup.py install is deprecated -W ignore:easy_install command is deprecated setup.py develop --editable --build-directory /home/ciscor/CISCOR-projects/build/my_rqt_cfw11_gui/build --no-deps symlink_data
[2.003s] Level 1:colcon.colcon_core.shell:create_environment_hook('my_rqt_cfw11_gui', 'pythonpath_develop')
[2.004s] INFO:colcon.colcon_core.shell:Creating environment hook '/home/ciscor/CISCOR-projects/build/my_rqt_cfw11_gui/share/my_rqt_cfw11_gui/hook/pythonpath_develop.ps1'
[2.004s] INFO:colcon.colcon_core.shell:Creating environment descriptor '/home/ciscor/CISCOR-projects/build/my_rqt_cfw11_gui/share/my_rqt_cfw11_gui/hook/pythonpath_develop.dsv'
[2.005s] INFO:colcon.colcon_core.shell:Creating environment hook '/home/ciscor/CISCOR-projects/build/my_rqt_cfw11_gui/share/my_rqt_cfw11_gui/hook/pythonpath_develop.sh'
[2.007s] DEBUG:colcon.colcon_core.event_handler.log_command:Invoked command in '/home/ciscor/CISCOR-projects/build/my_rqt_cfw11_gui' returned '0': DEBUGINFOD_URLS=https://debuginfod.ubuntu.com PYTHONPATH=/home/ciscor/CISCOR-projects/build/my_rqt_cfw11_gui/prefix_override:/usr/lib/python3/dist-packages/colcon_core/task/python/colcon_distutils_commands:/home/ciscor/CISCOR-projects/install/my_rqt_cfw11_gui/lib/python3.12/site-packages:${PYTHONPATH} /usr/bin/python3 -W ignore:setup.py install is deprecated -W ignore:easy_install command is deprecated setup.py develop --editable --build-directory /home/ciscor/CISCOR-projects/build/my_rqt_cfw11_gui/build --no-deps symlink_data
[2.008s] Level 1:colcon.colcon_core.environment:checking '/home/ciscor/CISCOR-projects/install/my_rqt_cfw11_gui' for CMake module files
[2.010s] Level 1:colcon.colcon_core.environment:checking '/home/ciscor/CISCOR-projects/install/my_rqt_cfw11_gui' for CMake config files
[2.011s] Level 1:colcon.colcon_core.environment:checking '/home/ciscor/CISCOR-projects/install/my_rqt_cfw11_gui/lib'
[2.011s] Level 1:colcon.colcon_core.environment:checking '/home/ciscor/CISCOR-projects/install/my_rqt_cfw11_gui/bin'
[2.011s] Level 1:colcon.colcon_core.environment:checking '/home/ciscor/CISCOR-projects/install/my_rqt_cfw11_gui/lib/pkgconfig/my_rqt_cfw11_gui.pc'
[2.011s] Level 1:colcon.colcon_core.environment:checking '/home/ciscor/CISCOR-projects/install/my_rqt_cfw11_gui/lib/python3.12/site-packages'
[2.011s] Level 1:colcon.colcon_core.shell:create_environment_hook('my_rqt_cfw11_gui', 'pythonpath')
[2.012s] INFO:colcon.colcon_core.shell:Creating environment hook '/home/ciscor/CISCOR-projects/install/my_rqt_cfw11_gui/share/my_rqt_cfw11_gui/hook/pythonpath.ps1'
[2.012s] INFO:colcon.colcon_core.shell:Creating environment descriptor '/home/ciscor/CISCOR-projects/install/my_rqt_cfw11_gui/share/my_rqt_cfw11_gui/hook/pythonpath.dsv'
[2.013s] INFO:colcon.colcon_core.shell:Creating environment hook '/home/ciscor/CISCOR-projects/install/my_rqt_cfw11_gui/share/my_rqt_cfw11_gui/hook/pythonpath.sh'
[2.013s] Level 1:colcon.colcon_core.environment:checking '/home/ciscor/CISCOR-projects/install/my_rqt_cfw11_gui/bin'
[2.013s] Level 1:colcon.colcon_core.environment:create_environment_scripts_only(my_rqt_cfw11_gui)
[2.013s] INFO:colcon.colcon_core.shell:Creating package script '/home/ciscor/CISCOR-projects/install/my_rqt_cfw11_gui/share/my_rqt_cfw11_gui/package.ps1'
[2.014s] INFO:colcon.colcon_core.shell:Creating package descriptor '/home/ciscor/CISCOR-projects/install/my_rqt_cfw11_gui/share/my_rqt_cfw11_gui/package.dsv'
[2.015s] INFO:colcon.colcon_core.shell:Creating package script '/home/ciscor/CISCOR-projects/install/my_rqt_cfw11_gui/share/my_rqt_cfw11_gui/package.sh'
[2.016s] INFO:colcon.colcon_core.shell:Creating package script '/home/ciscor/CISCOR-projects/install/my_rqt_cfw11_gui/share/my_rqt_cfw11_gui/package.bash'
[2.017s] INFO:colcon.colcon_core.shell:Creating package script '/home/ciscor/CISCOR-projects/install/my_rqt_cfw11_gui/share/my_rqt_cfw11_gui/package.zsh'
[2.018s] Level 1:colcon.colcon_core.environment:create_file_with_runtime_dependencies(/home/ciscor/CISCOR-projects/install/my_rqt_cfw11_gui/share/colcon-core/packages/my_rqt_cfw11_gui)
[2.018s] DEBUG:colcon.colcon_parallel_executor.executor.parallel:closing loop
[2.019s] DEBUG:colcon.colcon_parallel_executor.executor.parallel:loop closed
[2.019s] DEBUG:colcon.colcon_parallel_executor.executor.parallel:run_until_complete finished with '0'
[2.019s] DEBUG:colcon.colcon_core.event_reactor:joining thread
[2.025s] INFO:colcon.colcon_core.plugin_system:Skipping extension 'colcon_notification.desktop_notification.terminal_notifier': Not used on non-Darwin systems
[2.025s] INFO:colcon.colcon_core.plugin_system:Skipping extension 'colcon_notification.desktop_notification.win32': Not used on non-Windows systems
[2.025s] INFO:colcon.colcon_notification.desktop_notification:Sending desktop notification using 'notify2'
[2.047s] DEBUG:colcon.colcon_core.event_reactor:joined thread
[2.047s] INFO:colcon.colcon_core.shell:Creating prefix script '/home/ciscor/CISCOR-projects/install/local_setup.ps1'
[2.048s] INFO:colcon.colcon_core.shell:Creating prefix util module '/home/ciscor/CISCOR-projects/install/_local_setup_util_ps1.py'
[2.050s] INFO:colcon.colcon_core.shell:Creating prefix chain script '/home/ciscor/CISCOR-projects/install/setup.ps1'
[2.051s] INFO:colcon.colcon_core.shell:Creating prefix script '/home/ciscor/CISCOR-projects/install/local_setup.sh'
[2.052s] INFO:colcon.colcon_core.shell:Creating prefix util module '/home/ciscor/CISCOR-projects/install/_local_setup_util_sh.py'
[2.053s] INFO:colcon.colcon_core.shell:Creating prefix chain script '/home/ciscor/CISCOR-projects/install/setup.sh'
[2.054s] INFO:colcon.colcon_core.shell:Creating prefix script '/home/ciscor/CISCOR-projects/install/local_setup.bash'
[2.054s] INFO:colcon.colcon_core.shell:Creating prefix chain script '/home/ciscor/CISCOR-projects/install/setup.bash'
[2.059s] INFO:colcon.colcon_core.shell:Creating prefix script '/home/ciscor/CISCOR-projects/install/local_setup.zsh'
[2.060s] INFO:colcon.colcon_core.shell:Creating prefix chain script '/home/ciscor/CISCOR-projects/install/setup.zsh'
