[1.470s] Invoking command in '/home/ciscor/CISCOR-projects/src/my_rqt_speed_slider': DEBUGINFOD_URLS=https://debuginfod.ubuntu.com PYTHONPATH=/home/ciscor/CISCOR-projects/build/my_rqt_speed_slider/prefix_override:/usr/lib/python3/dist-packages/colcon_core/task/python/colcon_distutils_commands:/home/ciscor/CISCOR-projects/install/my_rqt_speed_slider/lib/python3.12/site-packages:${PYTHONPATH} /usr/bin/python3 -W ignore:setup.py install is deprecated -W ignore:easy_install command is deprecated setup.py egg_info --egg-base ../../build/my_rqt_speed_slider build --build-base /home/ciscor/CISCOR-projects/build/my_rqt_speed_slider/build install --record /home/ciscor/CISCOR-projects/build/my_rqt_speed_slider/install.log --single-version-externally-managed install_data
[1.801s] running egg_info
[1.801s] creating ../../build/my_rqt_speed_slider/my_rqt_speed_slider.egg-info
[1.828s] writing ../../build/my_rqt_speed_slider/my_rqt_speed_slider.egg-info/PKG-INFO
[1.828s] writing dependency_links to ../../build/my_rqt_speed_slider/my_rqt_speed_slider.egg-info/dependency_links.txt
[1.828s] writing requirements to ../../build/my_rqt_speed_slider/my_rqt_speed_slider.egg-info/requires.txt
[1.828s] writing top-level names to ../../build/my_rqt_speed_slider/my_rqt_speed_slider.egg-info/top_level.txt
[1.828s] writing manifest file '../../build/my_rqt_speed_slider/my_rqt_speed_slider.egg-info/SOURCES.txt'
[1.879s] reading manifest file '../../build/my_rqt_speed_slider/my_rqt_speed_slider.egg-info/SOURCES.txt'
[1.880s] writing manifest file '../../build/my_rqt_speed_slider/my_rqt_speed_slider.egg-info/SOURCES.txt'
[1.880s] running build
[1.880s] running build_py
[1.880s] creating /home/ciscor/CISCOR-projects/build/my_rqt_speed_slider/build
[1.880s] creating /home/ciscor/CISCOR-projects/build/my_rqt_speed_slider/build/lib
[1.880s] creating /home/ciscor/CISCOR-projects/build/my_rqt_speed_slider/build/lib/my_rqt_speed_slider
[1.880s] copying my_rqt_speed_slider/__init__.py -> /home/ciscor/CISCOR-projects/build/my_rqt_speed_slider/build/lib/my_rqt_speed_slider
[1.880s] running install
[1.886s] running install_lib
[1.911s] creating /home/ciscor/CISCOR-projects/install/my_rqt_speed_slider/lib/python3.12/site-packages/my_rqt_speed_slider
[1.912s] copying /home/ciscor/CISCOR-projects/build/my_rqt_speed_slider/build/lib/my_rqt_speed_slider/__init__.py -> /home/ciscor/CISCOR-projects/install/my_rqt_speed_slider/lib/python3.12/site-packages/my_rqt_speed_slider
[1.912s] byte-compiling /home/ciscor/CISCOR-projects/install/my_rqt_speed_slider/lib/python3.12/site-packages/my_rqt_speed_slider/__init__.py to __init__.cpython-312.pyc
[1.912s] running install_data
[1.913s] creating /home/ciscor/CISCOR-projects/install/my_rqt_speed_slider/share/ament_index
[1.914s] creating /home/ciscor/CISCOR-projects/install/my_rqt_speed_slider/share/ament_index/resource_index
[1.914s] creating /home/ciscor/CISCOR-projects/install/my_rqt_speed_slider/share/ament_index/resource_index/packages
[1.914s] copying resource/my_rqt_speed_slider -> /home/ciscor/CISCOR-projects/install/my_rqt_speed_slider/share/ament_index/resource_index/packages
[1.914s] copying package.xml -> /home/ciscor/CISCOR-projects/install/my_rqt_speed_slider/share/my_rqt_speed_slider
[1.914s] running install_egg_info
[1.940s] Copying ../../build/my_rqt_speed_slider/my_rqt_speed_slider.egg-info to /home/ciscor/CISCOR-projects/install/my_rqt_speed_slider/lib/python3.12/site-packages/my_rqt_speed_slider-0.0.0-py3.12.egg-info
[1.941s] running install_scripts
[2.115s] writing list of installed files to '/home/ciscor/CISCOR-projects/build/my_rqt_speed_slider/install.log'
[2.160s] Invoked command in '/home/ciscor/CISCOR-projects/src/my_rqt_speed_slider' returned '0': DEBUGINFOD_URLS=https://debuginfod.ubuntu.com PYTHONPATH=/home/ciscor/CISCOR-projects/build/my_rqt_speed_slider/prefix_override:/usr/lib/python3/dist-packages/colcon_core/task/python/colcon_distutils_commands:/home/ciscor/CISCOR-projects/install/my_rqt_speed_slider/lib/python3.12/site-packages:${PYTHONPATH} /usr/bin/python3 -W ignore:setup.py install is deprecated -W ignore:easy_install command is deprecated setup.py egg_info --egg-base ../../build/my_rqt_speed_slider build --build-base /home/ciscor/CISCOR-projects/build/my_rqt_speed_slider/build install --record /home/ciscor/CISCOR-projects/build/my_rqt_speed_slider/install.log --single-version-externally-managed install_data
