[1.468s] Invoking command in '/home/ciscor/CISCOR-projects/build/my_rqt_cfw11_gui': DEBUGINFOD_URLS=https://debuginfod.ubuntu.com PYTHONPATH=/home/ciscor/CISCOR-projects/build/my_rqt_cfw11_gui/prefix_override:/usr/lib/python3/dist-packages/colcon_core/task/python/colcon_distutils_commands:/home/ciscor/CISCOR-projects/install/my_rqt_cfw11_gui/lib/python3.12/site-packages:${PYTHONPATH} /usr/bin/python3 -W ignore:setup.py install is deprecated -W ignore:easy_install command is deprecated setup.py develop --uninstall --editable --build-directory /home/ciscor/CISCOR-projects/build/my_rqt_cfw11_gui/build
[1.827s] running develop
[2.070s] Removing /home/ciscor/CISCOR-projects/install/my_rqt_cfw11_gui/lib/python3.12/site-packages/my-rqt-cfw11-gui.egg-link (link to .)
[2.142s] Invoked command in '/home/ciscor/CISCOR-projects/build/my_rqt_cfw11_gui' returned '0': DEBUGINFOD_URLS=https://debuginfod.ubuntu.com PYTHONPATH=/home/ciscor/CISCOR-projects/build/my_rqt_cfw11_gui/prefix_override:/usr/lib/python3/dist-packages/colcon_core/task/python/colcon_distutils_commands:/home/ciscor/CISCOR-projects/install/my_rqt_cfw11_gui/lib/python3.12/site-packages:${PYTHONPATH} /usr/bin/python3 -W ignore:setup.py install is deprecated -W ignore:easy_install command is deprecated setup.py develop --uninstall --editable --build-directory /home/ciscor/CISCOR-projects/build/my_rqt_cfw11_gui/build
[2.143s] Invoking command in '/home/ciscor/CISCOR-projects/my_rqt_cfw11_gui': DEBUGINFOD_URLS=https://debuginfod.ubuntu.com PYTHONPATH=/home/ciscor/CISCOR-projects/build/my_rqt_cfw11_gui/prefix_override:/usr/lib/python3/dist-packages/colcon_core/task/python/colcon_distutils_commands:/home/ciscor/CISCOR-projects/install/my_rqt_cfw11_gui/lib/python3.12/site-packages:${PYTHONPATH} /usr/bin/python3 -W ignore:setup.py install is deprecated -W ignore:easy_install command is deprecated setup.py egg_info --egg-base ../build/my_rqt_cfw11_gui build --build-base /home/ciscor/CISCOR-projects/build/my_rqt_cfw11_gui/build install --record /home/ciscor/CISCOR-projects/build/my_rqt_cfw11_gui/install.log --single-version-externally-managed install_data --force
[2.467s] running egg_info
[2.491s] writing ../build/my_rqt_cfw11_gui/my_rqt_cfw11_gui.egg-info/PKG-INFO
[2.491s] writing dependency_links to ../build/my_rqt_cfw11_gui/my_rqt_cfw11_gui.egg-info/dependency_links.txt
[2.492s] writing entry points to ../build/my_rqt_cfw11_gui/my_rqt_cfw11_gui.egg-info/entry_points.txt
[2.492s] writing requirements to ../build/my_rqt_cfw11_gui/my_rqt_cfw11_gui.egg-info/requires.txt
[2.492s] writing top-level names to ../build/my_rqt_cfw11_gui/my_rqt_cfw11_gui.egg-info/top_level.txt
[2.516s] reading manifest file '../build/my_rqt_cfw11_gui/my_rqt_cfw11_gui.egg-info/SOURCES.txt'
[2.517s] writing manifest file '../build/my_rqt_cfw11_gui/my_rqt_cfw11_gui.egg-info/SOURCES.txt'
[2.517s] running build
[2.517s] running install
[2.523s] running install_data
[2.523s] copying plugin.xml -> /home/ciscor/CISCOR-projects/install/my_rqt_cfw11_gui/share/my_rqt_cfw11_gui
[2.524s] running install_egg_info
[2.571s] Copying ../build/my_rqt_cfw11_gui/my_rqt_cfw11_gui.egg-info to /home/ciscor/CISCOR-projects/install/my_rqt_cfw11_gui/lib/python3.12/site-packages/my_rqt_cfw11_gui-0.1.0-py3.12.egg-info
[2.572s] running install_scripts
[2.727s] writing list of installed files to '/home/ciscor/CISCOR-projects/build/my_rqt_cfw11_gui/install.log'
[2.760s] Invoked command in '/home/ciscor/CISCOR-projects/my_rqt_cfw11_gui' returned '0': DEBUGINFOD_URLS=https://debuginfod.ubuntu.com PYTHONPATH=/home/ciscor/CISCOR-projects/build/my_rqt_cfw11_gui/prefix_override:/usr/lib/python3/dist-packages/colcon_core/task/python/colcon_distutils_commands:/home/ciscor/CISCOR-projects/install/my_rqt_cfw11_gui/lib/python3.12/site-packages:${PYTHONPATH} /usr/bin/python3 -W ignore:setup.py install is deprecated -W ignore:easy_install command is deprecated setup.py egg_info --egg-base ../build/my_rqt_cfw11_gui build --build-base /home/ciscor/CISCOR-projects/build/my_rqt_cfw11_gui/build install --record /home/ciscor/CISCOR-projects/build/my_rqt_cfw11_gui/install.log --single-version-externally-managed install_data --force
